   1              		.cpu cortex-m0
   2              		.fpu softvfp
   3              		.eabi_attribute 20, 1
   4              		.eabi_attribute 21, 1
   5              		.eabi_attribute 23, 3
   6              		.eabi_attribute 24, 1
   7              		.eabi_attribute 25, 1
   8              		.eabi_attribute 26, 1
   9              		.eabi_attribute 30, 2
  10              		.eabi_attribute 34, 0
  11              		.eabi_attribute 18, 4
  12              		.code	16
  13              		.file	"vectors.c"
  14              		.text
  15              	.Ltext0:
  16              		.cfi_sections	.debug_frame
  17              		.section	.text.default_isr,"ax",%progbits
  18              		.align	2
  19              		.global	default_isr
  20              		.code	16
  21              		.thumb_func
  23              	default_isr:
  24              	.LFB0:
  25              		.file 1 "D:/kuaipan/SEMG/MEMS_SEMG_KL25/KL25 Sample Code_I2c/KL25 Sample Code/kl25_sc_rev10/klxx-s
   1:D:/kuaipan/SEMG/MEMS_SEMG_KL25/KL25 Sample Code_I2c/KL25 Sample Code/kl25_sc_rev10/klxx-sc-baremetal/src/cpu\vectors.c **** /******************************************************************************
   2:D:/kuaipan/SEMG/MEMS_SEMG_KL25/KL25 Sample Code_I2c/KL25 Sample Code/kl25_sc_rev10/klxx-sc-baremetal/src/cpu\vectors.c **** * File:    vectors.c
   3:D:/kuaipan/SEMG/MEMS_SEMG_KL25/KL25 Sample Code_I2c/KL25 Sample Code/kl25_sc_rev10/klxx-sc-baremetal/src/cpu\vectors.c **** *
   4:D:/kuaipan/SEMG/MEMS_SEMG_KL25/KL25 Sample Code_I2c/KL25 Sample Code/kl25_sc_rev10/klxx-sc-baremetal/src/cpu\vectors.c **** * Purpose: Configure interrupt vector table for Kinetis.
   5:D:/kuaipan/SEMG/MEMS_SEMG_KL25/KL25 Sample Code_I2c/KL25 Sample Code/kl25_sc_rev10/klxx-sc-baremetal/src/cpu\vectors.c **** ******************************************************************************/
   6:D:/kuaipan/SEMG/MEMS_SEMG_KL25/KL25 Sample Code_I2c/KL25 Sample Code/kl25_sc_rev10/klxx-sc-baremetal/src/cpu\vectors.c **** 
   7:D:/kuaipan/SEMG/MEMS_SEMG_KL25/KL25 Sample Code_I2c/KL25 Sample Code/kl25_sc_rev10/klxx-sc-baremetal/src/cpu\vectors.c **** #include "vectors.h"
   8:D:/kuaipan/SEMG/MEMS_SEMG_KL25/KL25 Sample Code_I2c/KL25 Sample Code/kl25_sc_rev10/klxx-sc-baremetal/src/cpu\vectors.c **** #include "isr.h"
   9:D:/kuaipan/SEMG/MEMS_SEMG_KL25/KL25 Sample Code_I2c/KL25 Sample Code/kl25_sc_rev10/klxx-sc-baremetal/src/cpu\vectors.c **** #include "common.h"
  10:D:/kuaipan/SEMG/MEMS_SEMG_KL25/KL25 Sample Code_I2c/KL25 Sample Code/kl25_sc_rev10/klxx-sc-baremetal/src/cpu\vectors.c **** 
  11:D:/kuaipan/SEMG/MEMS_SEMG_KL25/KL25 Sample Code_I2c/KL25 Sample Code/kl25_sc_rev10/klxx-sc-baremetal/src/cpu\vectors.c **** /******************************************************************************
  12:D:/kuaipan/SEMG/MEMS_SEMG_KL25/KL25 Sample Code_I2c/KL25 Sample Code/kl25_sc_rev10/klxx-sc-baremetal/src/cpu\vectors.c **** * Vector Table
  13:D:/kuaipan/SEMG/MEMS_SEMG_KL25/KL25 Sample Code_I2c/KL25 Sample Code/kl25_sc_rev10/klxx-sc-baremetal/src/cpu\vectors.c **** ******************************************************************************/
  14:D:/kuaipan/SEMG/MEMS_SEMG_KL25/KL25 Sample Code_I2c/KL25 Sample Code/kl25_sc_rev10/klxx-sc-baremetal/src/cpu\vectors.c **** typedef void (*vector_entry)(void);
  15:D:/kuaipan/SEMG/MEMS_SEMG_KL25/KL25 Sample Code_I2c/KL25 Sample Code/kl25_sc_rev10/klxx-sc-baremetal/src/cpu\vectors.c **** 
  16:D:/kuaipan/SEMG/MEMS_SEMG_KL25/KL25 Sample Code_I2c/KL25 Sample Code/kl25_sc_rev10/klxx-sc-baremetal/src/cpu\vectors.c **** #if (defined(KEIL))
  17:D:/kuaipan/SEMG/MEMS_SEMG_KL25/KL25 Sample Code_I2c/KL25 Sample Code/kl25_sc_rev10/klxx-sc-baremetal/src/cpu\vectors.c **** const vector_entry  __vector_table[] = //@ ".intvec" =
  18:D:/kuaipan/SEMG/MEMS_SEMG_KL25/KL25 Sample Code_I2c/KL25 Sample Code/kl25_sc_rev10/klxx-sc-baremetal/src/cpu\vectors.c **** #elif (defined(IAR))
  19:D:/kuaipan/SEMG/MEMS_SEMG_KL25/KL25 Sample Code_I2c/KL25 Sample Code/kl25_sc_rev10/klxx-sc-baremetal/src/cpu\vectors.c **** #pragma location = ".intvec"
  20:D:/kuaipan/SEMG/MEMS_SEMG_KL25/KL25 Sample Code_I2c/KL25 Sample Code/kl25_sc_rev10/klxx-sc-baremetal/src/cpu\vectors.c **** const vector_entry  __vector_table[] = //@ ".intvec" =
  21:D:/kuaipan/SEMG/MEMS_SEMG_KL25/KL25 Sample Code_I2c/KL25 Sample Code/kl25_sc_rev10/klxx-sc-baremetal/src/cpu\vectors.c **** #elif (defined(CW))
  22:D:/kuaipan/SEMG/MEMS_SEMG_KL25/KL25 Sample Code_I2c/KL25 Sample Code/kl25_sc_rev10/klxx-sc-baremetal/src/cpu\vectors.c **** const vector_entry __attribute__ ((section(".vectortable"))) __vector_table[] = //@ ".intvec" =
  23:D:/kuaipan/SEMG/MEMS_SEMG_KL25/KL25 Sample Code_I2c/KL25 Sample Code/kl25_sc_rev10/klxx-sc-baremetal/src/cpu\vectors.c **** #endif
  24:D:/kuaipan/SEMG/MEMS_SEMG_KL25/KL25 Sample Code_I2c/KL25 Sample Code/kl25_sc_rev10/klxx-sc-baremetal/src/cpu\vectors.c **** {
  25:D:/kuaipan/SEMG/MEMS_SEMG_KL25/KL25 Sample Code_I2c/KL25 Sample Code/kl25_sc_rev10/klxx-sc-baremetal/src/cpu\vectors.c ****    VECTOR_000,           /* Initial SP           */
  26:D:/kuaipan/SEMG/MEMS_SEMG_KL25/KL25 Sample Code_I2c/KL25 Sample Code/kl25_sc_rev10/klxx-sc-baremetal/src/cpu\vectors.c ****    VECTOR_001,           /* Initial PC           */
  27:D:/kuaipan/SEMG/MEMS_SEMG_KL25/KL25 Sample Code_I2c/KL25 Sample Code/kl25_sc_rev10/klxx-sc-baremetal/src/cpu\vectors.c ****    VECTOR_002,
  28:D:/kuaipan/SEMG/MEMS_SEMG_KL25/KL25 Sample Code_I2c/KL25 Sample Code/kl25_sc_rev10/klxx-sc-baremetal/src/cpu\vectors.c ****    VECTOR_003,
  29:D:/kuaipan/SEMG/MEMS_SEMG_KL25/KL25 Sample Code_I2c/KL25 Sample Code/kl25_sc_rev10/klxx-sc-baremetal/src/cpu\vectors.c ****    VECTOR_004,
  30:D:/kuaipan/SEMG/MEMS_SEMG_KL25/KL25 Sample Code_I2c/KL25 Sample Code/kl25_sc_rev10/klxx-sc-baremetal/src/cpu\vectors.c ****    VECTOR_005,
  31:D:/kuaipan/SEMG/MEMS_SEMG_KL25/KL25 Sample Code_I2c/KL25 Sample Code/kl25_sc_rev10/klxx-sc-baremetal/src/cpu\vectors.c ****    VECTOR_006,
  32:D:/kuaipan/SEMG/MEMS_SEMG_KL25/KL25 Sample Code_I2c/KL25 Sample Code/kl25_sc_rev10/klxx-sc-baremetal/src/cpu\vectors.c ****    VECTOR_007,
  33:D:/kuaipan/SEMG/MEMS_SEMG_KL25/KL25 Sample Code_I2c/KL25 Sample Code/kl25_sc_rev10/klxx-sc-baremetal/src/cpu\vectors.c ****    VECTOR_008,
  34:D:/kuaipan/SEMG/MEMS_SEMG_KL25/KL25 Sample Code_I2c/KL25 Sample Code/kl25_sc_rev10/klxx-sc-baremetal/src/cpu\vectors.c ****    VECTOR_009,
  35:D:/kuaipan/SEMG/MEMS_SEMG_KL25/KL25 Sample Code_I2c/KL25 Sample Code/kl25_sc_rev10/klxx-sc-baremetal/src/cpu\vectors.c ****    VECTOR_010,
  36:D:/kuaipan/SEMG/MEMS_SEMG_KL25/KL25 Sample Code_I2c/KL25 Sample Code/kl25_sc_rev10/klxx-sc-baremetal/src/cpu\vectors.c ****    VECTOR_011,
  37:D:/kuaipan/SEMG/MEMS_SEMG_KL25/KL25 Sample Code_I2c/KL25 Sample Code/kl25_sc_rev10/klxx-sc-baremetal/src/cpu\vectors.c ****    VECTOR_012,
  38:D:/kuaipan/SEMG/MEMS_SEMG_KL25/KL25 Sample Code_I2c/KL25 Sample Code/kl25_sc_rev10/klxx-sc-baremetal/src/cpu\vectors.c ****    VECTOR_013,
  39:D:/kuaipan/SEMG/MEMS_SEMG_KL25/KL25 Sample Code_I2c/KL25 Sample Code/kl25_sc_rev10/klxx-sc-baremetal/src/cpu\vectors.c ****    VECTOR_014,
  40:D:/kuaipan/SEMG/MEMS_SEMG_KL25/KL25 Sample Code_I2c/KL25 Sample Code/kl25_sc_rev10/klxx-sc-baremetal/src/cpu\vectors.c ****    VECTOR_015,
  41:D:/kuaipan/SEMG/MEMS_SEMG_KL25/KL25 Sample Code_I2c/KL25 Sample Code/kl25_sc_rev10/klxx-sc-baremetal/src/cpu\vectors.c ****    VECTOR_016,
  42:D:/kuaipan/SEMG/MEMS_SEMG_KL25/KL25 Sample Code_I2c/KL25 Sample Code/kl25_sc_rev10/klxx-sc-baremetal/src/cpu\vectors.c ****    VECTOR_017,
  43:D:/kuaipan/SEMG/MEMS_SEMG_KL25/KL25 Sample Code_I2c/KL25 Sample Code/kl25_sc_rev10/klxx-sc-baremetal/src/cpu\vectors.c ****    VECTOR_018,
  44:D:/kuaipan/SEMG/MEMS_SEMG_KL25/KL25 Sample Code_I2c/KL25 Sample Code/kl25_sc_rev10/klxx-sc-baremetal/src/cpu\vectors.c ****    VECTOR_019,
  45:D:/kuaipan/SEMG/MEMS_SEMG_KL25/KL25 Sample Code_I2c/KL25 Sample Code/kl25_sc_rev10/klxx-sc-baremetal/src/cpu\vectors.c ****    VECTOR_020,
  46:D:/kuaipan/SEMG/MEMS_SEMG_KL25/KL25 Sample Code_I2c/KL25 Sample Code/kl25_sc_rev10/klxx-sc-baremetal/src/cpu\vectors.c ****    VECTOR_021,
  47:D:/kuaipan/SEMG/MEMS_SEMG_KL25/KL25 Sample Code_I2c/KL25 Sample Code/kl25_sc_rev10/klxx-sc-baremetal/src/cpu\vectors.c ****    VECTOR_022,
  48:D:/kuaipan/SEMG/MEMS_SEMG_KL25/KL25 Sample Code_I2c/KL25 Sample Code/kl25_sc_rev10/klxx-sc-baremetal/src/cpu\vectors.c ****    VECTOR_023,
  49:D:/kuaipan/SEMG/MEMS_SEMG_KL25/KL25 Sample Code_I2c/KL25 Sample Code/kl25_sc_rev10/klxx-sc-baremetal/src/cpu\vectors.c ****    VECTOR_024,
  50:D:/kuaipan/SEMG/MEMS_SEMG_KL25/KL25 Sample Code_I2c/KL25 Sample Code/kl25_sc_rev10/klxx-sc-baremetal/src/cpu\vectors.c ****    VECTOR_025,
  51:D:/kuaipan/SEMG/MEMS_SEMG_KL25/KL25 Sample Code_I2c/KL25 Sample Code/kl25_sc_rev10/klxx-sc-baremetal/src/cpu\vectors.c ****    VECTOR_026,
  52:D:/kuaipan/SEMG/MEMS_SEMG_KL25/KL25 Sample Code_I2c/KL25 Sample Code/kl25_sc_rev10/klxx-sc-baremetal/src/cpu\vectors.c ****    VECTOR_027,
  53:D:/kuaipan/SEMG/MEMS_SEMG_KL25/KL25 Sample Code_I2c/KL25 Sample Code/kl25_sc_rev10/klxx-sc-baremetal/src/cpu\vectors.c ****    VECTOR_028,
  54:D:/kuaipan/SEMG/MEMS_SEMG_KL25/KL25 Sample Code_I2c/KL25 Sample Code/kl25_sc_rev10/klxx-sc-baremetal/src/cpu\vectors.c ****    VECTOR_029,
  55:D:/kuaipan/SEMG/MEMS_SEMG_KL25/KL25 Sample Code_I2c/KL25 Sample Code/kl25_sc_rev10/klxx-sc-baremetal/src/cpu\vectors.c ****    VECTOR_030,
  56:D:/kuaipan/SEMG/MEMS_SEMG_KL25/KL25 Sample Code_I2c/KL25 Sample Code/kl25_sc_rev10/klxx-sc-baremetal/src/cpu\vectors.c ****    VECTOR_031,
  57:D:/kuaipan/SEMG/MEMS_SEMG_KL25/KL25 Sample Code_I2c/KL25 Sample Code/kl25_sc_rev10/klxx-sc-baremetal/src/cpu\vectors.c ****    VECTOR_032,
  58:D:/kuaipan/SEMG/MEMS_SEMG_KL25/KL25 Sample Code_I2c/KL25 Sample Code/kl25_sc_rev10/klxx-sc-baremetal/src/cpu\vectors.c ****    VECTOR_033,
  59:D:/kuaipan/SEMG/MEMS_SEMG_KL25/KL25 Sample Code_I2c/KL25 Sample Code/kl25_sc_rev10/klxx-sc-baremetal/src/cpu\vectors.c ****    VECTOR_034,
  60:D:/kuaipan/SEMG/MEMS_SEMG_KL25/KL25 Sample Code_I2c/KL25 Sample Code/kl25_sc_rev10/klxx-sc-baremetal/src/cpu\vectors.c ****    VECTOR_035,
  61:D:/kuaipan/SEMG/MEMS_SEMG_KL25/KL25 Sample Code_I2c/KL25 Sample Code/kl25_sc_rev10/klxx-sc-baremetal/src/cpu\vectors.c ****    VECTOR_036,
  62:D:/kuaipan/SEMG/MEMS_SEMG_KL25/KL25 Sample Code_I2c/KL25 Sample Code/kl25_sc_rev10/klxx-sc-baremetal/src/cpu\vectors.c ****    VECTOR_037,
  63:D:/kuaipan/SEMG/MEMS_SEMG_KL25/KL25 Sample Code_I2c/KL25 Sample Code/kl25_sc_rev10/klxx-sc-baremetal/src/cpu\vectors.c ****    VECTOR_038,
  64:D:/kuaipan/SEMG/MEMS_SEMG_KL25/KL25 Sample Code_I2c/KL25 Sample Code/kl25_sc_rev10/klxx-sc-baremetal/src/cpu\vectors.c ****    VECTOR_039,
  65:D:/kuaipan/SEMG/MEMS_SEMG_KL25/KL25 Sample Code_I2c/KL25 Sample Code/kl25_sc_rev10/klxx-sc-baremetal/src/cpu\vectors.c ****    VECTOR_040,
  66:D:/kuaipan/SEMG/MEMS_SEMG_KL25/KL25 Sample Code_I2c/KL25 Sample Code/kl25_sc_rev10/klxx-sc-baremetal/src/cpu\vectors.c ****    VECTOR_041,
  67:D:/kuaipan/SEMG/MEMS_SEMG_KL25/KL25 Sample Code_I2c/KL25 Sample Code/kl25_sc_rev10/klxx-sc-baremetal/src/cpu\vectors.c ****    VECTOR_042,
  68:D:/kuaipan/SEMG/MEMS_SEMG_KL25/KL25 Sample Code_I2c/KL25 Sample Code/kl25_sc_rev10/klxx-sc-baremetal/src/cpu\vectors.c ****    VECTOR_043,
  69:D:/kuaipan/SEMG/MEMS_SEMG_KL25/KL25 Sample Code_I2c/KL25 Sample Code/kl25_sc_rev10/klxx-sc-baremetal/src/cpu\vectors.c ****    VECTOR_044,
  70:D:/kuaipan/SEMG/MEMS_SEMG_KL25/KL25 Sample Code_I2c/KL25 Sample Code/kl25_sc_rev10/klxx-sc-baremetal/src/cpu\vectors.c ****    VECTOR_045,
  71:D:/kuaipan/SEMG/MEMS_SEMG_KL25/KL25 Sample Code_I2c/KL25 Sample Code/kl25_sc_rev10/klxx-sc-baremetal/src/cpu\vectors.c ****    VECTOR_046,
  72:D:/kuaipan/SEMG/MEMS_SEMG_KL25/KL25 Sample Code_I2c/KL25 Sample Code/kl25_sc_rev10/klxx-sc-baremetal/src/cpu\vectors.c ****    VECTOR_047,
  73:D:/kuaipan/SEMG/MEMS_SEMG_KL25/KL25 Sample Code_I2c/KL25 Sample Code/kl25_sc_rev10/klxx-sc-baremetal/src/cpu\vectors.c ****    VECTOR_PADDING,
  74:D:/kuaipan/SEMG/MEMS_SEMG_KL25/KL25 Sample Code_I2c/KL25 Sample Code/kl25_sc_rev10/klxx-sc-baremetal/src/cpu\vectors.c ****    VECTOR_PADDING,
  75:D:/kuaipan/SEMG/MEMS_SEMG_KL25/KL25 Sample Code_I2c/KL25 Sample Code/kl25_sc_rev10/klxx-sc-baremetal/src/cpu\vectors.c ****    VECTOR_PADDING,
  76:D:/kuaipan/SEMG/MEMS_SEMG_KL25/KL25 Sample Code_I2c/KL25 Sample Code/kl25_sc_rev10/klxx-sc-baremetal/src/cpu\vectors.c ****    VECTOR_PADDING,
  77:D:/kuaipan/SEMG/MEMS_SEMG_KL25/KL25 Sample Code_I2c/KL25 Sample Code/kl25_sc_rev10/klxx-sc-baremetal/src/cpu\vectors.c ****    VECTOR_PADDING,
  78:D:/kuaipan/SEMG/MEMS_SEMG_KL25/KL25 Sample Code_I2c/KL25 Sample Code/kl25_sc_rev10/klxx-sc-baremetal/src/cpu\vectors.c ****    VECTOR_PADDING,
  79:D:/kuaipan/SEMG/MEMS_SEMG_KL25/KL25 Sample Code_I2c/KL25 Sample Code/kl25_sc_rev10/klxx-sc-baremetal/src/cpu\vectors.c ****    VECTOR_PADDING,
  80:D:/kuaipan/SEMG/MEMS_SEMG_KL25/KL25 Sample Code_I2c/KL25 Sample Code/kl25_sc_rev10/klxx-sc-baremetal/src/cpu\vectors.c ****    VECTOR_PADDING,
  81:D:/kuaipan/SEMG/MEMS_SEMG_KL25/KL25 Sample Code_I2c/KL25 Sample Code/kl25_sc_rev10/klxx-sc-baremetal/src/cpu\vectors.c ****    VECTOR_PADDING,
  82:D:/kuaipan/SEMG/MEMS_SEMG_KL25/KL25 Sample Code_I2c/KL25 Sample Code/kl25_sc_rev10/klxx-sc-baremetal/src/cpu\vectors.c ****    VECTOR_PADDING,
  83:D:/kuaipan/SEMG/MEMS_SEMG_KL25/KL25 Sample Code_I2c/KL25 Sample Code/kl25_sc_rev10/klxx-sc-baremetal/src/cpu\vectors.c ****    VECTOR_PADDING,
  84:D:/kuaipan/SEMG/MEMS_SEMG_KL25/KL25 Sample Code_I2c/KL25 Sample Code/kl25_sc_rev10/klxx-sc-baremetal/src/cpu\vectors.c ****    VECTOR_PADDING,
  85:D:/kuaipan/SEMG/MEMS_SEMG_KL25/KL25 Sample Code_I2c/KL25 Sample Code/kl25_sc_rev10/klxx-sc-baremetal/src/cpu\vectors.c ****    VECTOR_PADDING,
  86:D:/kuaipan/SEMG/MEMS_SEMG_KL25/KL25 Sample Code_I2c/KL25 Sample Code/kl25_sc_rev10/klxx-sc-baremetal/src/cpu\vectors.c ****    VECTOR_PADDING,
  87:D:/kuaipan/SEMG/MEMS_SEMG_KL25/KL25 Sample Code_I2c/KL25 Sample Code/kl25_sc_rev10/klxx-sc-baremetal/src/cpu\vectors.c ****    VECTOR_PADDING,
  88:D:/kuaipan/SEMG/MEMS_SEMG_KL25/KL25 Sample Code_I2c/KL25 Sample Code/kl25_sc_rev10/klxx-sc-baremetal/src/cpu\vectors.c ****    VECTOR_PADDING,
  89:D:/kuaipan/SEMG/MEMS_SEMG_KL25/KL25 Sample Code_I2c/KL25 Sample Code/kl25_sc_rev10/klxx-sc-baremetal/src/cpu\vectors.c ****    VECTOR_PADDING,
  90:D:/kuaipan/SEMG/MEMS_SEMG_KL25/KL25 Sample Code_I2c/KL25 Sample Code/kl25_sc_rev10/klxx-sc-baremetal/src/cpu\vectors.c ****    VECTOR_PADDING,
  91:D:/kuaipan/SEMG/MEMS_SEMG_KL25/KL25 Sample Code_I2c/KL25 Sample Code/kl25_sc_rev10/klxx-sc-baremetal/src/cpu\vectors.c ****    VECTOR_PADDING,
  92:D:/kuaipan/SEMG/MEMS_SEMG_KL25/KL25 Sample Code_I2c/KL25 Sample Code/kl25_sc_rev10/klxx-sc-baremetal/src/cpu\vectors.c ****    VECTOR_PADDING,
  93:D:/kuaipan/SEMG/MEMS_SEMG_KL25/KL25 Sample Code_I2c/KL25 Sample Code/kl25_sc_rev10/klxx-sc-baremetal/src/cpu\vectors.c ****    VECTOR_PADDING,
  94:D:/kuaipan/SEMG/MEMS_SEMG_KL25/KL25 Sample Code_I2c/KL25 Sample Code/kl25_sc_rev10/klxx-sc-baremetal/src/cpu\vectors.c ****    VECTOR_PADDING,
  95:D:/kuaipan/SEMG/MEMS_SEMG_KL25/KL25 Sample Code_I2c/KL25 Sample Code/kl25_sc_rev10/klxx-sc-baremetal/src/cpu\vectors.c ****    VECTOR_PADDING,
  96:D:/kuaipan/SEMG/MEMS_SEMG_KL25/KL25 Sample Code_I2c/KL25 Sample Code/kl25_sc_rev10/klxx-sc-baremetal/src/cpu\vectors.c ****    VECTOR_PADDING,
  97:D:/kuaipan/SEMG/MEMS_SEMG_KL25/KL25 Sample Code_I2c/KL25 Sample Code/kl25_sc_rev10/klxx-sc-baremetal/src/cpu\vectors.c ****    VECTOR_PADDING,
  98:D:/kuaipan/SEMG/MEMS_SEMG_KL25/KL25 Sample Code_I2c/KL25 Sample Code/kl25_sc_rev10/klxx-sc-baremetal/src/cpu\vectors.c ****    VECTOR_PADDING,
  99:D:/kuaipan/SEMG/MEMS_SEMG_KL25/KL25 Sample Code_I2c/KL25 Sample Code/kl25_sc_rev10/klxx-sc-baremetal/src/cpu\vectors.c ****    VECTOR_PADDING,
 100:D:/kuaipan/SEMG/MEMS_SEMG_KL25/KL25 Sample Code_I2c/KL25 Sample Code/kl25_sc_rev10/klxx-sc-baremetal/src/cpu\vectors.c ****    VECTOR_PADDING,
 101:D:/kuaipan/SEMG/MEMS_SEMG_KL25/KL25 Sample Code_I2c/KL25 Sample Code/kl25_sc_rev10/klxx-sc-baremetal/src/cpu\vectors.c ****    VECTOR_PADDING,
 102:D:/kuaipan/SEMG/MEMS_SEMG_KL25/KL25 Sample Code_I2c/KL25 Sample Code/kl25_sc_rev10/klxx-sc-baremetal/src/cpu\vectors.c ****    VECTOR_PADDING,
 103:D:/kuaipan/SEMG/MEMS_SEMG_KL25/KL25 Sample Code_I2c/KL25 Sample Code/kl25_sc_rev10/klxx-sc-baremetal/src/cpu\vectors.c ****    VECTOR_PADDING,
 104:D:/kuaipan/SEMG/MEMS_SEMG_KL25/KL25 Sample Code_I2c/KL25 Sample Code/kl25_sc_rev10/klxx-sc-baremetal/src/cpu\vectors.c ****    VECTOR_PADDING,
 105:D:/kuaipan/SEMG/MEMS_SEMG_KL25/KL25 Sample Code_I2c/KL25 Sample Code/kl25_sc_rev10/klxx-sc-baremetal/src/cpu\vectors.c ****    VECTOR_PADDING,
 106:D:/kuaipan/SEMG/MEMS_SEMG_KL25/KL25 Sample Code_I2c/KL25 Sample Code/kl25_sc_rev10/klxx-sc-baremetal/src/cpu\vectors.c ****    VECTOR_PADDING,
 107:D:/kuaipan/SEMG/MEMS_SEMG_KL25/KL25 Sample Code_I2c/KL25 Sample Code/kl25_sc_rev10/klxx-sc-baremetal/src/cpu\vectors.c ****    VECTOR_PADDING,
 108:D:/kuaipan/SEMG/MEMS_SEMG_KL25/KL25 Sample Code_I2c/KL25 Sample Code/kl25_sc_rev10/klxx-sc-baremetal/src/cpu\vectors.c ****    VECTOR_PADDING,
 109:D:/kuaipan/SEMG/MEMS_SEMG_KL25/KL25 Sample Code_I2c/KL25 Sample Code/kl25_sc_rev10/klxx-sc-baremetal/src/cpu\vectors.c ****    VECTOR_PADDING,
 110:D:/kuaipan/SEMG/MEMS_SEMG_KL25/KL25 Sample Code_I2c/KL25 Sample Code/kl25_sc_rev10/klxx-sc-baremetal/src/cpu\vectors.c ****    VECTOR_PADDING,
 111:D:/kuaipan/SEMG/MEMS_SEMG_KL25/KL25 Sample Code_I2c/KL25 Sample Code/kl25_sc_rev10/klxx-sc-baremetal/src/cpu\vectors.c ****    VECTOR_PADDING,
 112:D:/kuaipan/SEMG/MEMS_SEMG_KL25/KL25 Sample Code_I2c/KL25 Sample Code/kl25_sc_rev10/klxx-sc-baremetal/src/cpu\vectors.c ****    VECTOR_PADDING,
 113:D:/kuaipan/SEMG/MEMS_SEMG_KL25/KL25 Sample Code_I2c/KL25 Sample Code/kl25_sc_rev10/klxx-sc-baremetal/src/cpu\vectors.c ****    VECTOR_PADDING,
 114:D:/kuaipan/SEMG/MEMS_SEMG_KL25/KL25 Sample Code_I2c/KL25 Sample Code/kl25_sc_rev10/klxx-sc-baremetal/src/cpu\vectors.c ****    VECTOR_PADDING,
 115:D:/kuaipan/SEMG/MEMS_SEMG_KL25/KL25 Sample Code_I2c/KL25 Sample Code/kl25_sc_rev10/klxx-sc-baremetal/src/cpu\vectors.c ****    VECTOR_PADDING,
 116:D:/kuaipan/SEMG/MEMS_SEMG_KL25/KL25 Sample Code_I2c/KL25 Sample Code/kl25_sc_rev10/klxx-sc-baremetal/src/cpu\vectors.c ****    VECTOR_PADDING,
 117:D:/kuaipan/SEMG/MEMS_SEMG_KL25/KL25 Sample Code_I2c/KL25 Sample Code/kl25_sc_rev10/klxx-sc-baremetal/src/cpu\vectors.c ****    VECTOR_PADDING,
 118:D:/kuaipan/SEMG/MEMS_SEMG_KL25/KL25 Sample Code_I2c/KL25 Sample Code/kl25_sc_rev10/klxx-sc-baremetal/src/cpu\vectors.c ****    VECTOR_PADDING,
 119:D:/kuaipan/SEMG/MEMS_SEMG_KL25/KL25 Sample Code_I2c/KL25 Sample Code/kl25_sc_rev10/klxx-sc-baremetal/src/cpu\vectors.c ****    VECTOR_PADDING,
 120:D:/kuaipan/SEMG/MEMS_SEMG_KL25/KL25 Sample Code_I2c/KL25 Sample Code/kl25_sc_rev10/klxx-sc-baremetal/src/cpu\vectors.c ****    VECTOR_PADDING,
 121:D:/kuaipan/SEMG/MEMS_SEMG_KL25/KL25 Sample Code_I2c/KL25 Sample Code/kl25_sc_rev10/klxx-sc-baremetal/src/cpu\vectors.c ****    VECTOR_PADDING,
 122:D:/kuaipan/SEMG/MEMS_SEMG_KL25/KL25 Sample Code_I2c/KL25 Sample Code/kl25_sc_rev10/klxx-sc-baremetal/src/cpu\vectors.c ****    VECTOR_PADDING,
 123:D:/kuaipan/SEMG/MEMS_SEMG_KL25/KL25 Sample Code_I2c/KL25 Sample Code/kl25_sc_rev10/klxx-sc-baremetal/src/cpu\vectors.c ****    VECTOR_PADDING,
 124:D:/kuaipan/SEMG/MEMS_SEMG_KL25/KL25 Sample Code_I2c/KL25 Sample Code/kl25_sc_rev10/klxx-sc-baremetal/src/cpu\vectors.c ****    VECTOR_PADDING,
 125:D:/kuaipan/SEMG/MEMS_SEMG_KL25/KL25 Sample Code_I2c/KL25 Sample Code/kl25_sc_rev10/klxx-sc-baremetal/src/cpu\vectors.c ****    VECTOR_PADDING,
 126:D:/kuaipan/SEMG/MEMS_SEMG_KL25/KL25 Sample Code_I2c/KL25 Sample Code/kl25_sc_rev10/klxx-sc-baremetal/src/cpu\vectors.c ****    VECTOR_PADDING,
 127:D:/kuaipan/SEMG/MEMS_SEMG_KL25/KL25 Sample Code_I2c/KL25 Sample Code/kl25_sc_rev10/klxx-sc-baremetal/src/cpu\vectors.c ****    VECTOR_PADDING,
 128:D:/kuaipan/SEMG/MEMS_SEMG_KL25/KL25 Sample Code_I2c/KL25 Sample Code/kl25_sc_rev10/klxx-sc-baremetal/src/cpu\vectors.c ****    VECTOR_PADDING,
 129:D:/kuaipan/SEMG/MEMS_SEMG_KL25/KL25 Sample Code_I2c/KL25 Sample Code/kl25_sc_rev10/klxx-sc-baremetal/src/cpu\vectors.c ****    VECTOR_PADDING,
 130:D:/kuaipan/SEMG/MEMS_SEMG_KL25/KL25 Sample Code_I2c/KL25 Sample Code/kl25_sc_rev10/klxx-sc-baremetal/src/cpu\vectors.c ****    VECTOR_PADDING,
 131:D:/kuaipan/SEMG/MEMS_SEMG_KL25/KL25 Sample Code_I2c/KL25 Sample Code/kl25_sc_rev10/klxx-sc-baremetal/src/cpu\vectors.c ****    VECTOR_PADDING,
 132:D:/kuaipan/SEMG/MEMS_SEMG_KL25/KL25 Sample Code_I2c/KL25 Sample Code/kl25_sc_rev10/klxx-sc-baremetal/src/cpu\vectors.c ****    VECTOR_PADDING,
 133:D:/kuaipan/SEMG/MEMS_SEMG_KL25/KL25 Sample Code_I2c/KL25 Sample Code/kl25_sc_rev10/klxx-sc-baremetal/src/cpu\vectors.c ****    VECTOR_PADDING,
 134:D:/kuaipan/SEMG/MEMS_SEMG_KL25/KL25 Sample Code_I2c/KL25 Sample Code/kl25_sc_rev10/klxx-sc-baremetal/src/cpu\vectors.c ****    VECTOR_PADDING,
 135:D:/kuaipan/SEMG/MEMS_SEMG_KL25/KL25 Sample Code_I2c/KL25 Sample Code/kl25_sc_rev10/klxx-sc-baremetal/src/cpu\vectors.c ****    VECTOR_PADDING,
 136:D:/kuaipan/SEMG/MEMS_SEMG_KL25/KL25 Sample Code_I2c/KL25 Sample Code/kl25_sc_rev10/klxx-sc-baremetal/src/cpu\vectors.c ****    VECTOR_PADDING,
 137:D:/kuaipan/SEMG/MEMS_SEMG_KL25/KL25 Sample Code_I2c/KL25 Sample Code/kl25_sc_rev10/klxx-sc-baremetal/src/cpu\vectors.c ****    VECTOR_PADDING,
 138:D:/kuaipan/SEMG/MEMS_SEMG_KL25/KL25 Sample Code_I2c/KL25 Sample Code/kl25_sc_rev10/klxx-sc-baremetal/src/cpu\vectors.c ****    VECTOR_PADDING,
 139:D:/kuaipan/SEMG/MEMS_SEMG_KL25/KL25 Sample Code_I2c/KL25 Sample Code/kl25_sc_rev10/klxx-sc-baremetal/src/cpu\vectors.c ****    VECTOR_PADDING,
 140:D:/kuaipan/SEMG/MEMS_SEMG_KL25/KL25 Sample Code_I2c/KL25 Sample Code/kl25_sc_rev10/klxx-sc-baremetal/src/cpu\vectors.c ****    VECTOR_PADDING,
 141:D:/kuaipan/SEMG/MEMS_SEMG_KL25/KL25 Sample Code_I2c/KL25 Sample Code/kl25_sc_rev10/klxx-sc-baremetal/src/cpu\vectors.c ****    VECTOR_PADDING,
 142:D:/kuaipan/SEMG/MEMS_SEMG_KL25/KL25 Sample Code_I2c/KL25 Sample Code/kl25_sc_rev10/klxx-sc-baremetal/src/cpu\vectors.c ****    VECTOR_PADDING,
 143:D:/kuaipan/SEMG/MEMS_SEMG_KL25/KL25 Sample Code_I2c/KL25 Sample Code/kl25_sc_rev10/klxx-sc-baremetal/src/cpu\vectors.c ****    VECTOR_PADDING,
 144:D:/kuaipan/SEMG/MEMS_SEMG_KL25/KL25 Sample Code_I2c/KL25 Sample Code/kl25_sc_rev10/klxx-sc-baremetal/src/cpu\vectors.c ****    VECTOR_PADDING,
 145:D:/kuaipan/SEMG/MEMS_SEMG_KL25/KL25 Sample Code_I2c/KL25 Sample Code/kl25_sc_rev10/klxx-sc-baremetal/src/cpu\vectors.c ****    VECTOR_PADDING,
 146:D:/kuaipan/SEMG/MEMS_SEMG_KL25/KL25 Sample Code_I2c/KL25 Sample Code/kl25_sc_rev10/klxx-sc-baremetal/src/cpu\vectors.c ****    VECTOR_PADDING,
 147:D:/kuaipan/SEMG/MEMS_SEMG_KL25/KL25 Sample Code_I2c/KL25 Sample Code/kl25_sc_rev10/klxx-sc-baremetal/src/cpu\vectors.c ****    VECTOR_PADDING,
 148:D:/kuaipan/SEMG/MEMS_SEMG_KL25/KL25 Sample Code_I2c/KL25 Sample Code/kl25_sc_rev10/klxx-sc-baremetal/src/cpu\vectors.c ****    VECTOR_PADDING,
 149:D:/kuaipan/SEMG/MEMS_SEMG_KL25/KL25 Sample Code_I2c/KL25 Sample Code/kl25_sc_rev10/klxx-sc-baremetal/src/cpu\vectors.c ****    VECTOR_PADDING,
 150:D:/kuaipan/SEMG/MEMS_SEMG_KL25/KL25 Sample Code_I2c/KL25 Sample Code/kl25_sc_rev10/klxx-sc-baremetal/src/cpu\vectors.c ****    VECTOR_PADDING,
 151:D:/kuaipan/SEMG/MEMS_SEMG_KL25/KL25 Sample Code_I2c/KL25 Sample Code/kl25_sc_rev10/klxx-sc-baremetal/src/cpu\vectors.c ****    VECTOR_PADDING,
 152:D:/kuaipan/SEMG/MEMS_SEMG_KL25/KL25 Sample Code_I2c/KL25 Sample Code/kl25_sc_rev10/klxx-sc-baremetal/src/cpu\vectors.c ****    VECTOR_PADDING,
 153:D:/kuaipan/SEMG/MEMS_SEMG_KL25/KL25 Sample Code_I2c/KL25 Sample Code/kl25_sc_rev10/klxx-sc-baremetal/src/cpu\vectors.c ****    VECTOR_PADDING,
 154:D:/kuaipan/SEMG/MEMS_SEMG_KL25/KL25 Sample Code_I2c/KL25 Sample Code/kl25_sc_rev10/klxx-sc-baremetal/src/cpu\vectors.c ****    VECTOR_PADDING,
 155:D:/kuaipan/SEMG/MEMS_SEMG_KL25/KL25 Sample Code_I2c/KL25 Sample Code/kl25_sc_rev10/klxx-sc-baremetal/src/cpu\vectors.c ****    VECTOR_PADDING,
 156:D:/kuaipan/SEMG/MEMS_SEMG_KL25/KL25 Sample Code_I2c/KL25 Sample Code/kl25_sc_rev10/klxx-sc-baremetal/src/cpu\vectors.c ****    VECTOR_PADDING,
 157:D:/kuaipan/SEMG/MEMS_SEMG_KL25/KL25 Sample Code_I2c/KL25 Sample Code/kl25_sc_rev10/klxx-sc-baremetal/src/cpu\vectors.c ****    VECTOR_PADDING,
 158:D:/kuaipan/SEMG/MEMS_SEMG_KL25/KL25 Sample Code_I2c/KL25 Sample Code/kl25_sc_rev10/klxx-sc-baremetal/src/cpu\vectors.c ****    VECTOR_PADDING,
 159:D:/kuaipan/SEMG/MEMS_SEMG_KL25/KL25 Sample Code_I2c/KL25 Sample Code/kl25_sc_rev10/klxx-sc-baremetal/src/cpu\vectors.c ****    VECTOR_PADDING,
 160:D:/kuaipan/SEMG/MEMS_SEMG_KL25/KL25 Sample Code_I2c/KL25 Sample Code/kl25_sc_rev10/klxx-sc-baremetal/src/cpu\vectors.c ****    VECTOR_PADDING,
 161:D:/kuaipan/SEMG/MEMS_SEMG_KL25/KL25 Sample Code_I2c/KL25 Sample Code/kl25_sc_rev10/klxx-sc-baremetal/src/cpu\vectors.c ****    VECTOR_PADDING,
 162:D:/kuaipan/SEMG/MEMS_SEMG_KL25/KL25 Sample Code_I2c/KL25 Sample Code/kl25_sc_rev10/klxx-sc-baremetal/src/cpu\vectors.c ****    VECTOR_PADDING,
 163:D:/kuaipan/SEMG/MEMS_SEMG_KL25/KL25 Sample Code_I2c/KL25 Sample Code/kl25_sc_rev10/klxx-sc-baremetal/src/cpu\vectors.c ****    VECTOR_PADDING,
 164:D:/kuaipan/SEMG/MEMS_SEMG_KL25/KL25 Sample Code_I2c/KL25 Sample Code/kl25_sc_rev10/klxx-sc-baremetal/src/cpu\vectors.c ****    VECTOR_PADDING,
 165:D:/kuaipan/SEMG/MEMS_SEMG_KL25/KL25 Sample Code_I2c/KL25 Sample Code/kl25_sc_rev10/klxx-sc-baremetal/src/cpu\vectors.c ****    VECTOR_PADDING,
 166:D:/kuaipan/SEMG/MEMS_SEMG_KL25/KL25 Sample Code_I2c/KL25 Sample Code/kl25_sc_rev10/klxx-sc-baremetal/src/cpu\vectors.c ****    VECTOR_PADDING,
 167:D:/kuaipan/SEMG/MEMS_SEMG_KL25/KL25 Sample Code_I2c/KL25 Sample Code/kl25_sc_rev10/klxx-sc-baremetal/src/cpu\vectors.c ****    VECTOR_PADDING,
 168:D:/kuaipan/SEMG/MEMS_SEMG_KL25/KL25 Sample Code_I2c/KL25 Sample Code/kl25_sc_rev10/klxx-sc-baremetal/src/cpu\vectors.c ****    VECTOR_PADDING,
 169:D:/kuaipan/SEMG/MEMS_SEMG_KL25/KL25 Sample Code_I2c/KL25 Sample Code/kl25_sc_rev10/klxx-sc-baremetal/src/cpu\vectors.c ****    VECTOR_PADDING,
 170:D:/kuaipan/SEMG/MEMS_SEMG_KL25/KL25 Sample Code_I2c/KL25 Sample Code/kl25_sc_rev10/klxx-sc-baremetal/src/cpu\vectors.c ****    VECTOR_PADDING,
 171:D:/kuaipan/SEMG/MEMS_SEMG_KL25/KL25 Sample Code_I2c/KL25 Sample Code/kl25_sc_rev10/klxx-sc-baremetal/src/cpu\vectors.c ****    VECTOR_PADDING,
 172:D:/kuaipan/SEMG/MEMS_SEMG_KL25/KL25 Sample Code_I2c/KL25 Sample Code/kl25_sc_rev10/klxx-sc-baremetal/src/cpu\vectors.c ****    VECTOR_PADDING,
 173:D:/kuaipan/SEMG/MEMS_SEMG_KL25/KL25 Sample Code_I2c/KL25 Sample Code/kl25_sc_rev10/klxx-sc-baremetal/src/cpu\vectors.c ****    VECTOR_PADDING,
 174:D:/kuaipan/SEMG/MEMS_SEMG_KL25/KL25 Sample Code_I2c/KL25 Sample Code/kl25_sc_rev10/klxx-sc-baremetal/src/cpu\vectors.c ****    VECTOR_PADDING,
 175:D:/kuaipan/SEMG/MEMS_SEMG_KL25/KL25 Sample Code_I2c/KL25 Sample Code/kl25_sc_rev10/klxx-sc-baremetal/src/cpu\vectors.c ****    VECTOR_PADDING,
 176:D:/kuaipan/SEMG/MEMS_SEMG_KL25/KL25 Sample Code_I2c/KL25 Sample Code/kl25_sc_rev10/klxx-sc-baremetal/src/cpu\vectors.c ****    VECTOR_PADDING,
 177:D:/kuaipan/SEMG/MEMS_SEMG_KL25/KL25 Sample Code_I2c/KL25 Sample Code/kl25_sc_rev10/klxx-sc-baremetal/src/cpu\vectors.c ****    VECTOR_PADDING,
 178:D:/kuaipan/SEMG/MEMS_SEMG_KL25/KL25 Sample Code_I2c/KL25 Sample Code/kl25_sc_rev10/klxx-sc-baremetal/src/cpu\vectors.c ****    VECTOR_PADDING,
 179:D:/kuaipan/SEMG/MEMS_SEMG_KL25/KL25 Sample Code_I2c/KL25 Sample Code/kl25_sc_rev10/klxx-sc-baremetal/src/cpu\vectors.c ****    VECTOR_PADDING,
 180:D:/kuaipan/SEMG/MEMS_SEMG_KL25/KL25 Sample Code_I2c/KL25 Sample Code/kl25_sc_rev10/klxx-sc-baremetal/src/cpu\vectors.c ****    VECTOR_PADDING,
 181:D:/kuaipan/SEMG/MEMS_SEMG_KL25/KL25 Sample Code_I2c/KL25 Sample Code/kl25_sc_rev10/klxx-sc-baremetal/src/cpu\vectors.c ****    VECTOR_PADDING,
 182:D:/kuaipan/SEMG/MEMS_SEMG_KL25/KL25 Sample Code_I2c/KL25 Sample Code/kl25_sc_rev10/klxx-sc-baremetal/src/cpu\vectors.c ****    VECTOR_PADDING,
 183:D:/kuaipan/SEMG/MEMS_SEMG_KL25/KL25 Sample Code_I2c/KL25 Sample Code/kl25_sc_rev10/klxx-sc-baremetal/src/cpu\vectors.c ****    VECTOR_PADDING,
 184:D:/kuaipan/SEMG/MEMS_SEMG_KL25/KL25 Sample Code_I2c/KL25 Sample Code/kl25_sc_rev10/klxx-sc-baremetal/src/cpu\vectors.c ****    VECTOR_PADDING,
 185:D:/kuaipan/SEMG/MEMS_SEMG_KL25/KL25 Sample Code_I2c/KL25 Sample Code/kl25_sc_rev10/klxx-sc-baremetal/src/cpu\vectors.c ****    VECTOR_PADDING,
 186:D:/kuaipan/SEMG/MEMS_SEMG_KL25/KL25 Sample Code_I2c/KL25 Sample Code/kl25_sc_rev10/klxx-sc-baremetal/src/cpu\vectors.c ****    VECTOR_PADDING,
 187:D:/kuaipan/SEMG/MEMS_SEMG_KL25/KL25 Sample Code_I2c/KL25 Sample Code/kl25_sc_rev10/klxx-sc-baremetal/src/cpu\vectors.c ****    VECTOR_PADDING,
 188:D:/kuaipan/SEMG/MEMS_SEMG_KL25/KL25 Sample Code_I2c/KL25 Sample Code/kl25_sc_rev10/klxx-sc-baremetal/src/cpu\vectors.c ****    VECTOR_PADDING,
 189:D:/kuaipan/SEMG/MEMS_SEMG_KL25/KL25 Sample Code_I2c/KL25 Sample Code/kl25_sc_rev10/klxx-sc-baremetal/src/cpu\vectors.c ****    VECTOR_PADDING,
 190:D:/kuaipan/SEMG/MEMS_SEMG_KL25/KL25 Sample Code_I2c/KL25 Sample Code/kl25_sc_rev10/klxx-sc-baremetal/src/cpu\vectors.c ****    VECTOR_PADDING,
 191:D:/kuaipan/SEMG/MEMS_SEMG_KL25/KL25 Sample Code_I2c/KL25 Sample Code/kl25_sc_rev10/klxx-sc-baremetal/src/cpu\vectors.c ****    VECTOR_PADDING,
 192:D:/kuaipan/SEMG/MEMS_SEMG_KL25/KL25 Sample Code_I2c/KL25 Sample Code/kl25_sc_rev10/klxx-sc-baremetal/src/cpu\vectors.c ****    VECTOR_PADDING,
 193:D:/kuaipan/SEMG/MEMS_SEMG_KL25/KL25 Sample Code_I2c/KL25 Sample Code/kl25_sc_rev10/klxx-sc-baremetal/src/cpu\vectors.c ****    VECTOR_PADDING,
 194:D:/kuaipan/SEMG/MEMS_SEMG_KL25/KL25 Sample Code_I2c/KL25 Sample Code/kl25_sc_rev10/klxx-sc-baremetal/src/cpu\vectors.c ****    VECTOR_PADDING,
 195:D:/kuaipan/SEMG/MEMS_SEMG_KL25/KL25 Sample Code_I2c/KL25 Sample Code/kl25_sc_rev10/klxx-sc-baremetal/src/cpu\vectors.c ****    VECTOR_PADDING,
 196:D:/kuaipan/SEMG/MEMS_SEMG_KL25/KL25 Sample Code_I2c/KL25 Sample Code/kl25_sc_rev10/klxx-sc-baremetal/src/cpu\vectors.c ****    VECTOR_PADDING,
 197:D:/kuaipan/SEMG/MEMS_SEMG_KL25/KL25 Sample Code_I2c/KL25 Sample Code/kl25_sc_rev10/klxx-sc-baremetal/src/cpu\vectors.c ****    VECTOR_PADDING,
 198:D:/kuaipan/SEMG/MEMS_SEMG_KL25/KL25 Sample Code_I2c/KL25 Sample Code/kl25_sc_rev10/klxx-sc-baremetal/src/cpu\vectors.c ****    VECTOR_PADDING,
 199:D:/kuaipan/SEMG/MEMS_SEMG_KL25/KL25 Sample Code_I2c/KL25 Sample Code/kl25_sc_rev10/klxx-sc-baremetal/src/cpu\vectors.c ****    VECTOR_PADDING,
 200:D:/kuaipan/SEMG/MEMS_SEMG_KL25/KL25 Sample Code_I2c/KL25 Sample Code/kl25_sc_rev10/klxx-sc-baremetal/src/cpu\vectors.c ****    VECTOR_PADDING,
 201:D:/kuaipan/SEMG/MEMS_SEMG_KL25/KL25 Sample Code_I2c/KL25 Sample Code/kl25_sc_rev10/klxx-sc-baremetal/src/cpu\vectors.c ****    VECTOR_PADDING,
 202:D:/kuaipan/SEMG/MEMS_SEMG_KL25/KL25 Sample Code_I2c/KL25 Sample Code/kl25_sc_rev10/klxx-sc-baremetal/src/cpu\vectors.c ****    VECTOR_PADDING,
 203:D:/kuaipan/SEMG/MEMS_SEMG_KL25/KL25 Sample Code_I2c/KL25 Sample Code/kl25_sc_rev10/klxx-sc-baremetal/src/cpu\vectors.c ****    VECTOR_PADDING,
 204:D:/kuaipan/SEMG/MEMS_SEMG_KL25/KL25 Sample Code_I2c/KL25 Sample Code/kl25_sc_rev10/klxx-sc-baremetal/src/cpu\vectors.c ****    VECTOR_PADDING,
 205:D:/kuaipan/SEMG/MEMS_SEMG_KL25/KL25 Sample Code_I2c/KL25 Sample Code/kl25_sc_rev10/klxx-sc-baremetal/src/cpu\vectors.c ****    VECTOR_PADDING,
 206:D:/kuaipan/SEMG/MEMS_SEMG_KL25/KL25 Sample Code_I2c/KL25 Sample Code/kl25_sc_rev10/klxx-sc-baremetal/src/cpu\vectors.c ****    VECTOR_PADDING,
 207:D:/kuaipan/SEMG/MEMS_SEMG_KL25/KL25 Sample Code_I2c/KL25 Sample Code/kl25_sc_rev10/klxx-sc-baremetal/src/cpu\vectors.c ****    VECTOR_PADDING,
 208:D:/kuaipan/SEMG/MEMS_SEMG_KL25/KL25 Sample Code_I2c/KL25 Sample Code/kl25_sc_rev10/klxx-sc-baremetal/src/cpu\vectors.c ****    VECTOR_PADDING,
 209:D:/kuaipan/SEMG/MEMS_SEMG_KL25/KL25 Sample Code_I2c/KL25 Sample Code/kl25_sc_rev10/klxx-sc-baremetal/src/cpu\vectors.c ****    VECTOR_PADDING,
 210:D:/kuaipan/SEMG/MEMS_SEMG_KL25/KL25 Sample Code_I2c/KL25 Sample Code/kl25_sc_rev10/klxx-sc-baremetal/src/cpu\vectors.c ****    VECTOR_PADDING,
 211:D:/kuaipan/SEMG/MEMS_SEMG_KL25/KL25 Sample Code_I2c/KL25 Sample Code/kl25_sc_rev10/klxx-sc-baremetal/src/cpu\vectors.c ****    VECTOR_PADDING,
 212:D:/kuaipan/SEMG/MEMS_SEMG_KL25/KL25 Sample Code_I2c/KL25 Sample Code/kl25_sc_rev10/klxx-sc-baremetal/src/cpu\vectors.c ****    VECTOR_PADDING,
 213:D:/kuaipan/SEMG/MEMS_SEMG_KL25/KL25 Sample Code_I2c/KL25 Sample Code/kl25_sc_rev10/klxx-sc-baremetal/src/cpu\vectors.c ****    VECTOR_PADDING,
 214:D:/kuaipan/SEMG/MEMS_SEMG_KL25/KL25 Sample Code_I2c/KL25 Sample Code/kl25_sc_rev10/klxx-sc-baremetal/src/cpu\vectors.c ****    VECTOR_PADDING,
 215:D:/kuaipan/SEMG/MEMS_SEMG_KL25/KL25 Sample Code_I2c/KL25 Sample Code/kl25_sc_rev10/klxx-sc-baremetal/src/cpu\vectors.c ****    VECTOR_PADDING,
 216:D:/kuaipan/SEMG/MEMS_SEMG_KL25/KL25 Sample Code_I2c/KL25 Sample Code/kl25_sc_rev10/klxx-sc-baremetal/src/cpu\vectors.c ****    VECTOR_PADDING,
 217:D:/kuaipan/SEMG/MEMS_SEMG_KL25/KL25 Sample Code_I2c/KL25 Sample Code/kl25_sc_rev10/klxx-sc-baremetal/src/cpu\vectors.c ****    VECTOR_PADDING,
 218:D:/kuaipan/SEMG/MEMS_SEMG_KL25/KL25 Sample Code_I2c/KL25 Sample Code/kl25_sc_rev10/klxx-sc-baremetal/src/cpu\vectors.c ****    VECTOR_PADDING,
 219:D:/kuaipan/SEMG/MEMS_SEMG_KL25/KL25 Sample Code_I2c/KL25 Sample Code/kl25_sc_rev10/klxx-sc-baremetal/src/cpu\vectors.c ****    VECTOR_PADDING,
 220:D:/kuaipan/SEMG/MEMS_SEMG_KL25/KL25 Sample Code_I2c/KL25 Sample Code/kl25_sc_rev10/klxx-sc-baremetal/src/cpu\vectors.c ****    VECTOR_PADDING,
 221:D:/kuaipan/SEMG/MEMS_SEMG_KL25/KL25 Sample Code_I2c/KL25 Sample Code/kl25_sc_rev10/klxx-sc-baremetal/src/cpu\vectors.c ****    VECTOR_PADDING,
 222:D:/kuaipan/SEMG/MEMS_SEMG_KL25/KL25 Sample Code_I2c/KL25 Sample Code/kl25_sc_rev10/klxx-sc-baremetal/src/cpu\vectors.c ****    VECTOR_PADDING,
 223:D:/kuaipan/SEMG/MEMS_SEMG_KL25/KL25 Sample Code_I2c/KL25 Sample Code/kl25_sc_rev10/klxx-sc-baremetal/src/cpu\vectors.c ****    VECTOR_PADDING,
 224:D:/kuaipan/SEMG/MEMS_SEMG_KL25/KL25 Sample Code_I2c/KL25 Sample Code/kl25_sc_rev10/klxx-sc-baremetal/src/cpu\vectors.c ****    VECTOR_PADDING,
 225:D:/kuaipan/SEMG/MEMS_SEMG_KL25/KL25 Sample Code_I2c/KL25 Sample Code/kl25_sc_rev10/klxx-sc-baremetal/src/cpu\vectors.c ****    VECTOR_PADDING,
 226:D:/kuaipan/SEMG/MEMS_SEMG_KL25/KL25 Sample Code_I2c/KL25 Sample Code/kl25_sc_rev10/klxx-sc-baremetal/src/cpu\vectors.c ****    VECTOR_PADDING,
 227:D:/kuaipan/SEMG/MEMS_SEMG_KL25/KL25 Sample Code_I2c/KL25 Sample Code/kl25_sc_rev10/klxx-sc-baremetal/src/cpu\vectors.c ****    VECTOR_PADDING,
 228:D:/kuaipan/SEMG/MEMS_SEMG_KL25/KL25 Sample Code_I2c/KL25 Sample Code/kl25_sc_rev10/klxx-sc-baremetal/src/cpu\vectors.c ****    VECTOR_PADDING,
 229:D:/kuaipan/SEMG/MEMS_SEMG_KL25/KL25 Sample Code_I2c/KL25 Sample Code/kl25_sc_rev10/klxx-sc-baremetal/src/cpu\vectors.c ****    VECTOR_PADDING,
 230:D:/kuaipan/SEMG/MEMS_SEMG_KL25/KL25 Sample Code_I2c/KL25 Sample Code/kl25_sc_rev10/klxx-sc-baremetal/src/cpu\vectors.c ****    VECTOR_PADDING,
 231:D:/kuaipan/SEMG/MEMS_SEMG_KL25/KL25 Sample Code_I2c/KL25 Sample Code/kl25_sc_rev10/klxx-sc-baremetal/src/cpu\vectors.c ****    VECTOR_PADDING,
 232:D:/kuaipan/SEMG/MEMS_SEMG_KL25/KL25 Sample Code_I2c/KL25 Sample Code/kl25_sc_rev10/klxx-sc-baremetal/src/cpu\vectors.c ****    VECTOR_PADDING,
 233:D:/kuaipan/SEMG/MEMS_SEMG_KL25/KL25 Sample Code_I2c/KL25 Sample Code/kl25_sc_rev10/klxx-sc-baremetal/src/cpu\vectors.c ****    VECTOR_PADDING,
 234:D:/kuaipan/SEMG/MEMS_SEMG_KL25/KL25 Sample Code_I2c/KL25 Sample Code/kl25_sc_rev10/klxx-sc-baremetal/src/cpu\vectors.c ****    VECTOR_PADDING,
 235:D:/kuaipan/SEMG/MEMS_SEMG_KL25/KL25 Sample Code_I2c/KL25 Sample Code/kl25_sc_rev10/klxx-sc-baremetal/src/cpu\vectors.c ****    VECTOR_PADDING,
 236:D:/kuaipan/SEMG/MEMS_SEMG_KL25/KL25 Sample Code_I2c/KL25 Sample Code/kl25_sc_rev10/klxx-sc-baremetal/src/cpu\vectors.c ****    VECTOR_PADDING,
 237:D:/kuaipan/SEMG/MEMS_SEMG_KL25/KL25 Sample Code_I2c/KL25 Sample Code/kl25_sc_rev10/klxx-sc-baremetal/src/cpu\vectors.c ****    VECTOR_PADDING,
 238:D:/kuaipan/SEMG/MEMS_SEMG_KL25/KL25 Sample Code_I2c/KL25 Sample Code/kl25_sc_rev10/klxx-sc-baremetal/src/cpu\vectors.c ****    VECTOR_PADDING,
 239:D:/kuaipan/SEMG/MEMS_SEMG_KL25/KL25 Sample Code_I2c/KL25 Sample Code/kl25_sc_rev10/klxx-sc-baremetal/src/cpu\vectors.c ****    VECTOR_PADDING,
 240:D:/kuaipan/SEMG/MEMS_SEMG_KL25/KL25 Sample Code_I2c/KL25 Sample Code/kl25_sc_rev10/klxx-sc-baremetal/src/cpu\vectors.c ****    VECTOR_PADDING,
 241:D:/kuaipan/SEMG/MEMS_SEMG_KL25/KL25 Sample Code_I2c/KL25 Sample Code/kl25_sc_rev10/klxx-sc-baremetal/src/cpu\vectors.c ****    VECTOR_PADDING,
 242:D:/kuaipan/SEMG/MEMS_SEMG_KL25/KL25 Sample Code_I2c/KL25 Sample Code/kl25_sc_rev10/klxx-sc-baremetal/src/cpu\vectors.c ****    VECTOR_PADDING,
 243:D:/kuaipan/SEMG/MEMS_SEMG_KL25/KL25 Sample Code_I2c/KL25 Sample Code/kl25_sc_rev10/klxx-sc-baremetal/src/cpu\vectors.c ****    VECTOR_PADDING,
 244:D:/kuaipan/SEMG/MEMS_SEMG_KL25/KL25 Sample Code_I2c/KL25 Sample Code/kl25_sc_rev10/klxx-sc-baremetal/src/cpu\vectors.c ****    VECTOR_PADDING,
 245:D:/kuaipan/SEMG/MEMS_SEMG_KL25/KL25 Sample Code_I2c/KL25 Sample Code/kl25_sc_rev10/klxx-sc-baremetal/src/cpu\vectors.c ****    VECTOR_PADDING,
 246:D:/kuaipan/SEMG/MEMS_SEMG_KL25/KL25 Sample Code_I2c/KL25 Sample Code/kl25_sc_rev10/klxx-sc-baremetal/src/cpu\vectors.c ****    VECTOR_PADDING,
 247:D:/kuaipan/SEMG/MEMS_SEMG_KL25/KL25 Sample Code_I2c/KL25 Sample Code/kl25_sc_rev10/klxx-sc-baremetal/src/cpu\vectors.c ****    VECTOR_PADDING,
 248:D:/kuaipan/SEMG/MEMS_SEMG_KL25/KL25 Sample Code_I2c/KL25 Sample Code/kl25_sc_rev10/klxx-sc-baremetal/src/cpu\vectors.c ****    VECTOR_PADDING,
 249:D:/kuaipan/SEMG/MEMS_SEMG_KL25/KL25 Sample Code_I2c/KL25 Sample Code/kl25_sc_rev10/klxx-sc-baremetal/src/cpu\vectors.c ****    VECTOR_PADDING,
 250:D:/kuaipan/SEMG/MEMS_SEMG_KL25/KL25 Sample Code_I2c/KL25 Sample Code/kl25_sc_rev10/klxx-sc-baremetal/src/cpu\vectors.c ****    VECTOR_PADDING,
 251:D:/kuaipan/SEMG/MEMS_SEMG_KL25/KL25 Sample Code_I2c/KL25 Sample Code/kl25_sc_rev10/klxx-sc-baremetal/src/cpu\vectors.c ****    VECTOR_PADDING,
 252:D:/kuaipan/SEMG/MEMS_SEMG_KL25/KL25 Sample Code_I2c/KL25 Sample Code/kl25_sc_rev10/klxx-sc-baremetal/src/cpu\vectors.c ****    VECTOR_PADDING,
 253:D:/kuaipan/SEMG/MEMS_SEMG_KL25/KL25 Sample Code_I2c/KL25 Sample Code/kl25_sc_rev10/klxx-sc-baremetal/src/cpu\vectors.c ****    VECTOR_PADDING,
 254:D:/kuaipan/SEMG/MEMS_SEMG_KL25/KL25 Sample Code_I2c/KL25 Sample Code/kl25_sc_rev10/klxx-sc-baremetal/src/cpu\vectors.c ****    VECTOR_PADDING,
 255:D:/kuaipan/SEMG/MEMS_SEMG_KL25/KL25 Sample Code_I2c/KL25 Sample Code/kl25_sc_rev10/klxx-sc-baremetal/src/cpu\vectors.c ****    VECTOR_PADDING,
 256:D:/kuaipan/SEMG/MEMS_SEMG_KL25/KL25 Sample Code_I2c/KL25 Sample Code/kl25_sc_rev10/klxx-sc-baremetal/src/cpu\vectors.c ****    VECTOR_PADDING,
 257:D:/kuaipan/SEMG/MEMS_SEMG_KL25/KL25 Sample Code_I2c/KL25 Sample Code/kl25_sc_rev10/klxx-sc-baremetal/src/cpu\vectors.c ****    VECTOR_PADDING,
 258:D:/kuaipan/SEMG/MEMS_SEMG_KL25/KL25 Sample Code_I2c/KL25 Sample Code/kl25_sc_rev10/klxx-sc-baremetal/src/cpu\vectors.c ****    VECTOR_PADDING,
 259:D:/kuaipan/SEMG/MEMS_SEMG_KL25/KL25 Sample Code_I2c/KL25 Sample Code/kl25_sc_rev10/klxx-sc-baremetal/src/cpu\vectors.c ****    VECTOR_PADDING,
 260:D:/kuaipan/SEMG/MEMS_SEMG_KL25/KL25 Sample Code_I2c/KL25 Sample Code/kl25_sc_rev10/klxx-sc-baremetal/src/cpu\vectors.c ****    VECTOR_PADDING,
 261:D:/kuaipan/SEMG/MEMS_SEMG_KL25/KL25 Sample Code_I2c/KL25 Sample Code/kl25_sc_rev10/klxx-sc-baremetal/src/cpu\vectors.c ****    VECTOR_PADDING,
 262:D:/kuaipan/SEMG/MEMS_SEMG_KL25/KL25 Sample Code_I2c/KL25 Sample Code/kl25_sc_rev10/klxx-sc-baremetal/src/cpu\vectors.c ****    VECTOR_PADDING,
 263:D:/kuaipan/SEMG/MEMS_SEMG_KL25/KL25 Sample Code_I2c/KL25 Sample Code/kl25_sc_rev10/klxx-sc-baremetal/src/cpu\vectors.c ****    VECTOR_PADDING,
 264:D:/kuaipan/SEMG/MEMS_SEMG_KL25/KL25 Sample Code_I2c/KL25 Sample Code/kl25_sc_rev10/klxx-sc-baremetal/src/cpu\vectors.c ****    VECTOR_PADDING,
 265:D:/kuaipan/SEMG/MEMS_SEMG_KL25/KL25 Sample Code_I2c/KL25 Sample Code/kl25_sc_rev10/klxx-sc-baremetal/src/cpu\vectors.c ****    VECTOR_PADDING,
 266:D:/kuaipan/SEMG/MEMS_SEMG_KL25/KL25 Sample Code_I2c/KL25 Sample Code/kl25_sc_rev10/klxx-sc-baremetal/src/cpu\vectors.c ****    VECTOR_PADDING,
 267:D:/kuaipan/SEMG/MEMS_SEMG_KL25/KL25 Sample Code_I2c/KL25 Sample Code/kl25_sc_rev10/klxx-sc-baremetal/src/cpu\vectors.c ****    VECTOR_PADDING,
 268:D:/kuaipan/SEMG/MEMS_SEMG_KL25/KL25 Sample Code_I2c/KL25 Sample Code/kl25_sc_rev10/klxx-sc-baremetal/src/cpu\vectors.c ****    VECTOR_PADDING,
 269:D:/kuaipan/SEMG/MEMS_SEMG_KL25/KL25 Sample Code_I2c/KL25 Sample Code/kl25_sc_rev10/klxx-sc-baremetal/src/cpu\vectors.c ****    VECTOR_PADDING,
 270:D:/kuaipan/SEMG/MEMS_SEMG_KL25/KL25 Sample Code_I2c/KL25 Sample Code/kl25_sc_rev10/klxx-sc-baremetal/src/cpu\vectors.c ****    VECTOR_PADDING,
 271:D:/kuaipan/SEMG/MEMS_SEMG_KL25/KL25 Sample Code_I2c/KL25 Sample Code/kl25_sc_rev10/klxx-sc-baremetal/src/cpu\vectors.c ****    VECTOR_PADDING,
 272:D:/kuaipan/SEMG/MEMS_SEMG_KL25/KL25 Sample Code_I2c/KL25 Sample Code/kl25_sc_rev10/klxx-sc-baremetal/src/cpu\vectors.c ****    VECTOR_PADDING,
 273:D:/kuaipan/SEMG/MEMS_SEMG_KL25/KL25 Sample Code_I2c/KL25 Sample Code/kl25_sc_rev10/klxx-sc-baremetal/src/cpu\vectors.c ****    VECTOR_PADDING,
 274:D:/kuaipan/SEMG/MEMS_SEMG_KL25/KL25 Sample Code_I2c/KL25 Sample Code/kl25_sc_rev10/klxx-sc-baremetal/src/cpu\vectors.c ****    VECTOR_PADDING,
 275:D:/kuaipan/SEMG/MEMS_SEMG_KL25/KL25 Sample Code_I2c/KL25 Sample Code/kl25_sc_rev10/klxx-sc-baremetal/src/cpu\vectors.c ****    VECTOR_PADDING,
 276:D:/kuaipan/SEMG/MEMS_SEMG_KL25/KL25 Sample Code_I2c/KL25 Sample Code/kl25_sc_rev10/klxx-sc-baremetal/src/cpu\vectors.c ****    VECTOR_PADDING,
 277:D:/kuaipan/SEMG/MEMS_SEMG_KL25/KL25 Sample Code_I2c/KL25 Sample Code/kl25_sc_rev10/klxx-sc-baremetal/src/cpu\vectors.c ****    VECTOR_PADDING,
 278:D:/kuaipan/SEMG/MEMS_SEMG_KL25/KL25 Sample Code_I2c/KL25 Sample Code/kl25_sc_rev10/klxx-sc-baremetal/src/cpu\vectors.c ****    VECTOR_PADDING,
 279:D:/kuaipan/SEMG/MEMS_SEMG_KL25/KL25 Sample Code_I2c/KL25 Sample Code/kl25_sc_rev10/klxx-sc-baremetal/src/cpu\vectors.c ****    VECTOR_PADDING,
 280:D:/kuaipan/SEMG/MEMS_SEMG_KL25/KL25 Sample Code_I2c/KL25 Sample Code/kl25_sc_rev10/klxx-sc-baremetal/src/cpu\vectors.c ****    VECTOR_PADDING,
 281:D:/kuaipan/SEMG/MEMS_SEMG_KL25/KL25 Sample Code_I2c/KL25 Sample Code/kl25_sc_rev10/klxx-sc-baremetal/src/cpu\vectors.c **** #ifndef CW
 282:D:/kuaipan/SEMG/MEMS_SEMG_KL25/KL25 Sample Code_I2c/KL25 Sample Code/kl25_sc_rev10/klxx-sc-baremetal/src/cpu\vectors.c ****    CONFIG_1,
 283:D:/kuaipan/SEMG/MEMS_SEMG_KL25/KL25 Sample Code_I2c/KL25 Sample Code/kl25_sc_rev10/klxx-sc-baremetal/src/cpu\vectors.c ****    CONFIG_2,
 284:D:/kuaipan/SEMG/MEMS_SEMG_KL25/KL25 Sample Code_I2c/KL25 Sample Code/kl25_sc_rev10/klxx-sc-baremetal/src/cpu\vectors.c ****    CONFIG_3,
 285:D:/kuaipan/SEMG/MEMS_SEMG_KL25/KL25 Sample Code_I2c/KL25 Sample Code/kl25_sc_rev10/klxx-sc-baremetal/src/cpu\vectors.c ****    CONFIG_4,
 286:D:/kuaipan/SEMG/MEMS_SEMG_KL25/KL25 Sample Code_I2c/KL25 Sample Code/kl25_sc_rev10/klxx-sc-baremetal/src/cpu\vectors.c **** #endif
 287:D:/kuaipan/SEMG/MEMS_SEMG_KL25/KL25 Sample Code_I2c/KL25 Sample Code/kl25_sc_rev10/klxx-sc-baremetal/src/cpu\vectors.c **** 
 288:D:/kuaipan/SEMG/MEMS_SEMG_KL25/KL25 Sample Code_I2c/KL25 Sample Code/kl25_sc_rev10/klxx-sc-baremetal/src/cpu\vectors.c **** };
 289:D:/kuaipan/SEMG/MEMS_SEMG_KL25/KL25 Sample Code_I2c/KL25 Sample Code/kl25_sc_rev10/klxx-sc-baremetal/src/cpu\vectors.c **** 
 290:D:/kuaipan/SEMG/MEMS_SEMG_KL25/KL25 Sample Code_I2c/KL25 Sample Code/kl25_sc_rev10/klxx-sc-baremetal/src/cpu\vectors.c **** #if (defined(CW))
 291:D:/kuaipan/SEMG/MEMS_SEMG_KL25/KL25 Sample Code_I2c/KL25 Sample Code/kl25_sc_rev10/klxx-sc-baremetal/src/cpu\vectors.c **** const vector_entry __attribute__ ((section(".cfmconfig"))) flash_config[] = //@ ".intvec" =
 292:D:/kuaipan/SEMG/MEMS_SEMG_KL25/KL25 Sample Code_I2c/KL25 Sample Code/kl25_sc_rev10/klxx-sc-baremetal/src/cpu\vectors.c **** {
 293:D:/kuaipan/SEMG/MEMS_SEMG_KL25/KL25 Sample Code_I2c/KL25 Sample Code/kl25_sc_rev10/klxx-sc-baremetal/src/cpu\vectors.c **** 	   CONFIG_1,
 294:D:/kuaipan/SEMG/MEMS_SEMG_KL25/KL25 Sample Code_I2c/KL25 Sample Code/kl25_sc_rev10/klxx-sc-baremetal/src/cpu\vectors.c **** 	   CONFIG_2,
 295:D:/kuaipan/SEMG/MEMS_SEMG_KL25/KL25 Sample Code_I2c/KL25 Sample Code/kl25_sc_rev10/klxx-sc-baremetal/src/cpu\vectors.c **** 	   CONFIG_3,
 296:D:/kuaipan/SEMG/MEMS_SEMG_KL25/KL25 Sample Code_I2c/KL25 Sample Code/kl25_sc_rev10/klxx-sc-baremetal/src/cpu\vectors.c **** 	   CONFIG_4,
 297:D:/kuaipan/SEMG/MEMS_SEMG_KL25/KL25 Sample Code_I2c/KL25 Sample Code/kl25_sc_rev10/klxx-sc-baremetal/src/cpu\vectors.c **** 	
 298:D:/kuaipan/SEMG/MEMS_SEMG_KL25/KL25 Sample Code_I2c/KL25 Sample Code/kl25_sc_rev10/klxx-sc-baremetal/src/cpu\vectors.c **** };
 299:D:/kuaipan/SEMG/MEMS_SEMG_KL25/KL25 Sample Code_I2c/KL25 Sample Code/kl25_sc_rev10/klxx-sc-baremetal/src/cpu\vectors.c **** #endif
 300:D:/kuaipan/SEMG/MEMS_SEMG_KL25/KL25 Sample Code_I2c/KL25 Sample Code/kl25_sc_rev10/klxx-sc-baremetal/src/cpu\vectors.c **** // VECTOR_TABLE end
 301:D:/kuaipan/SEMG/MEMS_SEMG_KL25/KL25 Sample Code_I2c/KL25 Sample Code/kl25_sc_rev10/klxx-sc-baremetal/src/cpu\vectors.c **** /******************************************************************************
 302:D:/kuaipan/SEMG/MEMS_SEMG_KL25/KL25 Sample Code_I2c/KL25 Sample Code/kl25_sc_rev10/klxx-sc-baremetal/src/cpu\vectors.c **** * default_isr(void)
 303:D:/kuaipan/SEMG/MEMS_SEMG_KL25/KL25 Sample Code_I2c/KL25 Sample Code/kl25_sc_rev10/klxx-sc-baremetal/src/cpu\vectors.c **** *
 304:D:/kuaipan/SEMG/MEMS_SEMG_KL25/KL25 Sample Code_I2c/KL25 Sample Code/kl25_sc_rev10/klxx-sc-baremetal/src/cpu\vectors.c **** * Default ISR definition.
 305:D:/kuaipan/SEMG/MEMS_SEMG_KL25/KL25 Sample Code_I2c/KL25 Sample Code/kl25_sc_rev10/klxx-sc-baremetal/src/cpu\vectors.c **** *
 306:D:/kuaipan/SEMG/MEMS_SEMG_KL25/KL25 Sample Code_I2c/KL25 Sample Code/kl25_sc_rev10/klxx-sc-baremetal/src/cpu\vectors.c **** * In:  n/a
 307:D:/kuaipan/SEMG/MEMS_SEMG_KL25/KL25 Sample Code_I2c/KL25 Sample Code/kl25_sc_rev10/klxx-sc-baremetal/src/cpu\vectors.c **** * Out: n/a
 308:D:/kuaipan/SEMG/MEMS_SEMG_KL25/KL25 Sample Code_I2c/KL25 Sample Code/kl25_sc_rev10/klxx-sc-baremetal/src/cpu\vectors.c **** ******************************************************************************/
 309:D:/kuaipan/SEMG/MEMS_SEMG_KL25/KL25 Sample Code_I2c/KL25 Sample Code/kl25_sc_rev10/klxx-sc-baremetal/src/cpu\vectors.c **** void default_isr(void)
 310:D:/kuaipan/SEMG/MEMS_SEMG_KL25/KL25 Sample Code_I2c/KL25 Sample Code/kl25_sc_rev10/klxx-sc-baremetal/src/cpu\vectors.c **** {
  26              		.loc 1 310 0
  27              		.cfi_startproc
  28 0000 08B5     		push	{r3, lr}
  29              	.LCFI0:
  30              		.cfi_def_cfa_offset 8
  31              		.cfi_offset 3, -8
  32              		.cfi_offset 14, -4
 311:D:/kuaipan/SEMG/MEMS_SEMG_KL25/KL25 Sample Code_I2c/KL25 Sample Code/kl25_sc_rev10/klxx-sc-baremetal/src/cpu\vectors.c ****    #define VECTORNUM                     (*(volatile uint32_t*)(0xE000ED04))
 312:D:/kuaipan/SEMG/MEMS_SEMG_KL25/KL25 Sample Code_I2c/KL25 Sample Code/kl25_sc_rev10/klxx-sc-baremetal/src/cpu\vectors.c **** 
 313:D:/kuaipan/SEMG/MEMS_SEMG_KL25/KL25 Sample Code_I2c/KL25 Sample Code/kl25_sc_rev10/klxx-sc-baremetal/src/cpu\vectors.c ****    printf("\n****default_isr entered on vector %d*****\r\n\n",VECTORNUM);
  33              		.loc 1 313 0
  34 0002 034B     		ldr	r3, .L2
  35 0004 0348     		ldr	r0, .L2+4
  36 0006 1968     		ldr	r1, [r3]
  37 0008 FFF7FEFF 		bl	printf
  38              	.LVL0:
 314:D:/kuaipan/SEMG/MEMS_SEMG_KL25/KL25 Sample Code_I2c/KL25 Sample Code/kl25_sc_rev10/klxx-sc-baremetal/src/cpu\vectors.c ****    return;
 315:D:/kuaipan/SEMG/MEMS_SEMG_KL25/KL25 Sample Code_I2c/KL25 Sample Code/kl25_sc_rev10/klxx-sc-baremetal/src/cpu\vectors.c **** }
  39              		.loc 1 315 0
  40              		@ sp needed for prologue
  41 000c 08BD     		pop	{r3, pc}
  42              	.L3:
  43 000e C046     		.align	2
  44              	.L2:
  45 0010 04ED00E0 		.word	-536810236
  46 0014 00000000 		.word	.LC0
  47              		.cfi_endproc
  48              	.LFE0:
  50              		.section	.text.abort_isr,"ax",%progbits
  51              		.align	2
  52              		.global	abort_isr
  53              		.code	16
  54              		.thumb_func
  56              	abort_isr:
  57              	.LFB1:
 316:D:/kuaipan/SEMG/MEMS_SEMG_KL25/KL25 Sample Code_I2c/KL25 Sample Code/kl25_sc_rev10/klxx-sc-baremetal/src/cpu\vectors.c **** /******************************************************************************/
 317:D:/kuaipan/SEMG/MEMS_SEMG_KL25/KL25 Sample Code_I2c/KL25 Sample Code/kl25_sc_rev10/klxx-sc-baremetal/src/cpu\vectors.c **** /* Generic interrupt handler for the PTA4 GPIO interrupt connected to an 
 318:D:/kuaipan/SEMG/MEMS_SEMG_KL25/KL25 Sample Code_I2c/KL25 Sample Code/kl25_sc_rev10/klxx-sc-baremetal/src/cpu\vectors.c ****  * abort switch. 
 319:D:/kuaipan/SEMG/MEMS_SEMG_KL25/KL25 Sample Code_I2c/KL25 Sample Code/kl25_sc_rev10/klxx-sc-baremetal/src/cpu\vectors.c ****  * NOTE: For true abort operation this handler should be modified
 320:D:/kuaipan/SEMG/MEMS_SEMG_KL25/KL25 Sample Code_I2c/KL25 Sample Code/kl25_sc_rev10/klxx-sc-baremetal/src/cpu\vectors.c ****  * to jump to the main process instead of executing a return.
 321:D:/kuaipan/SEMG/MEMS_SEMG_KL25/KL25 Sample Code_I2c/KL25 Sample Code/kl25_sc_rev10/klxx-sc-baremetal/src/cpu\vectors.c ****  */
 322:D:/kuaipan/SEMG/MEMS_SEMG_KL25/KL25 Sample Code_I2c/KL25 Sample Code/kl25_sc_rev10/klxx-sc-baremetal/src/cpu\vectors.c **** void abort_isr(void)
 323:D:/kuaipan/SEMG/MEMS_SEMG_KL25/KL25 Sample Code_I2c/KL25 Sample Code/kl25_sc_rev10/klxx-sc-baremetal/src/cpu\vectors.c **** {
  58              		.loc 1 323 0
  59              		.cfi_startproc
  60 0000 08B5     		push	{r3, lr}
  61              	.LCFI1:
  62              		.cfi_def_cfa_offset 8
  63              		.cfi_offset 3, -8
  64              		.cfi_offset 14, -4
 324:D:/kuaipan/SEMG/MEMS_SEMG_KL25/KL25 Sample Code_I2c/KL25 Sample Code/kl25_sc_rev10/klxx-sc-baremetal/src/cpu\vectors.c ****    /* Write 1 to the PTA4 interrupt flag bit to clear the interrupt */
 325:D:/kuaipan/SEMG/MEMS_SEMG_KL25/KL25 Sample Code_I2c/KL25 Sample Code/kl25_sc_rev10/klxx-sc-baremetal/src/cpu\vectors.c ****    PORTA_PCR4 |= PORT_PCR_ISF_MASK;    
  65              		.loc 1 325 0
  66 0002 054B     		ldr	r3, .L5
  67 0004 8022     		mov	r2, #128
  68 0006 1969     		ldr	r1, [r3, #16]
  69 0008 5004     		lsl	r0, r2, #17
  70 000a 0843     		orr	r0, r1
  71 000c 1861     		str	r0, [r3, #16]
 326:D:/kuaipan/SEMG/MEMS_SEMG_KL25/KL25 Sample Code_I2c/KL25 Sample Code/kl25_sc_rev10/klxx-sc-baremetal/src/cpu\vectors.c ****   
 327:D:/kuaipan/SEMG/MEMS_SEMG_KL25/KL25 Sample Code_I2c/KL25 Sample Code/kl25_sc_rev10/klxx-sc-baremetal/src/cpu\vectors.c ****    printf("\n****Abort button interrupt****\n\n");
  72              		.loc 1 327 0
  73 000e 0348     		ldr	r0, .L5+4
  74 0010 FFF7FEFF 		bl	puts
  75              	.LVL1:
 328:D:/kuaipan/SEMG/MEMS_SEMG_KL25/KL25 Sample Code_I2c/KL25 Sample Code/kl25_sc_rev10/klxx-sc-baremetal/src/cpu\vectors.c ****    return;
 329:D:/kuaipan/SEMG/MEMS_SEMG_KL25/KL25 Sample Code_I2c/KL25 Sample Code/kl25_sc_rev10/klxx-sc-baremetal/src/cpu\vectors.c **** }
  76              		.loc 1 329 0
  77              		@ sp needed for prologue
  78 0014 08BD     		pop	{r3, pc}
  79              	.L6:
  80 0016 C046     		.align	2
  81              	.L5:
  82 0018 00900440 		.word	1074040832
  83 001c 30000000 		.word	.LC2
  84              		.cfi_endproc
  85              	.LFE1:
  87              		.section	.text.hard_fault_handler_c,"ax",%progbits
  88              		.align	2
  89              		.global	hard_fault_handler_c
  90              		.code	16
  91              		.thumb_func
  93              	hard_fault_handler_c:
  94              	.LFB2:
 330:D:/kuaipan/SEMG/MEMS_SEMG_KL25/KL25 Sample Code_I2c/KL25 Sample Code/kl25_sc_rev10/klxx-sc-baremetal/src/cpu\vectors.c **** /******************************************************************************/
 331:D:/kuaipan/SEMG/MEMS_SEMG_KL25/KL25 Sample Code_I2c/KL25 Sample Code/kl25_sc_rev10/klxx-sc-baremetal/src/cpu\vectors.c **** /* Exception frame without floating-point storage 
 332:D:/kuaipan/SEMG/MEMS_SEMG_KL25/KL25 Sample Code_I2c/KL25 Sample Code/kl25_sc_rev10/klxx-sc-baremetal/src/cpu\vectors.c ****  * hard fault handler in C,
 333:D:/kuaipan/SEMG/MEMS_SEMG_KL25/KL25 Sample Code_I2c/KL25 Sample Code/kl25_sc_rev10/klxx-sc-baremetal/src/cpu\vectors.c ****  * with stack frame location as input parameter
 334:D:/kuaipan/SEMG/MEMS_SEMG_KL25/KL25 Sample Code_I2c/KL25 Sample Code/kl25_sc_rev10/klxx-sc-baremetal/src/cpu\vectors.c ****  */
 335:D:/kuaipan/SEMG/MEMS_SEMG_KL25/KL25 Sample Code_I2c/KL25 Sample Code/kl25_sc_rev10/klxx-sc-baremetal/src/cpu\vectors.c **** void 
 336:D:/kuaipan/SEMG/MEMS_SEMG_KL25/KL25 Sample Code_I2c/KL25 Sample Code/kl25_sc_rev10/klxx-sc-baremetal/src/cpu\vectors.c **** hard_fault_handler_c(unsigned int * hardfault_args)
 337:D:/kuaipan/SEMG/MEMS_SEMG_KL25/KL25 Sample Code_I2c/KL25 Sample Code/kl25_sc_rev10/klxx-sc-baremetal/src/cpu\vectors.c **** {
  95              		.loc 1 337 0
  96              		.cfi_startproc
  97              	.LVL2:
  98 0000 F8B5     		push	{r3, r4, r5, r6, r7, lr}
  99              	.LCFI2:
 100              		.cfi_def_cfa_offset 24
 101              		.cfi_offset 3, -24
 102              		.cfi_offset 4, -20
 103              		.cfi_offset 5, -16
 104              		.cfi_offset 6, -12
 105              		.cfi_offset 7, -8
 106              		.cfi_offset 14, -4
 107 0002 5F46     		mov	r7, fp
 108 0004 5646     		mov	r6, sl
 109 0006 4D46     		mov	r5, r9
 110 0008 4446     		mov	r4, r8
 111 000a F0B4     		push	{r4, r5, r6, r7}
 112              	.LCFI3:
 113              		.cfi_def_cfa_offset 40
 114              		.cfi_offset 8, -40
 115              		.cfi_offset 9, -36
 116              		.cfi_offset 10, -32
 117              		.cfi_offset 11, -28
 338:D:/kuaipan/SEMG/MEMS_SEMG_KL25/KL25 Sample Code_I2c/KL25 Sample Code/kl25_sc_rev10/klxx-sc-baremetal/src/cpu\vectors.c ****     unsigned int stacked_r0;
 339:D:/kuaipan/SEMG/MEMS_SEMG_KL25/KL25 Sample Code_I2c/KL25 Sample Code/kl25_sc_rev10/klxx-sc-baremetal/src/cpu\vectors.c ****     unsigned int stacked_r1;
 340:D:/kuaipan/SEMG/MEMS_SEMG_KL25/KL25 Sample Code_I2c/KL25 Sample Code/kl25_sc_rev10/klxx-sc-baremetal/src/cpu\vectors.c ****     unsigned int stacked_r2;
 341:D:/kuaipan/SEMG/MEMS_SEMG_KL25/KL25 Sample Code_I2c/KL25 Sample Code/kl25_sc_rev10/klxx-sc-baremetal/src/cpu\vectors.c ****     unsigned int stacked_r3;
 342:D:/kuaipan/SEMG/MEMS_SEMG_KL25/KL25 Sample Code_I2c/KL25 Sample Code/kl25_sc_rev10/klxx-sc-baremetal/src/cpu\vectors.c ****     unsigned int stacked_r12;
 343:D:/kuaipan/SEMG/MEMS_SEMG_KL25/KL25 Sample Code_I2c/KL25 Sample Code/kl25_sc_rev10/klxx-sc-baremetal/src/cpu\vectors.c ****     unsigned int stacked_lr;
 344:D:/kuaipan/SEMG/MEMS_SEMG_KL25/KL25 Sample Code_I2c/KL25 Sample Code/kl25_sc_rev10/klxx-sc-baremetal/src/cpu\vectors.c ****     unsigned int stacked_pc;
 345:D:/kuaipan/SEMG/MEMS_SEMG_KL25/KL25 Sample Code_I2c/KL25 Sample Code/kl25_sc_rev10/klxx-sc-baremetal/src/cpu\vectors.c ****     unsigned int stacked_psr;
 346:D:/kuaipan/SEMG/MEMS_SEMG_KL25/KL25 Sample Code_I2c/KL25 Sample Code/kl25_sc_rev10/klxx-sc-baremetal/src/cpu\vectors.c ****     
 347:D:/kuaipan/SEMG/MEMS_SEMG_KL25/KL25 Sample Code_I2c/KL25 Sample Code/kl25_sc_rev10/klxx-sc-baremetal/src/cpu\vectors.c ****     //Exception stack frame
 348:D:/kuaipan/SEMG/MEMS_SEMG_KL25/KL25 Sample Code_I2c/KL25 Sample Code/kl25_sc_rev10/klxx-sc-baremetal/src/cpu\vectors.c ****     stacked_r0 = ((unsigned long) hardfault_args[0]);
 349:D:/kuaipan/SEMG/MEMS_SEMG_KL25/KL25 Sample Code_I2c/KL25 Sample Code/kl25_sc_rev10/klxx-sc-baremetal/src/cpu\vectors.c ****     stacked_r1 = ((unsigned long) hardfault_args[1]);
 350:D:/kuaipan/SEMG/MEMS_SEMG_KL25/KL25 Sample Code_I2c/KL25 Sample Code/kl25_sc_rev10/klxx-sc-baremetal/src/cpu\vectors.c ****     stacked_r2 = ((unsigned long) hardfault_args[2]);
 118              		.loc 1 350 0
 119 000c 8268     		ldr	r2, [r0, #8]
 348:D:/kuaipan/SEMG/MEMS_SEMG_KL25/KL25 Sample Code_I2c/KL25 Sample Code/kl25_sc_rev10/klxx-sc-baremetal/src/cpu\vectors.c ****     stacked_r0 = ((unsigned long) hardfault_args[0]);
 120              		.loc 1 348 0
 121 000e 0368     		ldr	r3, [r0]
 349:D:/kuaipan/SEMG/MEMS_SEMG_KL25/KL25 Sample Code_I2c/KL25 Sample Code/kl25_sc_rev10/klxx-sc-baremetal/src/cpu\vectors.c ****     stacked_r1 = ((unsigned long) hardfault_args[1]);
 122              		.loc 1 349 0
 123 0010 4168     		ldr	r1, [r0, #4]
 351:D:/kuaipan/SEMG/MEMS_SEMG_KL25/KL25 Sample Code_I2c/KL25 Sample Code/kl25_sc_rev10/klxx-sc-baremetal/src/cpu\vectors.c ****     stacked_r3 = ((unsigned long) hardfault_args[3]);
 124              		.loc 1 351 0
 125 0012 C768     		ldr	r7, [r0, #12]
 352:D:/kuaipan/SEMG/MEMS_SEMG_KL25/KL25 Sample Code_I2c/KL25 Sample Code/kl25_sc_rev10/klxx-sc-baremetal/src/cpu\vectors.c ****     
 353:D:/kuaipan/SEMG/MEMS_SEMG_KL25/KL25 Sample Code_I2c/KL25 Sample Code/kl25_sc_rev10/klxx-sc-baremetal/src/cpu\vectors.c ****     stacked_r12 = ((unsigned long) hardfault_args[4]);
 126              		.loc 1 353 0
 127 0014 0669     		ldr	r6, [r0, #16]
 354:D:/kuaipan/SEMG/MEMS_SEMG_KL25/KL25 Sample Code_I2c/KL25 Sample Code/kl25_sc_rev10/klxx-sc-baremetal/src/cpu\vectors.c ****     stacked_lr = ((unsigned long) hardfault_args[5]);
 128              		.loc 1 354 0
 129 0016 4569     		ldr	r5, [r0, #20]
 355:D:/kuaipan/SEMG/MEMS_SEMG_KL25/KL25 Sample Code_I2c/KL25 Sample Code/kl25_sc_rev10/klxx-sc-baremetal/src/cpu\vectors.c ****     stacked_pc = ((unsigned long) hardfault_args[6]);
 130              		.loc 1 355 0
 131 0018 8469     		ldr	r4, [r0, #24]
 356:D:/kuaipan/SEMG/MEMS_SEMG_KL25/KL25 Sample Code_I2c/KL25 Sample Code/kl25_sc_rev10/klxx-sc-baremetal/src/cpu\vectors.c ****     stacked_psr = ((unsigned long) hardfault_args[7]);
 132              		.loc 1 356 0
 133 001a C069     		ldr	r0, [r0, #28]
 134              	.LVL3:
 348:D:/kuaipan/SEMG/MEMS_SEMG_KL25/KL25 Sample Code_I2c/KL25 Sample Code/kl25_sc_rev10/klxx-sc-baremetal/src/cpu\vectors.c ****     stacked_r0 = ((unsigned long) hardfault_args[0]);
 135              		.loc 1 348 0
 136 001c 9A46     		mov	sl, r3
 137              	.LVL4:
 138              		.loc 1 356 0
 139 001e 8346     		mov	fp, r0
 357:D:/kuaipan/SEMG/MEMS_SEMG_KL25/KL25 Sample Code_I2c/KL25 Sample Code/kl25_sc_rev10/klxx-sc-baremetal/src/cpu\vectors.c ****     
 358:D:/kuaipan/SEMG/MEMS_SEMG_KL25/KL25 Sample Code_I2c/KL25 Sample Code/kl25_sc_rev10/klxx-sc-baremetal/src/cpu\vectors.c ****     printf ("[Hard fault handler]\n");
 140              		.loc 1 358 0
 141 0020 1F48     		ldr	r0, .L10
 350:D:/kuaipan/SEMG/MEMS_SEMG_KL25/KL25 Sample Code_I2c/KL25 Sample Code/kl25_sc_rev10/klxx-sc-baremetal/src/cpu\vectors.c ****     stacked_r2 = ((unsigned long) hardfault_args[2]);
 142              		.loc 1 350 0
 143 0022 9046     		mov	r8, r2
 349:D:/kuaipan/SEMG/MEMS_SEMG_KL25/KL25 Sample Code_I2c/KL25 Sample Code/kl25_sc_rev10/klxx-sc-baremetal/src/cpu\vectors.c ****     stacked_r1 = ((unsigned long) hardfault_args[1]);
 144              		.loc 1 349 0
 145 0024 8946     		mov	r9, r1
 146              	.LVL5:
 147              		.loc 1 358 0
 148 0026 FFF7FEFF 		bl	puts
 149              	.LVL6:
 359:D:/kuaipan/SEMG/MEMS_SEMG_KL25/KL25 Sample Code_I2c/KL25 Sample Code/kl25_sc_rev10/klxx-sc-baremetal/src/cpu\vectors.c ****     printf ("R0 = %x\n", stacked_r0);
 150              		.loc 1 359 0
 151 002a 5146     		mov	r1, sl
 152 002c 1D48     		ldr	r0, .L10+4
 153 002e FFF7FEFF 		bl	printf
 154              	.LVL7:
 360:D:/kuaipan/SEMG/MEMS_SEMG_KL25/KL25 Sample Code_I2c/KL25 Sample Code/kl25_sc_rev10/klxx-sc-baremetal/src/cpu\vectors.c ****     printf ("R1 = %x\n", stacked_r1);
 155              		.loc 1 360 0
 156 0032 4946     		mov	r1, r9
 157 0034 1C48     		ldr	r0, .L10+8
 158 0036 FFF7FEFF 		bl	printf
 159              	.LVL8:
 361:D:/kuaipan/SEMG/MEMS_SEMG_KL25/KL25 Sample Code_I2c/KL25 Sample Code/kl25_sc_rev10/klxx-sc-baremetal/src/cpu\vectors.c ****     printf ("R2 = %x\n", stacked_r2);
 160              		.loc 1 361 0
 161 003a 4146     		mov	r1, r8
 162 003c 1B48     		ldr	r0, .L10+12
 163 003e FFF7FEFF 		bl	printf
 164              	.LVL9:
 362:D:/kuaipan/SEMG/MEMS_SEMG_KL25/KL25 Sample Code_I2c/KL25 Sample Code/kl25_sc_rev10/klxx-sc-baremetal/src/cpu\vectors.c ****     printf ("R3 = %x\n", stacked_r3);
 165              		.loc 1 362 0
 166 0042 391C     		mov	r1, r7
 167 0044 1A48     		ldr	r0, .L10+16
 168 0046 FFF7FEFF 		bl	printf
 169              	.LVL10:
 363:D:/kuaipan/SEMG/MEMS_SEMG_KL25/KL25 Sample Code_I2c/KL25 Sample Code/kl25_sc_rev10/klxx-sc-baremetal/src/cpu\vectors.c ****     printf ("R12 = %x\n", stacked_r12);
 170              		.loc 1 363 0
 171 004a 311C     		mov	r1, r6
 172 004c 1948     		ldr	r0, .L10+20
 173 004e FFF7FEFF 		bl	printf
 174              	.LVL11:
 364:D:/kuaipan/SEMG/MEMS_SEMG_KL25/KL25 Sample Code_I2c/KL25 Sample Code/kl25_sc_rev10/klxx-sc-baremetal/src/cpu\vectors.c ****     printf ("LR = %x\n", stacked_lr);
 175              		.loc 1 364 0
 176 0052 291C     		mov	r1, r5
 177 0054 1848     		ldr	r0, .L10+24
 178 0056 FFF7FEFF 		bl	printf
 179              	.LVL12:
 365:D:/kuaipan/SEMG/MEMS_SEMG_KL25/KL25 Sample Code_I2c/KL25 Sample Code/kl25_sc_rev10/klxx-sc-baremetal/src/cpu\vectors.c ****     printf ("PC = %x\n", stacked_pc);
 180              		.loc 1 365 0
 181 005a 211C     		mov	r1, r4
 182 005c 1748     		ldr	r0, .L10+28
 183 005e FFF7FEFF 		bl	printf
 184              	.LVL13:
 366:D:/kuaipan/SEMG/MEMS_SEMG_KL25/KL25 Sample Code_I2c/KL25 Sample Code/kl25_sc_rev10/klxx-sc-baremetal/src/cpu\vectors.c ****     printf ("PSR = %x\n", stacked_psr);
 185              		.loc 1 366 0
 186 0062 5946     		mov	r1, fp
 187 0064 1648     		ldr	r0, .L10+32
 188 0066 FFF7FEFF 		bl	printf
 189              	.LVL14:
 367:D:/kuaipan/SEMG/MEMS_SEMG_KL25/KL25 Sample Code_I2c/KL25 Sample Code/kl25_sc_rev10/klxx-sc-baremetal/src/cpu\vectors.c **** #ifndef CW
 368:D:/kuaipan/SEMG/MEMS_SEMG_KL25/KL25 Sample Code_I2c/KL25 Sample Code/kl25_sc_rev10/klxx-sc-baremetal/src/cpu\vectors.c ****     printf ("BFAR = %x\n", (*((volatile unsigned long *)(0xE000ED38))));
 369:D:/kuaipan/SEMG/MEMS_SEMG_KL25/KL25 Sample Code_I2c/KL25 Sample Code/kl25_sc_rev10/klxx-sc-baremetal/src/cpu\vectors.c ****     printf ("CFSR = %x\n", (*((volatile unsigned long *)(0xE000ED28))));
 370:D:/kuaipan/SEMG/MEMS_SEMG_KL25/KL25 Sample Code_I2c/KL25 Sample Code/kl25_sc_rev10/klxx-sc-baremetal/src/cpu\vectors.c ****     printf ("HFSR = %x\n", (*((volatile unsigned long *)(0xE000ED2C))));
 371:D:/kuaipan/SEMG/MEMS_SEMG_KL25/KL25 Sample Code_I2c/KL25 Sample Code/kl25_sc_rev10/klxx-sc-baremetal/src/cpu\vectors.c ****     printf ("DFSR = %x\n", (*((volatile unsigned long *)(0xE000ED30))));
 372:D:/kuaipan/SEMG/MEMS_SEMG_KL25/KL25 Sample Code_I2c/KL25 Sample Code/kl25_sc_rev10/klxx-sc-baremetal/src/cpu\vectors.c ****     printf ("AFSR = %x\n", (*((volatile unsigned long *)(0xE000ED3C))));
 373:D:/kuaipan/SEMG/MEMS_SEMG_KL25/KL25 Sample Code_I2c/KL25 Sample Code/kl25_sc_rev10/klxx-sc-baremetal/src/cpu\vectors.c **** #else
 374:D:/kuaipan/SEMG/MEMS_SEMG_KL25/KL25 Sample Code_I2c/KL25 Sample Code/kl25_sc_rev10/klxx-sc-baremetal/src/cpu\vectors.c ****     printf ("BFAR = %x\n", (*((volatile unsigned int *)(0xE000ED38))));
 190              		.loc 1 374 0
 191 006a 164B     		ldr	r3, .L10+36
 192 006c 1648     		ldr	r0, .L10+40
 193 006e 1968     		ldr	r1, [r3]
 194 0070 FFF7FEFF 		bl	printf
 195              	.LVL15:
 375:D:/kuaipan/SEMG/MEMS_SEMG_KL25/KL25 Sample Code_I2c/KL25 Sample Code/kl25_sc_rev10/klxx-sc-baremetal/src/cpu\vectors.c ****     printf ("CFSR = %x\n", (*((volatile unsigned int *)(0xE000ED28))));
 196              		.loc 1 375 0
 197 0074 1549     		ldr	r1, .L10+44
 198 0076 1648     		ldr	r0, .L10+48
 199 0078 0968     		ldr	r1, [r1]
 200 007a FFF7FEFF 		bl	printf
 201              	.LVL16:
 376:D:/kuaipan/SEMG/MEMS_SEMG_KL25/KL25 Sample Code_I2c/KL25 Sample Code/kl25_sc_rev10/klxx-sc-baremetal/src/cpu\vectors.c ****     printf ("HFSR = %x\n", (*((volatile unsigned int *)(0xE000ED2C))));
 202              		.loc 1 376 0
 203 007e 154A     		ldr	r2, .L10+52
 377:D:/kuaipan/SEMG/MEMS_SEMG_KL25/KL25 Sample Code_I2c/KL25 Sample Code/kl25_sc_rev10/klxx-sc-baremetal/src/cpu\vectors.c ****     printf ("DFSR = %x\n", (*((volatile unsigned int *)(0xE000ED30))));
 204              		.loc 1 377 0
 205 0080 154F     		ldr	r7, .L10+56
 206              	.LVL17:
 376:D:/kuaipan/SEMG/MEMS_SEMG_KL25/KL25 Sample Code_I2c/KL25 Sample Code/kl25_sc_rev10/klxx-sc-baremetal/src/cpu\vectors.c ****     printf ("HFSR = %x\n", (*((volatile unsigned int *)(0xE000ED2C))));
 207              		.loc 1 376 0
 208 0082 1168     		ldr	r1, [r2]
 209 0084 1548     		ldr	r0, .L10+60
 378:D:/kuaipan/SEMG/MEMS_SEMG_KL25/KL25 Sample Code_I2c/KL25 Sample Code/kl25_sc_rev10/klxx-sc-baremetal/src/cpu\vectors.c ****     printf ("AFSR = %x\n", (*((volatile unsigned int *)(0xE000ED3C))));
 210              		.loc 1 378 0
 211 0086 164E     		ldr	r6, .L10+64
 212              	.LVL18:
 376:D:/kuaipan/SEMG/MEMS_SEMG_KL25/KL25 Sample Code_I2c/KL25 Sample Code/kl25_sc_rev10/klxx-sc-baremetal/src/cpu\vectors.c ****     printf ("HFSR = %x\n", (*((volatile unsigned int *)(0xE000ED2C))));
 213              		.loc 1 376 0
 214 0088 FFF7FEFF 		bl	printf
 215              	.LVL19:
 377:D:/kuaipan/SEMG/MEMS_SEMG_KL25/KL25 Sample Code_I2c/KL25 Sample Code/kl25_sc_rev10/klxx-sc-baremetal/src/cpu\vectors.c ****     printf ("DFSR = %x\n", (*((volatile unsigned int *)(0xE000ED30))));
 216              		.loc 1 377 0
 217 008c 3968     		ldr	r1, [r7]
 218 008e 1548     		ldr	r0, .L10+68
 219 0090 FFF7FEFF 		bl	printf
 220              	.LVL20:
 221              		.loc 1 378 0
 222 0094 3168     		ldr	r1, [r6]
 223 0096 1448     		ldr	r0, .L10+72
 224 0098 FFF7FEFF 		bl	printf
 225              	.LVL21:
 226              	.L8:
 227 009c FEE7     		b	.L8
 228              	.L11:
 229 009e C046     		.align	2
 230              	.L10:
 231 00a0 54000000 		.word	.LC4
 232 00a4 6C000000 		.word	.LC6
 233 00a8 78000000 		.word	.LC8
 234 00ac 84000000 		.word	.LC10
 235 00b0 90000000 		.word	.LC12
 236 00b4 9C000000 		.word	.LC14
 237 00b8 A8000000 		.word	.LC16
 238 00bc B4000000 		.word	.LC18
 239 00c0 C0000000 		.word	.LC20
 240 00c4 38ED00E0 		.word	-536810184
 241 00c8 CC000000 		.word	.LC22
 242 00cc 28ED00E0 		.word	-536810200
 243 00d0 D8000000 		.word	.LC24
 244 00d4 2CED00E0 		.word	-536810196
 245 00d8 30ED00E0 		.word	-536810192
 246 00dc E4000000 		.word	.LC26
 247 00e0 3CED00E0 		.word	-536810180
 248 00e4 F0000000 		.word	.LC28
 249 00e8 FC000000 		.word	.LC30
 250              		.cfi_endproc
 251              	.LFE2:
 253              		.section	.text.SRTC_ISR,"ax",%progbits
 254              		.align	2
 255              		.global	SRTC_ISR
 256              		.code	16
 257              		.thumb_func
 259              	SRTC_ISR:
 260              	.LFB3:
 379:D:/kuaipan/SEMG/MEMS_SEMG_KL25/KL25 Sample Code_I2c/KL25 Sample Code/kl25_sc_rev10/klxx-sc-baremetal/src/cpu\vectors.c **** #endif
 380:D:/kuaipan/SEMG/MEMS_SEMG_KL25/KL25 Sample Code_I2c/KL25 Sample Code/kl25_sc_rev10/klxx-sc-baremetal/src/cpu\vectors.c ****     for(;;)
 381:D:/kuaipan/SEMG/MEMS_SEMG_KL25/KL25 Sample Code_I2c/KL25 Sample Code/kl25_sc_rev10/klxx-sc-baremetal/src/cpu\vectors.c ****     {}
 382:D:/kuaipan/SEMG/MEMS_SEMG_KL25/KL25 Sample Code_I2c/KL25 Sample Code/kl25_sc_rev10/klxx-sc-baremetal/src/cpu\vectors.c **** } 
 383:D:/kuaipan/SEMG/MEMS_SEMG_KL25/KL25 Sample Code_I2c/KL25 Sample Code/kl25_sc_rev10/klxx-sc-baremetal/src/cpu\vectors.c **** void SRTC_ISR(void) 
 384:D:/kuaipan/SEMG/MEMS_SEMG_KL25/KL25 Sample Code_I2c/KL25 Sample Code/kl25_sc_rev10/klxx-sc-baremetal/src/cpu\vectors.c **** {
 261              		.loc 1 384 0
 262              		.cfi_startproc
 263 0000 30B5     		push	{r4, r5, lr}
 264              	.LCFI4:
 265              		.cfi_def_cfa_offset 12
 266              		.cfi_offset 4, -12
 267              		.cfi_offset 5, -8
 268              		.cfi_offset 14, -4
 385:D:/kuaipan/SEMG/MEMS_SEMG_KL25/KL25 Sample Code_I2c/KL25 Sample Code/kl25_sc_rev10/klxx-sc-baremetal/src/cpu\vectors.c ****   
 386:D:/kuaipan/SEMG/MEMS_SEMG_KL25/KL25 Sample Code_I2c/KL25 Sample Code/kl25_sc_rev10/klxx-sc-baremetal/src/cpu\vectors.c ****   volatile uint32 temp;
 387:D:/kuaipan/SEMG/MEMS_SEMG_KL25/KL25 Sample Code_I2c/KL25 Sample Code/kl25_sc_rev10/klxx-sc-baremetal/src/cpu\vectors.c ****   
 388:D:/kuaipan/SEMG/MEMS_SEMG_KL25/KL25 Sample Code_I2c/KL25 Sample Code/kl25_sc_rev10/klxx-sc-baremetal/src/cpu\vectors.c ****    printf("SRTC_ISR entered\r\n");
 389:D:/kuaipan/SEMG/MEMS_SEMG_KL25/KL25 Sample Code_I2c/KL25 Sample Code/kl25_sc_rev10/klxx-sc-baremetal/src/cpu\vectors.c ****    
 390:D:/kuaipan/SEMG/MEMS_SEMG_KL25/KL25 Sample Code_I2c/KL25 Sample Code/kl25_sc_rev10/klxx-sc-baremetal/src/cpu\vectors.c ****    temp = RTC_SR;
 269              		.loc 1 390 0
 270 0002 1A4C     		ldr	r4, .L20
 384:D:/kuaipan/SEMG/MEMS_SEMG_KL25/KL25 Sample Code_I2c/KL25 Sample Code/kl25_sc_rev10/klxx-sc-baremetal/src/cpu\vectors.c **** {
 271              		.loc 1 384 0
 272 0004 83B0     		sub	sp, sp, #12
 273              	.LCFI5:
 274              		.cfi_def_cfa_offset 24
 388:D:/kuaipan/SEMG/MEMS_SEMG_KL25/KL25 Sample Code_I2c/KL25 Sample Code/kl25_sc_rev10/klxx-sc-baremetal/src/cpu\vectors.c ****    printf("SRTC_ISR entered\r\n");
 275              		.loc 1 388 0
 276 0006 1A48     		ldr	r0, .L20+4
 277 0008 FFF7FEFF 		bl	puts
 278              	.LVL22:
 279              		.loc 1 390 0
 280 000c 6369     		ldr	r3, [r4, #20]
 281              	.LVL23:
 282 000e 0193     		str	r3, [sp, #4]
 391:D:/kuaipan/SEMG/MEMS_SEMG_KL25/KL25 Sample Code_I2c/KL25 Sample Code/kl25_sc_rev10/klxx-sc-baremetal/src/cpu\vectors.c ****    temp++;
 283              		.loc 1 391 0
 284 0010 0198     		ldr	r0, [sp, #4]
 285 0012 0130     		add	r0, r0, #1
 286              	.LVL24:
 287 0014 0190     		str	r0, [sp, #4]
 288              	.LVL25:
 392:D:/kuaipan/SEMG/MEMS_SEMG_KL25/KL25 Sample Code_I2c/KL25 Sample Code/kl25_sc_rev10/klxx-sc-baremetal/src/cpu\vectors.c ****    
 393:D:/kuaipan/SEMG/MEMS_SEMG_KL25/KL25 Sample Code_I2c/KL25 Sample Code/kl25_sc_rev10/klxx-sc-baremetal/src/cpu\vectors.c ****    if((RTC_SR & 0x01)== 0x01)
 289              		.loc 1 393 0
 290 0016 6169     		ldr	r1, [r4, #20]
 291 0018 CA07     		lsl	r2, r1, #31
 292 001a 10D4     		bmi	.L17
 394:D:/kuaipan/SEMG/MEMS_SEMG_KL25/KL25 Sample Code_I2c/KL25 Sample Code/kl25_sc_rev10/klxx-sc-baremetal/src/cpu\vectors.c ****      {
 395:D:/kuaipan/SEMG/MEMS_SEMG_KL25/KL25 Sample Code_I2c/KL25 Sample Code/kl25_sc_rev10/klxx-sc-baremetal/src/cpu\vectors.c ****        printf("SRTC time invalid interrupt entered...\r\n");
 396:D:/kuaipan/SEMG/MEMS_SEMG_KL25/KL25 Sample Code_I2c/KL25 Sample Code/kl25_sc_rev10/klxx-sc-baremetal/src/cpu\vectors.c ****    	   RTC_SR &= 0x07;  //clear TCE, or SRTC_TSR can  not be written 
 397:D:/kuaipan/SEMG/MEMS_SEMG_KL25/KL25 Sample Code_I2c/KL25 Sample Code/kl25_sc_rev10/klxx-sc-baremetal/src/cpu\vectors.c ****    	   RTC_TSR = 0x00000005;  //clear TIF by writing to the seconds register
 398:D:/kuaipan/SEMG/MEMS_SEMG_KL25/KL25 Sample Code_I2c/KL25 Sample Code/kl25_sc_rev10/klxx-sc-baremetal/src/cpu\vectors.c ****      }	
 399:D:/kuaipan/SEMG/MEMS_SEMG_KL25/KL25 Sample Code_I2c/KL25 Sample Code/kl25_sc_rev10/klxx-sc-baremetal/src/cpu\vectors.c ****    else if((RTC_SR & 0x02) == 0x02)
 293              		.loc 1 399 0
 294 001c 6269     		ldr	r2, [r4, #20]
 295 001e 0225     		mov	r5, #2
 296 0020 1540     		and	r5, r2
 297 0022 16D1     		bne	.L18
 400:D:/kuaipan/SEMG/MEMS_SEMG_KL25/KL25 Sample Code_I2c/KL25 Sample Code/kl25_sc_rev10/klxx-sc-baremetal/src/cpu\vectors.c ****    {
 401:D:/kuaipan/SEMG/MEMS_SEMG_KL25/KL25 Sample Code_I2c/KL25 Sample Code/kl25_sc_rev10/klxx-sc-baremetal/src/cpu\vectors.c ****    	   printf("SRTC time overflow interrupt entered...\r\n");
 402:D:/kuaipan/SEMG/MEMS_SEMG_KL25/KL25 Sample Code_I2c/KL25 Sample Code/kl25_sc_rev10/klxx-sc-baremetal/src/cpu\vectors.c ****    	   RTC_SR &= 0x07;  //clear TCE, or SRTC_STSR can  not be written
 403:D:/kuaipan/SEMG/MEMS_SEMG_KL25/KL25 Sample Code_I2c/KL25 Sample Code/kl25_sc_rev10/klxx-sc-baremetal/src/cpu\vectors.c ****    	   RTC_TSR = 0x00000005;  //clear TOF
 404:D:/kuaipan/SEMG/MEMS_SEMG_KL25/KL25 Sample Code_I2c/KL25 Sample Code/kl25_sc_rev10/klxx-sc-baremetal/src/cpu\vectors.c ****            RTC_SR = 0x10; //start time again to exit wait loop in application code.
 405:D:/kuaipan/SEMG/MEMS_SEMG_KL25/KL25 Sample Code_I2c/KL25 Sample Code/kl25_sc_rev10/klxx-sc-baremetal/src/cpu\vectors.c ****    }	 	
 406:D:/kuaipan/SEMG/MEMS_SEMG_KL25/KL25 Sample Code_I2c/KL25 Sample Code/kl25_sc_rev10/klxx-sc-baremetal/src/cpu\vectors.c ****    else if((RTC_SR & 0x04) == 0x04)
 298              		.loc 1 406 0
 299 0024 6369     		ldr	r3, [r4, #20]
 300 0026 5A07     		lsl	r2, r3, #29
 301 0028 04D4     		bmi	.L19
 407:D:/kuaipan/SEMG/MEMS_SEMG_KL25/KL25 Sample Code_I2c/KL25 Sample Code/kl25_sc_rev10/klxx-sc-baremetal/src/cpu\vectors.c ****    {
 408:D:/kuaipan/SEMG/MEMS_SEMG_KL25/KL25 Sample Code_I2c/KL25 Sample Code/kl25_sc_rev10/klxx-sc-baremetal/src/cpu\vectors.c ****    	   printf("SRTC alarm interrupt entered...\r\n");
 409:D:/kuaipan/SEMG/MEMS_SEMG_KL25/KL25 Sample Code_I2c/KL25 Sample Code/kl25_sc_rev10/klxx-sc-baremetal/src/cpu\vectors.c ****    	   RTC_TAR = 0x0;// Write 0 to disable
 410:D:/kuaipan/SEMG/MEMS_SEMG_KL25/KL25 Sample Code_I2c/KL25 Sample Code/kl25_sc_rev10/klxx-sc-baremetal/src/cpu\vectors.c ****    	   //SPIOC_PTC_PDOR = 0x0001 ^ GPIOC_PTC_PDOR;
 411:D:/kuaipan/SEMG/MEMS_SEMG_KL25/KL25 Sample Code_I2c/KL25 Sample Code/kl25_sc_rev10/klxx-sc-baremetal/src/cpu\vectors.c ****    }	
 412:D:/kuaipan/SEMG/MEMS_SEMG_KL25/KL25 Sample Code_I2c/KL25 Sample Code/kl25_sc_rev10/klxx-sc-baremetal/src/cpu\vectors.c ****    else
 413:D:/kuaipan/SEMG/MEMS_SEMG_KL25/KL25 Sample Code_I2c/KL25 Sample Code/kl25_sc_rev10/klxx-sc-baremetal/src/cpu\vectors.c ****    {
 414:D:/kuaipan/SEMG/MEMS_SEMG_KL25/KL25 Sample Code_I2c/KL25 Sample Code/kl25_sc_rev10/klxx-sc-baremetal/src/cpu\vectors.c ****            printf("No valid Flag was set!\n");
 302              		.loc 1 414 0
 303 002a 1248     		ldr	r0, .L20+8
 304 002c FFF7FEFF 		bl	puts
 305              	.LVL26:
 306              	.L12:
 415:D:/kuaipan/SEMG/MEMS_SEMG_KL25/KL25 Sample Code_I2c/KL25 Sample Code/kl25_sc_rev10/klxx-sc-baremetal/src/cpu\vectors.c ****    }
 416:D:/kuaipan/SEMG/MEMS_SEMG_KL25/KL25 Sample Code_I2c/KL25 Sample Code/kl25_sc_rev10/klxx-sc-baremetal/src/cpu\vectors.c ****    return;
 417:D:/kuaipan/SEMG/MEMS_SEMG_KL25/KL25 Sample Code_I2c/KL25 Sample Code/kl25_sc_rev10/klxx-sc-baremetal/src/cpu\vectors.c **** }
 307              		.loc 1 417 0
 308 0030 03B0     		add	sp, sp, #12
 309              		@ sp needed for prologue
 310 0032 30BD     		pop	{r4, r5, pc}
 311              	.LVL27:
 312              	.L19:
 408:D:/kuaipan/SEMG/MEMS_SEMG_KL25/KL25 Sample Code_I2c/KL25 Sample Code/kl25_sc_rev10/klxx-sc-baremetal/src/cpu\vectors.c ****    	   printf("SRTC alarm interrupt entered...\r\n");
 313              		.loc 1 408 0
 314 0034 1048     		ldr	r0, .L20+12
 315 0036 FFF7FEFF 		bl	puts
 316              	.LVL28:
 409:D:/kuaipan/SEMG/MEMS_SEMG_KL25/KL25 Sample Code_I2c/KL25 Sample Code/kl25_sc_rev10/klxx-sc-baremetal/src/cpu\vectors.c ****    	   RTC_TAR = 0x0;// Write 0 to disable
 317              		.loc 1 409 0
 318 003a A560     		str	r5, [r4, #8]
 319 003c F8E7     		b	.L12
 320              	.L17:
 395:D:/kuaipan/SEMG/MEMS_SEMG_KL25/KL25 Sample Code_I2c/KL25 Sample Code/kl25_sc_rev10/klxx-sc-baremetal/src/cpu\vectors.c ****        printf("SRTC time invalid interrupt entered...\r\n");
 321              		.loc 1 395 0
 322 003e 0F48     		ldr	r0, .L20+16
 323 0040 FFF7FEFF 		bl	puts
 324              	.LVL29:
 396:D:/kuaipan/SEMG/MEMS_SEMG_KL25/KL25 Sample Code_I2c/KL25 Sample Code/kl25_sc_rev10/klxx-sc-baremetal/src/cpu\vectors.c ****    	   RTC_SR &= 0x07;  //clear TCE, or SRTC_TSR can  not be written 
 325              		.loc 1 396 0
 326 0044 6369     		ldr	r3, [r4, #20]
 327 0046 0720     		mov	r0, #7
 328 0048 0340     		and	r3, r0
 397:D:/kuaipan/SEMG/MEMS_SEMG_KL25/KL25 Sample Code_I2c/KL25 Sample Code/kl25_sc_rev10/klxx-sc-baremetal/src/cpu\vectors.c ****    	   RTC_TSR = 0x00000005;  //clear TIF by writing to the seconds register
 329              		.loc 1 397 0
 330 004a 0521     		mov	r1, #5
 396:D:/kuaipan/SEMG/MEMS_SEMG_KL25/KL25 Sample Code_I2c/KL25 Sample Code/kl25_sc_rev10/klxx-sc-baremetal/src/cpu\vectors.c ****    	   RTC_SR &= 0x07;  //clear TCE, or SRTC_TSR can  not be written 
 331              		.loc 1 396 0
 332 004c 6361     		str	r3, [r4, #20]
 397:D:/kuaipan/SEMG/MEMS_SEMG_KL25/KL25 Sample Code_I2c/KL25 Sample Code/kl25_sc_rev10/klxx-sc-baremetal/src/cpu\vectors.c ****    	   RTC_TSR = 0x00000005;  //clear TIF by writing to the seconds register
 333              		.loc 1 397 0
 334 004e 2160     		str	r1, [r4]
 335 0050 EEE7     		b	.L12
 336              	.L18:
 401:D:/kuaipan/SEMG/MEMS_SEMG_KL25/KL25 Sample Code_I2c/KL25 Sample Code/kl25_sc_rev10/klxx-sc-baremetal/src/cpu\vectors.c ****    	   printf("SRTC time overflow interrupt entered...\r\n");
 337              		.loc 1 401 0
 338 0052 0B48     		ldr	r0, .L20+20
 339 0054 FFF7FEFF 		bl	puts
 340              	.LVL30:
 402:D:/kuaipan/SEMG/MEMS_SEMG_KL25/KL25 Sample Code_I2c/KL25 Sample Code/kl25_sc_rev10/klxx-sc-baremetal/src/cpu\vectors.c ****    	   RTC_SR &= 0x07;  //clear TCE, or SRTC_STSR can  not be written
 341              		.loc 1 402 0
 342 0058 6069     		ldr	r0, [r4, #20]
 343 005a 0721     		mov	r1, #7
 344 005c 0840     		and	r0, r1
 403:D:/kuaipan/SEMG/MEMS_SEMG_KL25/KL25 Sample Code_I2c/KL25 Sample Code/kl25_sc_rev10/klxx-sc-baremetal/src/cpu\vectors.c ****    	   RTC_TSR = 0x00000005;  //clear TOF
 345              		.loc 1 403 0
 346 005e 0522     		mov	r2, #5
 404:D:/kuaipan/SEMG/MEMS_SEMG_KL25/KL25 Sample Code_I2c/KL25 Sample Code/kl25_sc_rev10/klxx-sc-baremetal/src/cpu\vectors.c ****            RTC_SR = 0x10; //start time again to exit wait loop in application code.
 347              		.loc 1 404 0
 348 0060 1025     		mov	r5, #16
 402:D:/kuaipan/SEMG/MEMS_SEMG_KL25/KL25 Sample Code_I2c/KL25 Sample Code/kl25_sc_rev10/klxx-sc-baremetal/src/cpu\vectors.c ****    	   RTC_SR &= 0x07;  //clear TCE, or SRTC_STSR can  not be written
 349              		.loc 1 402 0
 350 0062 6061     		str	r0, [r4, #20]
 403:D:/kuaipan/SEMG/MEMS_SEMG_KL25/KL25 Sample Code_I2c/KL25 Sample Code/kl25_sc_rev10/klxx-sc-baremetal/src/cpu\vectors.c ****    	   RTC_TSR = 0x00000005;  //clear TOF
 351              		.loc 1 403 0
 352 0064 2260     		str	r2, [r4]
 404:D:/kuaipan/SEMG/MEMS_SEMG_KL25/KL25 Sample Code_I2c/KL25 Sample Code/kl25_sc_rev10/klxx-sc-baremetal/src/cpu\vectors.c ****            RTC_SR = 0x10; //start time again to exit wait loop in application code.
 353              		.loc 1 404 0
 354 0066 6561     		str	r5, [r4, #20]
 355 0068 E2E7     		b	.L12
 356              	.L21:
 357 006a C046     		.align	2
 358              	.L20:
 359 006c 00D00340 		.word	1073991680
 360 0070 08010000 		.word	.LC32
 361 0074 94010000 		.word	.LC40
 362 0078 70010000 		.word	.LC38
 363 007c 1C010000 		.word	.LC34
 364 0080 44010000 		.word	.LC36
 365              		.cfi_endproc
 366              	.LFE3:
 368              		.global	flash_config
 369              		.global	__vector_table
 370              		.section	.rodata.str1.4,"aMS",%progbits,1
 371              		.align	2
 372              	.LC0:
 373 0000 0A2A2A2A 		.ascii	"\012****default_isr entered on vector %d*****\015\012"
 373      2A646566 
 373      61756C74 
 373      5F697372 
 373      20656E74 
 374 002c 0A00     		.ascii	"\012\000"
 375 002e 0000     		.space	2
 376              	.LC2:
 377 0030 0A2A2A2A 		.ascii	"\012****Abort button interrupt****\012\000"
 377      2A41626F 
 377      72742062 
 377      7574746F 
 377      6E20696E 
 378 0051 000000   		.space	3
 379              	.LC4:
 380 0054 5B486172 		.ascii	"[Hard fault handler]\000"
 380      64206661 
 380      756C7420 
 380      68616E64 
 380      6C65725D 
 381 0069 000000   		.space	3
 382              	.LC6:
 383 006c 5230203D 		.ascii	"R0 = %x\012\000"
 383      2025780A 
 383      00
 384 0075 000000   		.space	3
 385              	.LC8:
 386 0078 5231203D 		.ascii	"R1 = %x\012\000"
 386      2025780A 
 386      00
 387 0081 000000   		.space	3
 388              	.LC10:
 389 0084 5232203D 		.ascii	"R2 = %x\012\000"
 389      2025780A 
 389      00
 390 008d 000000   		.space	3
 391              	.LC12:
 392 0090 5233203D 		.ascii	"R3 = %x\012\000"
 392      2025780A 
 392      00
 393 0099 000000   		.space	3
 394              	.LC14:
 395 009c 52313220 		.ascii	"R12 = %x\012\000"
 395      3D202578 
 395      0A00
 396 00a6 0000     		.space	2
 397              	.LC16:
 398 00a8 4C52203D 		.ascii	"LR = %x\012\000"
 398      2025780A 
 398      00
 399 00b1 000000   		.space	3
 400              	.LC18:
 401 00b4 5043203D 		.ascii	"PC = %x\012\000"
 401      2025780A 
 401      00
 402 00bd 000000   		.space	3
 403              	.LC20:
 404 00c0 50535220 		.ascii	"PSR = %x\012\000"
 404      3D202578 
 404      0A00
 405 00ca 0000     		.space	2
 406              	.LC22:
 407 00cc 42464152 		.ascii	"BFAR = %x\012\000"
 407      203D2025 
 407      780A00
 408 00d7 00       		.space	1
 409              	.LC24:
 410 00d8 43465352 		.ascii	"CFSR = %x\012\000"
 410      203D2025 
 410      780A00
 411 00e3 00       		.space	1
 412              	.LC26:
 413 00e4 48465352 		.ascii	"HFSR = %x\012\000"
 413      203D2025 
 413      780A00
 414 00ef 00       		.space	1
 415              	.LC28:
 416 00f0 44465352 		.ascii	"DFSR = %x\012\000"
 416      203D2025 
 416      780A00
 417 00fb 00       		.space	1
 418              	.LC30:
 419 00fc 41465352 		.ascii	"AFSR = %x\012\000"
 419      203D2025 
 419      780A00
 420 0107 00       		.space	1
 421              	.LC32:
 422 0108 53525443 		.ascii	"SRTC_ISR entered\015\000"
 422      5F495352 
 422      20656E74 
 422      65726564 
 422      0D00
 423 011a 0000     		.space	2
 424              	.LC34:
 425 011c 53525443 		.ascii	"SRTC time invalid interrupt entered...\015\000"
 425      2074696D 
 425      6520696E 
 425      76616C69 
 425      6420696E 
 426              	.LC36:
 427 0144 53525443 		.ascii	"SRTC time overflow interrupt entered...\015\000"
 427      2074696D 
 427      65206F76 
 427      6572666C 
 427      6F772069 
 428 016d 000000   		.space	3
 429              	.LC38:
 430 0170 53525443 		.ascii	"SRTC alarm interrupt entered...\015\000"
 430      20616C61 
 430      726D2069 
 430      6E746572 
 430      72757074 
 431 0191 000000   		.space	3
 432              	.LC40:
 433 0194 4E6F2076 		.ascii	"No valid Flag was set!\000"
 433      616C6964 
 433      20466C61 
 433      67207761 
 433      73207365 
 434 01ab 00       		.section	.vectortable,"a",%progbits
 435              		.align	2
 438              	__vector_table:
 439 0000 00000000 		.word	_estack
 440 0004 00000000 		.word	__startup
 441 0008 00000000 		.word	default_isr
 442 000c 00000000 		.word	default_isr
 443 0010 00000000 		.word	default_isr
 444 0014 00000000 		.word	default_isr
 445 0018 00000000 		.word	default_isr
 446 001c 00000000 		.word	default_isr
 447 0020 00000000 		.word	default_isr
 448 0024 00000000 		.word	default_isr
 449 0028 00000000 		.word	default_isr
 450 002c 00000000 		.word	default_isr
 451 0030 00000000 		.word	default_isr
 452 0034 00000000 		.word	default_isr
 453 0038 00000000 		.word	default_isr
 454 003c 00000000 		.word	default_isr
 455 0040 00000000 		.word	default_isr
 456 0044 00000000 		.word	default_isr
 457 0048 00000000 		.word	default_isr
 458 004c 00000000 		.word	default_isr
 459 0050 00000000 		.word	default_isr
 460 0054 00000000 		.word	default_isr
 461 0058 00000000 		.word	default_isr
 462 005c 00000000 		.word	default_isr
 463 0060 00000000 		.word	default_isr
 464 0064 00000000 		.word	default_isr
 465 0068 00000000 		.word	default_isr
 466 006c 00000000 		.word	default_isr
 467 0070 00000000 		.word	default_isr
 468 0074 00000000 		.word	default_isr
 469 0078 00000000 		.word	default_isr
 470 007c 00000000 		.word	default_isr
 471 0080 00000000 		.word	default_isr
 472 0084 00000000 		.word	default_isr
 473 0088 00000000 		.word	default_isr
 474 008c 00000000 		.word	default_isr
 475 0090 00000000 		.word	default_isr
 476 0094 00000000 		.word	default_isr
 477 0098 00000000 		.word	default_isr
 478 009c 00000000 		.word	default_isr
 479 00a0 00000000 		.word	default_isr
 480 00a4 00000000 		.word	default_isr
 481 00a8 00000000 		.word	default_isr
 482 00ac 00000000 		.word	default_isr
 483 00b0 00000000 		.word	default_isr
 484 00b4 00000000 		.word	default_isr
 485 00b8 00000000 		.word	default_isr
 486 00bc 00000000 		.word	default_isr
 487 00c0 FFFFFFFF 		.word	-1
 488 00c4 FFFFFFFF 		.word	-1
 489 00c8 FFFFFFFF 		.word	-1
 490 00cc FFFFFFFF 		.word	-1
 491 00d0 FFFFFFFF 		.word	-1
 492 00d4 FFFFFFFF 		.word	-1
 493 00d8 FFFFFFFF 		.word	-1
 494 00dc FFFFFFFF 		.word	-1
 495 00e0 FFFFFFFF 		.word	-1
 496 00e4 FFFFFFFF 		.word	-1
 497 00e8 FFFFFFFF 		.word	-1
 498 00ec FFFFFFFF 		.word	-1
 499 00f0 FFFFFFFF 		.word	-1
 500 00f4 FFFFFFFF 		.word	-1
 501 00f8 FFFFFFFF 		.word	-1
 502 00fc FFFFFFFF 		.word	-1
 503 0100 FFFFFFFF 		.word	-1
 504 0104 FFFFFFFF 		.word	-1
 505 0108 FFFFFFFF 		.word	-1
 506 010c FFFFFFFF 		.word	-1
 507 0110 FFFFFFFF 		.word	-1
 508 0114 FFFFFFFF 		.word	-1
 509 0118 FFFFFFFF 		.word	-1
 510 011c FFFFFFFF 		.word	-1
 511 0120 FFFFFFFF 		.word	-1
 512 0124 FFFFFFFF 		.word	-1
 513 0128 FFFFFFFF 		.word	-1
 514 012c FFFFFFFF 		.word	-1
 515 0130 FFFFFFFF 		.word	-1
 516 0134 FFFFFFFF 		.word	-1
 517 0138 FFFFFFFF 		.word	-1
 518 013c FFFFFFFF 		.word	-1
 519 0140 FFFFFFFF 		.word	-1
 520 0144 FFFFFFFF 		.word	-1
 521 0148 FFFFFFFF 		.word	-1
 522 014c FFFFFFFF 		.word	-1
 523 0150 FFFFFFFF 		.word	-1
 524 0154 FFFFFFFF 		.word	-1
 525 0158 FFFFFFFF 		.word	-1
 526 015c FFFFFFFF 		.word	-1
 527 0160 FFFFFFFF 		.word	-1
 528 0164 FFFFFFFF 		.word	-1
 529 0168 FFFFFFFF 		.word	-1
 530 016c FFFFFFFF 		.word	-1
 531 0170 FFFFFFFF 		.word	-1
 532 0174 FFFFFFFF 		.word	-1
 533 0178 FFFFFFFF 		.word	-1
 534 017c FFFFFFFF 		.word	-1
 535 0180 FFFFFFFF 		.word	-1
 536 0184 FFFFFFFF 		.word	-1
 537 0188 FFFFFFFF 		.word	-1
 538 018c FFFFFFFF 		.word	-1
 539 0190 FFFFFFFF 		.word	-1
 540 0194 FFFFFFFF 		.word	-1
 541 0198 FFFFFFFF 		.word	-1
 542 019c FFFFFFFF 		.word	-1
 543 01a0 FFFFFFFF 		.word	-1
 544 01a4 FFFFFFFF 		.word	-1
 545 01a8 FFFFFFFF 		.word	-1
 546 01ac FFFFFFFF 		.word	-1
 547 01b0 FFFFFFFF 		.word	-1
 548 01b4 FFFFFFFF 		.word	-1
 549 01b8 FFFFFFFF 		.word	-1
 550 01bc FFFFFFFF 		.word	-1
 551 01c0 FFFFFFFF 		.word	-1
 552 01c4 FFFFFFFF 		.word	-1
 553 01c8 FFFFFFFF 		.word	-1
 554 01cc FFFFFFFF 		.word	-1
 555 01d0 FFFFFFFF 		.word	-1
 556 01d4 FFFFFFFF 		.word	-1
 557 01d8 FFFFFFFF 		.word	-1
 558 01dc FFFFFFFF 		.word	-1
 559 01e0 FFFFFFFF 		.word	-1
 560 01e4 FFFFFFFF 		.word	-1
 561 01e8 FFFFFFFF 		.word	-1
 562 01ec FFFFFFFF 		.word	-1
 563 01f0 FFFFFFFF 		.word	-1
 564 01f4 FFFFFFFF 		.word	-1
 565 01f8 FFFFFFFF 		.word	-1
 566 01fc FFFFFFFF 		.word	-1
 567 0200 FFFFFFFF 		.word	-1
 568 0204 FFFFFFFF 		.word	-1
 569 0208 FFFFFFFF 		.word	-1
 570 020c FFFFFFFF 		.word	-1
 571 0210 FFFFFFFF 		.word	-1
 572 0214 FFFFFFFF 		.word	-1
 573 0218 FFFFFFFF 		.word	-1
 574 021c FFFFFFFF 		.word	-1
 575 0220 FFFFFFFF 		.word	-1
 576 0224 FFFFFFFF 		.word	-1
 577 0228 FFFFFFFF 		.word	-1
 578 022c FFFFFFFF 		.word	-1
 579 0230 FFFFFFFF 		.word	-1
 580 0234 FFFFFFFF 		.word	-1
 581 0238 FFFFFFFF 		.word	-1
 582 023c FFFFFFFF 		.word	-1
 583 0240 FFFFFFFF 		.word	-1
 584 0244 FFFFFFFF 		.word	-1
 585 0248 FFFFFFFF 		.word	-1
 586 024c FFFFFFFF 		.word	-1
 587 0250 FFFFFFFF 		.word	-1
 588 0254 FFFFFFFF 		.word	-1
 589 0258 FFFFFFFF 		.word	-1
 590 025c FFFFFFFF 		.word	-1
 591 0260 FFFFFFFF 		.word	-1
 592 0264 FFFFFFFF 		.word	-1
 593 0268 FFFFFFFF 		.word	-1
 594 026c FFFFFFFF 		.word	-1
 595 0270 FFFFFFFF 		.word	-1
 596 0274 FFFFFFFF 		.word	-1
 597 0278 FFFFFFFF 		.word	-1
 598 027c FFFFFFFF 		.word	-1
 599 0280 FFFFFFFF 		.word	-1
 600 0284 FFFFFFFF 		.word	-1
 601 0288 FFFFFFFF 		.word	-1
 602 028c FFFFFFFF 		.word	-1
 603 0290 FFFFFFFF 		.word	-1
 604 0294 FFFFFFFF 		.word	-1
 605 0298 FFFFFFFF 		.word	-1
 606 029c FFFFFFFF 		.word	-1
 607 02a0 FFFFFFFF 		.word	-1
 608 02a4 FFFFFFFF 		.word	-1
 609 02a8 FFFFFFFF 		.word	-1
 610 02ac FFFFFFFF 		.word	-1
 611 02b0 FFFFFFFF 		.word	-1
 612 02b4 FFFFFFFF 		.word	-1
 613 02b8 FFFFFFFF 		.word	-1
 614 02bc FFFFFFFF 		.word	-1
 615 02c0 FFFFFFFF 		.word	-1
 616 02c4 FFFFFFFF 		.word	-1
 617 02c8 FFFFFFFF 		.word	-1
 618 02cc FFFFFFFF 		.word	-1
 619 02d0 FFFFFFFF 		.word	-1
 620 02d4 FFFFFFFF 		.word	-1
 621 02d8 FFFFFFFF 		.word	-1
 622 02dc FFFFFFFF 		.word	-1
 623 02e0 FFFFFFFF 		.word	-1
 624 02e4 FFFFFFFF 		.word	-1
 625 02e8 FFFFFFFF 		.word	-1
 626 02ec FFFFFFFF 		.word	-1
 627 02f0 FFFFFFFF 		.word	-1
 628 02f4 FFFFFFFF 		.word	-1
 629 02f8 FFFFFFFF 		.word	-1
 630 02fc FFFFFFFF 		.word	-1
 631 0300 FFFFFFFF 		.word	-1
 632 0304 FFFFFFFF 		.word	-1
 633 0308 FFFFFFFF 		.word	-1
 634 030c FFFFFFFF 		.word	-1
 635 0310 FFFFFFFF 		.word	-1
 636 0314 FFFFFFFF 		.word	-1
 637 0318 FFFFFFFF 		.word	-1
 638 031c FFFFFFFF 		.word	-1
 639 0320 FFFFFFFF 		.word	-1
 640 0324 FFFFFFFF 		.word	-1
 641 0328 FFFFFFFF 		.word	-1
 642 032c FFFFFFFF 		.word	-1
 643 0330 FFFFFFFF 		.word	-1
 644 0334 FFFFFFFF 		.word	-1
 645 0338 FFFFFFFF 		.word	-1
 646 033c FFFFFFFF 		.word	-1
 647 0340 FFFFFFFF 		.word	-1
 648 0344 FFFFFFFF 		.word	-1
 649 0348 FFFFFFFF 		.word	-1
 650 034c FFFFFFFF 		.word	-1
 651 0350 FFFFFFFF 		.word	-1
 652 0354 FFFFFFFF 		.word	-1
 653 0358 FFFFFFFF 		.word	-1
 654 035c FFFFFFFF 		.word	-1
 655 0360 FFFFFFFF 		.word	-1
 656 0364 FFFFFFFF 		.word	-1
 657 0368 FFFFFFFF 		.word	-1
 658 036c FFFFFFFF 		.word	-1
 659 0370 FFFFFFFF 		.word	-1
 660 0374 FFFFFFFF 		.word	-1
 661 0378 FFFFFFFF 		.word	-1
 662 037c FFFFFFFF 		.word	-1
 663 0380 FFFFFFFF 		.word	-1
 664 0384 FFFFFFFF 		.word	-1
 665 0388 FFFFFFFF 		.word	-1
 666 038c FFFFFFFF 		.word	-1
 667 0390 FFFFFFFF 		.word	-1
 668 0394 FFFFFFFF 		.word	-1
 669 0398 FFFFFFFF 		.word	-1
 670 039c FFFFFFFF 		.word	-1
 671 03a0 FFFFFFFF 		.word	-1
 672 03a4 FFFFFFFF 		.word	-1
 673 03a8 FFFFFFFF 		.word	-1
 674 03ac FFFFFFFF 		.word	-1
 675 03b0 FFFFFFFF 		.word	-1
 676 03b4 FFFFFFFF 		.word	-1
 677 03b8 FFFFFFFF 		.word	-1
 678 03bc FFFFFFFF 		.word	-1
 679 03c0 FFFFFFFF 		.word	-1
 680 03c4 FFFFFFFF 		.word	-1
 681 03c8 FFFFFFFF 		.word	-1
 682 03cc FFFFFFFF 		.word	-1
 683 03d0 FFFFFFFF 		.word	-1
 684 03d4 FFFFFFFF 		.word	-1
 685 03d8 FFFFFFFF 		.word	-1
 686 03dc FFFFFFFF 		.word	-1
 687 03e0 FFFFFFFF 		.word	-1
 688 03e4 FFFFFFFF 		.word	-1
 689 03e8 FFFFFFFF 		.word	-1
 690 03ec FFFFFFFF 		.word	-1
 691 03f0 FFFFFFFF 		.word	-1
 692 03f4 FFFFFFFF 		.word	-1
 693 03f8 FFFFFFFF 		.word	-1
 694 03fc FFFFFFFF 		.word	-1
 695              		.section	.cfmconfig,"a",%progbits
 696              		.align	2
 699              	flash_config:
 700 0000 FFFFFFFF 		.word	-1
 701 0004 FFFFFFFF 		.word	-1
 702 0008 FFFFFFFF 		.word	-1
 703 000c FEFFFFFF 		.word	-2
 704              		.text
 705              	.Letext0:
 706              		.file 2 "D:/kuaipan/SEMG/MEMS_SEMG_KL25/KL25 Sample Code_I2c/KL25 Sample Code/kl25_sc_rev10/klxx-s
 707              		.file 3 "D:/kuaipan/SEMG/MEMS_SEMG_KL25/KL25 Sample Code_I2c/KL25 Sample Code/kl25_sc_rev10/klxx-s
 708              		.file 4 "E:/Freescale/CW MCU v10.5/MCU/ARM_GCC_Support/ewl/EWL_C/include/cstdint"
 709              		.file 5 "D:/kuaipan/SEMG/MEMS_SEMG_KL25/KL25 Sample Code_I2c/KL25 Sample Code/kl25_sc_rev10/klxx-s
DEFINED SYMBOLS
                            *ABS*:00000000 vectors.c
C:\Users\lab\AppData\Local\Temp\ccp0AVyF.s:18     .text.default_isr:00000000 $t
C:\Users\lab\AppData\Local\Temp\ccp0AVyF.s:23     .text.default_isr:00000000 default_isr
C:\Users\lab\AppData\Local\Temp\ccp0AVyF.s:45     .text.default_isr:00000010 $d
C:\Users\lab\AppData\Local\Temp\ccp0AVyF.s:51     .text.abort_isr:00000000 $t
C:\Users\lab\AppData\Local\Temp\ccp0AVyF.s:56     .text.abort_isr:00000000 abort_isr
C:\Users\lab\AppData\Local\Temp\ccp0AVyF.s:82     .text.abort_isr:00000018 $d
C:\Users\lab\AppData\Local\Temp\ccp0AVyF.s:88     .text.hard_fault_handler_c:00000000 $t
C:\Users\lab\AppData\Local\Temp\ccp0AVyF.s:93     .text.hard_fault_handler_c:00000000 hard_fault_handler_c
C:\Users\lab\AppData\Local\Temp\ccp0AVyF.s:231    .text.hard_fault_handler_c:000000a0 $d
C:\Users\lab\AppData\Local\Temp\ccp0AVyF.s:254    .text.SRTC_ISR:00000000 $t
C:\Users\lab\AppData\Local\Temp\ccp0AVyF.s:259    .text.SRTC_ISR:00000000 SRTC_ISR
C:\Users\lab\AppData\Local\Temp\ccp0AVyF.s:359    .text.SRTC_ISR:0000006c $d
C:\Users\lab\AppData\Local\Temp\ccp0AVyF.s:699    .cfmconfig:00000000 flash_config
C:\Users\lab\AppData\Local\Temp\ccp0AVyF.s:438    .vectortable:00000000 __vector_table
C:\Users\lab\AppData\Local\Temp\ccp0AVyF.s:371    .rodata.str1.4:00000000 $d
C:\Users\lab\AppData\Local\Temp\ccp0AVyF.s:435    .vectortable:00000000 $d
C:\Users\lab\AppData\Local\Temp\ccp0AVyF.s:696    .cfmconfig:00000000 $d
                     .debug_frame:00000010 $d

UNDEFINED SYMBOLS
printf
puts
_estack
__startup
