   1              		.cpu cortex-m0
   2              		.fpu softvfp
   3              		.eabi_attribute 20, 1
   4              		.eabi_attribute 21, 1
   5              		.eabi_attribute 23, 3
   6              		.eabi_attribute 24, 1
   7              		.eabi_attribute 25, 1
   8              		.eabi_attribute 26, 1
   9              		.eabi_attribute 30, 6
  10              		.eabi_attribute 34, 0
  11              		.eabi_attribute 18, 4
  12              		.code	16
  13              		.file	"Blue_LED.c"
  14              		.text
  15              	.Ltext0:
  16              		.cfi_sections	.debug_frame
  17              		.section	.bss.DeviceDataPrv__DEFAULT_RTOS_ALLOC,"aw",%nobits
  18              		.align	2
  21              	DeviceDataPrv__DEFAULT_RTOS_ALLOC:
  22 0000 00000000 		.space	4
  23              		.section	.text.Blue_LED_Init,"ax",%progbits
  24              		.align	2
  25              		.global	Blue_LED_Init
  26              		.code	16
  27              		.thumb_func
  29              	Blue_LED_Init:
  30              	.LFB0:
  31              		.file 1 "../Generated_Code/Blue_LED.c"
   1:../Generated_Code/Blue_LED.c **** /* ###################################################################
   2:../Generated_Code/Blue_LED.c **** **     THIS COMPONENT MODULE IS GENERATED BY THE TOOL. DO NOT MODIFY IT.
   3:../Generated_Code/Blue_LED.c **** **     Filename    : Blue_LED.c
   4:../Generated_Code/Blue_LED.c **** **     Project     : ProcessorExpert
   5:../Generated_Code/Blue_LED.c **** **     Processor   : MKL25Z128VLK4
   6:../Generated_Code/Blue_LED.c **** **     Component   : BitIO_LDD
   7:../Generated_Code/Blue_LED.c **** **     Version     : Component 01.033, Driver 01.03, CPU db: 3.00.000
   8:../Generated_Code/Blue_LED.c **** **     Compiler    : GNU C Compiler
   9:../Generated_Code/Blue_LED.c **** **     Date/Time   : 2015-10-12, 14:26, # CodeGen: 7
  10:../Generated_Code/Blue_LED.c **** **     Abstract    :
  11:../Generated_Code/Blue_LED.c **** **         The HAL BitIO component provides a low level API for unified
  12:../Generated_Code/Blue_LED.c **** **         access to general purpose digital input/output pins across
  13:../Generated_Code/Blue_LED.c **** **         various device designs.
  14:../Generated_Code/Blue_LED.c **** **
  15:../Generated_Code/Blue_LED.c **** **         RTOS drivers using HAL BitIO API are simpler and more
  16:../Generated_Code/Blue_LED.c **** **         portable to various microprocessors.
  17:../Generated_Code/Blue_LED.c **** **     Settings    :
  18:../Generated_Code/Blue_LED.c **** **          Component name                                 : Blue_LED
  19:../Generated_Code/Blue_LED.c **** **          Pin for I/O                                    : ADC0_SE5b/PTD1/SPI0_SCK/TPM0_CH1
  20:../Generated_Code/Blue_LED.c **** **          Pin signal                                     : 
  21:../Generated_Code/Blue_LED.c **** **          Direction                                      : Output
  22:../Generated_Code/Blue_LED.c **** **          Initialization                                 : 
  23:../Generated_Code/Blue_LED.c **** **            Init. direction                              : Output
  24:../Generated_Code/Blue_LED.c **** **            Init. value                                  : 1
  25:../Generated_Code/Blue_LED.c **** **            Auto initialization                          : yes
  26:../Generated_Code/Blue_LED.c **** **          Safe mode                                      : no
  27:../Generated_Code/Blue_LED.c **** **     Contents    :
  28:../Generated_Code/Blue_LED.c **** **         Init   - LDD_TDeviceData* Blue_LED_Init(LDD_TUserData *UserDataPtr);
  29:../Generated_Code/Blue_LED.c **** **         Deinit - void Blue_LED_Deinit(LDD_TDeviceData *DeviceDataPtr);
  30:../Generated_Code/Blue_LED.c **** **         PutVal - void Blue_LED_PutVal(LDD_TDeviceData *DeviceDataPtr, bool Val);
  31:../Generated_Code/Blue_LED.c **** **         ClrVal - void Blue_LED_ClrVal(LDD_TDeviceData *DeviceDataPtr);
  32:../Generated_Code/Blue_LED.c **** **         SetVal - void Blue_LED_SetVal(LDD_TDeviceData *DeviceDataPtr);
  33:../Generated_Code/Blue_LED.c **** **         NegVal - void Blue_LED_NegVal(LDD_TDeviceData *DeviceDataPtr);
  34:../Generated_Code/Blue_LED.c **** **
  35:../Generated_Code/Blue_LED.c **** **     Copyright : 1997 - 2013 Freescale Semiconductor, Inc. All Rights Reserved.
  36:../Generated_Code/Blue_LED.c **** **     SOURCE DISTRIBUTION PERMISSIBLE as directed in End User License Agreement.
  37:../Generated_Code/Blue_LED.c **** **     
  38:../Generated_Code/Blue_LED.c **** **     http      : www.freescale.com
  39:../Generated_Code/Blue_LED.c **** **     mail      : support@freescale.com
  40:../Generated_Code/Blue_LED.c **** ** ###################################################################*/
  41:../Generated_Code/Blue_LED.c **** /*!
  42:../Generated_Code/Blue_LED.c **** ** @file Blue_LED.c
  43:../Generated_Code/Blue_LED.c **** ** @version 01.03
  44:../Generated_Code/Blue_LED.c **** ** @brief
  45:../Generated_Code/Blue_LED.c **** **         The HAL BitIO component provides a low level API for unified
  46:../Generated_Code/Blue_LED.c **** **         access to general purpose digital input/output pins across
  47:../Generated_Code/Blue_LED.c **** **         various device designs.
  48:../Generated_Code/Blue_LED.c **** **
  49:../Generated_Code/Blue_LED.c **** **         RTOS drivers using HAL BitIO API are simpler and more
  50:../Generated_Code/Blue_LED.c **** **         portable to various microprocessors.
  51:../Generated_Code/Blue_LED.c **** */         
  52:../Generated_Code/Blue_LED.c **** /*!
  53:../Generated_Code/Blue_LED.c **** **  @addtogroup Blue_LED_module Blue_LED module documentation
  54:../Generated_Code/Blue_LED.c **** **  @{
  55:../Generated_Code/Blue_LED.c **** */         
  56:../Generated_Code/Blue_LED.c **** 
  57:../Generated_Code/Blue_LED.c **** /* MODULE Blue_LED. */
  58:../Generated_Code/Blue_LED.c **** 
  59:../Generated_Code/Blue_LED.c **** /* {Default RTOS Adapter} No RTOS includes */
  60:../Generated_Code/Blue_LED.c **** #include "Blue_LED.h"
  61:../Generated_Code/Blue_LED.c **** 
  62:../Generated_Code/Blue_LED.c **** #ifdef __cplusplus
  63:../Generated_Code/Blue_LED.c **** extern "C" {
  64:../Generated_Code/Blue_LED.c **** #endif 
  65:../Generated_Code/Blue_LED.c **** 
  66:../Generated_Code/Blue_LED.c **** typedef struct {
  67:../Generated_Code/Blue_LED.c ****   LDD_TUserData *UserDataPtr;          /* Pointer to user data */
  68:../Generated_Code/Blue_LED.c **** } Blue_LED_TDeviceData;                /* Device data structure type */
  69:../Generated_Code/Blue_LED.c **** 
  70:../Generated_Code/Blue_LED.c **** typedef Blue_LED_TDeviceData *Blue_LED_TDeviceDataPtr ; /* Pointer to the device data structure. */
  71:../Generated_Code/Blue_LED.c **** 
  72:../Generated_Code/Blue_LED.c **** /* {Default RTOS Adapter} Static object used for simulation of dynamic driver memory allocation */
  73:../Generated_Code/Blue_LED.c **** static Blue_LED_TDeviceData DeviceDataPrv__DEFAULT_RTOS_ALLOC;
  74:../Generated_Code/Blue_LED.c **** /*
  75:../Generated_Code/Blue_LED.c **** ** ===================================================================
  76:../Generated_Code/Blue_LED.c **** **     Method      :  Blue_LED_Init (component BitIO_LDD)
  77:../Generated_Code/Blue_LED.c **** */
  78:../Generated_Code/Blue_LED.c **** /*!
  79:../Generated_Code/Blue_LED.c **** **     @brief
  80:../Generated_Code/Blue_LED.c **** **         Initializes the device. Allocates memory for the device data
  81:../Generated_Code/Blue_LED.c **** **         structure, allocates interrupt vectors and sets interrupt
  82:../Generated_Code/Blue_LED.c **** **         priority, sets pin routing, sets timing, etc. If the "Enable
  83:../Generated_Code/Blue_LED.c **** **         in init. code" is set to "yes" value then the device is also
  84:../Generated_Code/Blue_LED.c **** **         enabled(see the description of the Enable() method). In this
  85:../Generated_Code/Blue_LED.c **** **         case the Enable() method is not necessary and needn't to be
  86:../Generated_Code/Blue_LED.c **** **         generated. 
  87:../Generated_Code/Blue_LED.c **** **     @param
  88:../Generated_Code/Blue_LED.c **** **         UserDataPtr     - Pointer to the user or
  89:../Generated_Code/Blue_LED.c **** **                           RTOS specific data. This pointer will be
  90:../Generated_Code/Blue_LED.c **** **                           passed as an event or callback parameter.
  91:../Generated_Code/Blue_LED.c **** **     @return
  92:../Generated_Code/Blue_LED.c **** **                         - Pointer to the dynamically allocated private
  93:../Generated_Code/Blue_LED.c **** **                           structure or NULL if there was an error.
  94:../Generated_Code/Blue_LED.c **** */
  95:../Generated_Code/Blue_LED.c **** /* ===================================================================*/
  96:../Generated_Code/Blue_LED.c **** LDD_TDeviceData* Blue_LED_Init(LDD_TUserData *UserDataPtr)
  97:../Generated_Code/Blue_LED.c **** {
  32              		.loc 1 97 0
  33              		.cfi_startproc
  34 0000 80B5     		push	{r7, lr}
  35              	.LCFI0:
  36              		.cfi_def_cfa_offset 8
  37              		.cfi_offset 7, -8
  38              		.cfi_offset 14, -4
  39 0002 84B0     		sub	sp, sp, #16
  40              	.LCFI1:
  41              		.cfi_def_cfa_offset 24
  42 0004 00AF     		add	r7, sp, #0
  43              	.LCFI2:
  44              		.cfi_def_cfa_register 7
  45 0006 7860     		str	r0, [r7, #4]
  98:../Generated_Code/Blue_LED.c ****   /* Allocate device structure */
  99:../Generated_Code/Blue_LED.c ****   Blue_LED_TDeviceDataPtr DeviceDataPrv;
 100:../Generated_Code/Blue_LED.c **** 
 101:../Generated_Code/Blue_LED.c ****   /* {Default RTOS Adapter} Driver memory allocation: Dynamic allocation is simulated by a pointer 
 102:../Generated_Code/Blue_LED.c ****   DeviceDataPrv = &DeviceDataPrv__DEFAULT_RTOS_ALLOC;
  46              		.loc 1 102 0
  47 0008 104B     		ldr	r3, .L3
  48 000a FB60     		str	r3, [r7, #12]
 103:../Generated_Code/Blue_LED.c ****   DeviceDataPrv->UserDataPtr = UserDataPtr; /* Store the RTOS device structure */
  49              		.loc 1 103 0
  50 000c FB68     		ldr	r3, [r7, #12]
  51 000e 7A68     		ldr	r2, [r7, #4]
  52 0010 1A60     		str	r2, [r3]
 104:../Generated_Code/Blue_LED.c ****   /* Configure pin as output */
 105:../Generated_Code/Blue_LED.c ****   /* GPIOD_PDDR: PDD|=2 */
 106:../Generated_Code/Blue_LED.c ****   GPIOD_PDDR |= GPIO_PDDR_PDD(0x02);                                   
  53              		.loc 1 106 0
  54 0012 0F4B     		ldr	r3, .L3+4
  55 0014 0E4A     		ldr	r2, .L3+4
  56 0016 5269     		ldr	r2, [r2, #20]
  57 0018 0221     		mov	r1, #2
  58 001a 0A43     		orr	r2, r1
  59 001c 5A61     		str	r2, [r3, #20]
 107:../Generated_Code/Blue_LED.c ****   /* Set initialization value */
 108:../Generated_Code/Blue_LED.c ****   /* GPIOD_PDOR: PDO|=2 */
 109:../Generated_Code/Blue_LED.c ****   GPIOD_PDOR |= GPIO_PDOR_PDO(0x02);                                   
  60              		.loc 1 109 0
  61 001e 0C4B     		ldr	r3, .L3+4
  62 0020 0B4A     		ldr	r2, .L3+4
  63 0022 1268     		ldr	r2, [r2]
  64 0024 0221     		mov	r1, #2
  65 0026 0A43     		orr	r2, r1
  66 0028 1A60     		str	r2, [r3]
 110:../Generated_Code/Blue_LED.c ****   /* Initialization of Port Control register */
 111:../Generated_Code/Blue_LED.c ****   /* PORTD_PCR1: ISF=0,MUX=1 */
 112:../Generated_Code/Blue_LED.c ****   PORTD_PCR1 = (uint32_t)((PORTD_PCR1 & (uint32_t)~(uint32_t)(
  67              		.loc 1 112 0
  68 002a 0A4B     		ldr	r3, .L3+8
  69 002c 094A     		ldr	r2, .L3+8
  70 002e 5168     		ldr	r1, [r2, #4]
  71 0030 094A     		ldr	r2, .L3+12
  72 0032 0A40     		and	r2, r1
  73 0034 8021     		mov	r1, #128
  74 0036 4900     		lsl	r1, r1, #1
  75 0038 0A43     		orr	r2, r1
  76 003a 5A60     		str	r2, [r3, #4]
 113:../Generated_Code/Blue_LED.c ****                 PORT_PCR_ISF_MASK |
 114:../Generated_Code/Blue_LED.c ****                 PORT_PCR_MUX(0x06)
 115:../Generated_Code/Blue_LED.c ****                )) | (uint32_t)(
 116:../Generated_Code/Blue_LED.c ****                 PORT_PCR_MUX(0x01)
 117:../Generated_Code/Blue_LED.c ****                ));                                  
 118:../Generated_Code/Blue_LED.c ****   /* Registration of the device structure */
 119:../Generated_Code/Blue_LED.c ****   PE_LDD_RegisterDeviceStructure(PE_LDD_COMPONENT_Blue_LED_ID,DeviceDataPrv);
  77              		.loc 1 119 0
  78 003c 074B     		ldr	r3, .L3+16
  79 003e FA68     		ldr	r2, [r7, #12]
  80 0040 1A60     		str	r2, [r3]
 120:../Generated_Code/Blue_LED.c ****   return ((LDD_TDeviceData *)DeviceDataPrv);
  81              		.loc 1 120 0
  82 0042 FB68     		ldr	r3, [r7, #12]
 121:../Generated_Code/Blue_LED.c **** }
  83              		.loc 1 121 0
  84 0044 181C     		mov	r0, r3
  85 0046 BD46     		mov	sp, r7
  86 0048 04B0     		add	sp, sp, #16
  87              		@ sp needed for prologue
  88 004a 80BD     		pop	{r7, pc}
  89              	.L4:
  90              		.align	2
  91              	.L3:
  92 004c 00000000 		.word	DeviceDataPrv__DEFAULT_RTOS_ALLOC
  93 0050 C0F00F40 		.word	1074786496
  94 0054 00C00440 		.word	1074053120
  95 0058 FFF8FFFE 		.word	-16779009
  96 005c 00000000 		.word	PE_LDD_DeviceDataList
  97              		.cfi_endproc
  98              	.LFE0:
 100              		.section	.text.Blue_LED_Deinit,"ax",%progbits
 101              		.align	2
 102              		.global	Blue_LED_Deinit
 103              		.code	16
 104              		.thumb_func
 106              	Blue_LED_Deinit:
 107              	.LFB1:
 122:../Generated_Code/Blue_LED.c **** /*
 123:../Generated_Code/Blue_LED.c **** ** ===================================================================
 124:../Generated_Code/Blue_LED.c **** **     Method      :  Blue_LED_Deinit (component BitIO_LDD)
 125:../Generated_Code/Blue_LED.c **** */
 126:../Generated_Code/Blue_LED.c **** /*!
 127:../Generated_Code/Blue_LED.c **** **     @brief
 128:../Generated_Code/Blue_LED.c **** **          Deinitializes the device. Switches off the device, frees
 129:../Generated_Code/Blue_LED.c **** **         the device data structure memory, interrupts vectors, etc.
 130:../Generated_Code/Blue_LED.c **** **     @param
 131:../Generated_Code/Blue_LED.c **** **         DeviceDataPtr   - Device data structure
 132:../Generated_Code/Blue_LED.c **** **                           pointer returned by <Init> method.
 133:../Generated_Code/Blue_LED.c **** */
 134:../Generated_Code/Blue_LED.c **** /* ===================================================================*/
 135:../Generated_Code/Blue_LED.c **** void Blue_LED_Deinit(LDD_TDeviceData *DeviceDataPtr)
 136:../Generated_Code/Blue_LED.c **** {
 108              		.loc 1 136 0
 109              		.cfi_startproc
 110 0000 80B5     		push	{r7, lr}
 111              	.LCFI3:
 112              		.cfi_def_cfa_offset 8
 113              		.cfi_offset 7, -8
 114              		.cfi_offset 14, -4
 115 0002 82B0     		sub	sp, sp, #8
 116              	.LCFI4:
 117              		.cfi_def_cfa_offset 16
 118 0004 00AF     		add	r7, sp, #0
 119              	.LCFI5:
 120              		.cfi_def_cfa_register 7
 121 0006 7860     		str	r0, [r7, #4]
 137:../Generated_Code/Blue_LED.c ****   (void)DeviceDataPtr;                 /* Parameter is not used, suppress unused argument warning *
 138:../Generated_Code/Blue_LED.c ****   /* GPIOD_PDDR: PDD&=~2 */
 139:../Generated_Code/Blue_LED.c ****   GPIOD_PDDR &= (uint32_t)~(uint32_t)(GPIO_PDDR_PDD(0x02));                                   
 122              		.loc 1 139 0
 123 0008 054B     		ldr	r3, .L6
 124 000a 054A     		ldr	r2, .L6
 125 000c 5269     		ldr	r2, [r2, #20]
 126 000e 0221     		mov	r1, #2
 127 0010 8A43     		bic	r2, r1
 128 0012 5A61     		str	r2, [r3, #20]
 140:../Generated_Code/Blue_LED.c ****   /* Unregistration of the device structure */
 141:../Generated_Code/Blue_LED.c ****   PE_LDD_UnregisterDeviceStructure(PE_LDD_COMPONENT_Blue_LED_ID);
 129              		.loc 1 141 0
 130 0014 034B     		ldr	r3, .L6+4
 131 0016 0022     		mov	r2, #0
 132 0018 1A60     		str	r2, [r3]
 142:../Generated_Code/Blue_LED.c ****   /* Deallocation of the device structure */
 143:../Generated_Code/Blue_LED.c ****   /* {Default RTOS Adapter} Driver memory deallocation: Dynamic allocation is simulated, no dealloc
 144:../Generated_Code/Blue_LED.c **** }
 133              		.loc 1 144 0
 134 001a BD46     		mov	sp, r7
 135 001c 02B0     		add	sp, sp, #8
 136              		@ sp needed for prologue
 137 001e 80BD     		pop	{r7, pc}
 138              	.L7:
 139              		.align	2
 140              	.L6:
 141 0020 C0F00F40 		.word	1074786496
 142 0024 00000000 		.word	PE_LDD_DeviceDataList
 143              		.cfi_endproc
 144              	.LFE1:
 146              		.section	.text.Blue_LED_PutVal,"ax",%progbits
 147              		.align	2
 148              		.global	Blue_LED_PutVal
 149              		.code	16
 150              		.thumb_func
 152              	Blue_LED_PutVal:
 153              	.LFB2:
 145:../Generated_Code/Blue_LED.c **** 
 146:../Generated_Code/Blue_LED.c **** /*
 147:../Generated_Code/Blue_LED.c **** ** ===================================================================
 148:../Generated_Code/Blue_LED.c **** **     Method      :  Blue_LED_PutVal (component BitIO_LDD)
 149:../Generated_Code/Blue_LED.c **** */
 150:../Generated_Code/Blue_LED.c **** /*!
 151:../Generated_Code/Blue_LED.c **** **     @brief
 152:../Generated_Code/Blue_LED.c **** **         The specified output value is set. If the direction is <b>
 153:../Generated_Code/Blue_LED.c **** **         input</b>, the component saves the value to a memory or a
 154:../Generated_Code/Blue_LED.c **** **         register and this value will be written to the pin after
 155:../Generated_Code/Blue_LED.c **** **         switching to the output mode (using <tt>SetDir(TRUE)</tt>;
 156:../Generated_Code/Blue_LED.c **** **         see <a href="BitIOProperties.html#SafeMode">Safe mode</a>
 157:../Generated_Code/Blue_LED.c **** **         property for limitations). If the direction is <b>output</b>,
 158:../Generated_Code/Blue_LED.c **** **         it writes the value to the pin. (Method is available only if
 159:../Generated_Code/Blue_LED.c **** **         the direction = <u><tt>output</tt></u> or <u><tt>
 160:../Generated_Code/Blue_LED.c **** **         input/output</tt></u>).
 161:../Generated_Code/Blue_LED.c **** **     @param
 162:../Generated_Code/Blue_LED.c **** **         DeviceDataPtr   - Device data structure
 163:../Generated_Code/Blue_LED.c **** **                           pointer returned by <Init> method.
 164:../Generated_Code/Blue_LED.c **** **     @param
 165:../Generated_Code/Blue_LED.c **** **         Val             - Output value. Possible values:
 166:../Generated_Code/Blue_LED.c **** **                           <false> - logical "0" (Low level)
 167:../Generated_Code/Blue_LED.c **** **                           <true> - logical "1" (High level)
 168:../Generated_Code/Blue_LED.c **** */
 169:../Generated_Code/Blue_LED.c **** /* ===================================================================*/
 170:../Generated_Code/Blue_LED.c **** void Blue_LED_PutVal(LDD_TDeviceData *DeviceDataPtr, bool Val)
 171:../Generated_Code/Blue_LED.c **** {
 154              		.loc 1 171 0
 155              		.cfi_startproc
 156 0000 80B5     		push	{r7, lr}
 157              	.LCFI6:
 158              		.cfi_def_cfa_offset 8
 159              		.cfi_offset 7, -8
 160              		.cfi_offset 14, -4
 161 0002 82B0     		sub	sp, sp, #8
 162              	.LCFI7:
 163              		.cfi_def_cfa_offset 16
 164 0004 00AF     		add	r7, sp, #0
 165              	.LCFI8:
 166              		.cfi_def_cfa_register 7
 167 0006 7860     		str	r0, [r7, #4]
 168 0008 0A1C     		mov	r2, r1
 169 000a FB1C     		add	r3, r7, #3
 170 000c 1A70     		strb	r2, [r3]
 172:../Generated_Code/Blue_LED.c ****   (void)DeviceDataPtr;                 /* Parameter is not used, suppress unused argument warning *
 173:../Generated_Code/Blue_LED.c ****   if (Val) {
 171              		.loc 1 173 0
 172 000e FB1C     		add	r3, r7, #3
 173 0010 1B78     		ldrb	r3, [r3]
 174 0012 002B     		cmp	r3, #0
 175 0014 03D0     		beq	.L9
 174:../Generated_Code/Blue_LED.c ****     GPIO_PDD_SetPortDataOutputMask(Blue_LED_MODULE_BASE_ADDRESS, Blue_LED_PORT_MASK);
 176              		.loc 1 174 0
 177 0016 054B     		ldr	r3, .L11
 178 0018 0222     		mov	r2, #2
 179 001a 5A60     		str	r2, [r3, #4]
 180 001c 02E0     		b	.L8
 181              	.L9:
 175:../Generated_Code/Blue_LED.c ****   } else { /* !Val */
 176:../Generated_Code/Blue_LED.c ****     GPIO_PDD_ClearPortDataOutputMask(Blue_LED_MODULE_BASE_ADDRESS, Blue_LED_PORT_MASK);
 182              		.loc 1 176 0
 183 001e 034B     		ldr	r3, .L11
 184 0020 0222     		mov	r2, #2
 185 0022 9A60     		str	r2, [r3, #8]
 186              	.L8:
 177:../Generated_Code/Blue_LED.c ****   } /* !Val */
 178:../Generated_Code/Blue_LED.c **** }
 187              		.loc 1 178 0
 188 0024 BD46     		mov	sp, r7
 189 0026 02B0     		add	sp, sp, #8
 190              		@ sp needed for prologue
 191 0028 80BD     		pop	{r7, pc}
 192              	.L12:
 193 002a C046     		.align	2
 194              	.L11:
 195 002c C0F00FF8 		.word	-133173056
 196              		.cfi_endproc
 197              	.LFE2:
 199              		.section	.text.Blue_LED_ClrVal,"ax",%progbits
 200              		.align	2
 201              		.global	Blue_LED_ClrVal
 202              		.code	16
 203              		.thumb_func
 205              	Blue_LED_ClrVal:
 206              	.LFB3:
 179:../Generated_Code/Blue_LED.c **** 
 180:../Generated_Code/Blue_LED.c **** /*
 181:../Generated_Code/Blue_LED.c **** ** ===================================================================
 182:../Generated_Code/Blue_LED.c **** **     Method      :  Blue_LED_ClrVal (component BitIO_LDD)
 183:../Generated_Code/Blue_LED.c **** */
 184:../Generated_Code/Blue_LED.c **** /*!
 185:../Generated_Code/Blue_LED.c **** **     @brief
 186:../Generated_Code/Blue_LED.c **** **         Clears (set to zero) the output value. It is equivalent to
 187:../Generated_Code/Blue_LED.c **** **         the [PutVal(FALSE)]. This method is available only if the
 188:../Generated_Code/Blue_LED.c **** **         direction = _[output]_ or _[input/output]_.
 189:../Generated_Code/Blue_LED.c **** **     @param
 190:../Generated_Code/Blue_LED.c **** **         DeviceDataPtr   - Pointer to device data
 191:../Generated_Code/Blue_LED.c **** **                           structure returned by <Init> method.
 192:../Generated_Code/Blue_LED.c **** */
 193:../Generated_Code/Blue_LED.c **** /* ===================================================================*/
 194:../Generated_Code/Blue_LED.c **** void Blue_LED_ClrVal(LDD_TDeviceData *DeviceDataPtr)
 195:../Generated_Code/Blue_LED.c **** {
 207              		.loc 1 195 0
 208              		.cfi_startproc
 209 0000 80B5     		push	{r7, lr}
 210              	.LCFI9:
 211              		.cfi_def_cfa_offset 8
 212              		.cfi_offset 7, -8
 213              		.cfi_offset 14, -4
 214 0002 82B0     		sub	sp, sp, #8
 215              	.LCFI10:
 216              		.cfi_def_cfa_offset 16
 217 0004 00AF     		add	r7, sp, #0
 218              	.LCFI11:
 219              		.cfi_def_cfa_register 7
 220 0006 7860     		str	r0, [r7, #4]
 196:../Generated_Code/Blue_LED.c ****   (void)DeviceDataPtr;                 /* Parameter is not used, suppress unused argument warning *
 197:../Generated_Code/Blue_LED.c ****   GPIO_PDD_ClearPortDataOutputMask(Blue_LED_MODULE_BASE_ADDRESS, Blue_LED_PORT_MASK);
 221              		.loc 1 197 0
 222 0008 024B     		ldr	r3, .L14
 223 000a 0222     		mov	r2, #2
 224 000c 9A60     		str	r2, [r3, #8]
 198:../Generated_Code/Blue_LED.c **** }
 225              		.loc 1 198 0
 226 000e BD46     		mov	sp, r7
 227 0010 02B0     		add	sp, sp, #8
 228              		@ sp needed for prologue
 229 0012 80BD     		pop	{r7, pc}
 230              	.L15:
 231              		.align	2
 232              	.L14:
 233 0014 C0F00FF8 		.word	-133173056
 234              		.cfi_endproc
 235              	.LFE3:
 237              		.section	.text.Blue_LED_SetVal,"ax",%progbits
 238              		.align	2
 239              		.global	Blue_LED_SetVal
 240              		.code	16
 241              		.thumb_func
 243              	Blue_LED_SetVal:
 244              	.LFB4:
 199:../Generated_Code/Blue_LED.c **** 
 200:../Generated_Code/Blue_LED.c **** /*
 201:../Generated_Code/Blue_LED.c **** ** ===================================================================
 202:../Generated_Code/Blue_LED.c **** **     Method      :  Blue_LED_SetVal (component BitIO_LDD)
 203:../Generated_Code/Blue_LED.c **** */
 204:../Generated_Code/Blue_LED.c **** /*!
 205:../Generated_Code/Blue_LED.c **** **     @brief
 206:../Generated_Code/Blue_LED.c **** **         Sets (to one) the output value. It is equivalent to the
 207:../Generated_Code/Blue_LED.c **** **         [PutVal(TRUE)]. This method is available only if the
 208:../Generated_Code/Blue_LED.c **** **         direction = _[output]_ or _[input/output]_.
 209:../Generated_Code/Blue_LED.c **** **     @param
 210:../Generated_Code/Blue_LED.c **** **         DeviceDataPtr   - Pointer to device data
 211:../Generated_Code/Blue_LED.c **** **                           structure returned by <Init> method.
 212:../Generated_Code/Blue_LED.c **** */
 213:../Generated_Code/Blue_LED.c **** /* ===================================================================*/
 214:../Generated_Code/Blue_LED.c **** void Blue_LED_SetVal(LDD_TDeviceData *DeviceDataPtr)
 215:../Generated_Code/Blue_LED.c **** {
 245              		.loc 1 215 0
 246              		.cfi_startproc
 247 0000 80B5     		push	{r7, lr}
 248              	.LCFI12:
 249              		.cfi_def_cfa_offset 8
 250              		.cfi_offset 7, -8
 251              		.cfi_offset 14, -4
 252 0002 82B0     		sub	sp, sp, #8
 253              	.LCFI13:
 254              		.cfi_def_cfa_offset 16
 255 0004 00AF     		add	r7, sp, #0
 256              	.LCFI14:
 257              		.cfi_def_cfa_register 7
 258 0006 7860     		str	r0, [r7, #4]
 216:../Generated_Code/Blue_LED.c ****   (void)DeviceDataPtr;                 /* Parameter is not used, suppress unused argument warning *
 217:../Generated_Code/Blue_LED.c ****   GPIO_PDD_SetPortDataOutputMask(Blue_LED_MODULE_BASE_ADDRESS, Blue_LED_PORT_MASK);
 259              		.loc 1 217 0
 260 0008 024B     		ldr	r3, .L17
 261 000a 0222     		mov	r2, #2
 262 000c 5A60     		str	r2, [r3, #4]
 218:../Generated_Code/Blue_LED.c **** }
 263              		.loc 1 218 0
 264 000e BD46     		mov	sp, r7
 265 0010 02B0     		add	sp, sp, #8
 266              		@ sp needed for prologue
 267 0012 80BD     		pop	{r7, pc}
 268              	.L18:
 269              		.align	2
 270              	.L17:
 271 0014 C0F00FF8 		.word	-133173056
 272              		.cfi_endproc
 273              	.LFE4:
 275              		.section	.text.Blue_LED_NegVal,"ax",%progbits
 276              		.align	2
 277              		.global	Blue_LED_NegVal
 278              		.code	16
 279              		.thumb_func
 281              	Blue_LED_NegVal:
 282              	.LFB5:
 219:../Generated_Code/Blue_LED.c **** 
 220:../Generated_Code/Blue_LED.c **** /*
 221:../Generated_Code/Blue_LED.c **** ** ===================================================================
 222:../Generated_Code/Blue_LED.c **** **     Method      :  Blue_LED_NegVal (component BitIO_LDD)
 223:../Generated_Code/Blue_LED.c **** */
 224:../Generated_Code/Blue_LED.c **** /*!
 225:../Generated_Code/Blue_LED.c **** **     @brief
 226:../Generated_Code/Blue_LED.c **** **         Negates (inverts) the output value. It is equivalent to the
 227:../Generated_Code/Blue_LED.c **** **         [PutVal(!GetVal())]. This method is available only if the
 228:../Generated_Code/Blue_LED.c **** **         direction = _[output]_ or _[input/output]_.
 229:../Generated_Code/Blue_LED.c **** **     @param
 230:../Generated_Code/Blue_LED.c **** **         DeviceDataPtr   - Pointer to device data
 231:../Generated_Code/Blue_LED.c **** **                           structure returned by <Init> method.
 232:../Generated_Code/Blue_LED.c **** */
 233:../Generated_Code/Blue_LED.c **** /* ===================================================================*/
 234:../Generated_Code/Blue_LED.c **** void Blue_LED_NegVal(LDD_TDeviceData *DeviceDataPtr)
 235:../Generated_Code/Blue_LED.c **** {
 283              		.loc 1 235 0
 284              		.cfi_startproc
 285 0000 80B5     		push	{r7, lr}
 286              	.LCFI15:
 287              		.cfi_def_cfa_offset 8
 288              		.cfi_offset 7, -8
 289              		.cfi_offset 14, -4
 290 0002 82B0     		sub	sp, sp, #8
 291              	.LCFI16:
 292              		.cfi_def_cfa_offset 16
 293 0004 00AF     		add	r7, sp, #0
 294              	.LCFI17:
 295              		.cfi_def_cfa_register 7
 296 0006 7860     		str	r0, [r7, #4]
 236:../Generated_Code/Blue_LED.c ****   (void)DeviceDataPtr;                 /* Parameter is not used, suppress unused argument warning *
 237:../Generated_Code/Blue_LED.c ****   GPIO_PDD_TogglePortDataOutputMask(Blue_LED_MODULE_BASE_ADDRESS, Blue_LED_PORT_MASK);
 297              		.loc 1 237 0
 298 0008 024B     		ldr	r3, .L20
 299 000a 0222     		mov	r2, #2
 300 000c DA60     		str	r2, [r3, #12]
 238:../Generated_Code/Blue_LED.c **** }
 301              		.loc 1 238 0
 302 000e BD46     		mov	sp, r7
 303 0010 02B0     		add	sp, sp, #8
 304              		@ sp needed for prologue
 305 0012 80BD     		pop	{r7, pc}
 306              	.L21:
 307              		.align	2
 308              	.L20:
 309 0014 C0F00FF8 		.word	-133173056
 310              		.cfi_endproc
 311              	.LFE5:
 313              		.text
 314              	.Letext0:
 315              		.file 2 "E:/Freescale/CW MCU v10.5/MCU/ARM_GCC_Support/ewl/EWL_C/include/cstdint"
 316              		.file 3 "../Generated_Code/PE_Types.h"
 317              		.file 4 "../Generated_Code/IO_Map.h"
DEFINED SYMBOLS
                            *ABS*:00000000 Blue_LED.c
C:\Users\lab\AppData\Local\Temp\cczV4fzd.s:18     .bss.DeviceDataPrv__DEFAULT_RTOS_ALLOC:00000000 $d
C:\Users\lab\AppData\Local\Temp\cczV4fzd.s:21     .bss.DeviceDataPrv__DEFAULT_RTOS_ALLOC:00000000 DeviceDataPrv__DEFAULT_RTOS_ALLOC
C:\Users\lab\AppData\Local\Temp\cczV4fzd.s:24     .text.Blue_LED_Init:00000000 $t
C:\Users\lab\AppData\Local\Temp\cczV4fzd.s:29     .text.Blue_LED_Init:00000000 Blue_LED_Init
C:\Users\lab\AppData\Local\Temp\cczV4fzd.s:92     .text.Blue_LED_Init:0000004c $d
C:\Users\lab\AppData\Local\Temp\cczV4fzd.s:101    .text.Blue_LED_Deinit:00000000 $t
C:\Users\lab\AppData\Local\Temp\cczV4fzd.s:106    .text.Blue_LED_Deinit:00000000 Blue_LED_Deinit
C:\Users\lab\AppData\Local\Temp\cczV4fzd.s:141    .text.Blue_LED_Deinit:00000020 $d
C:\Users\lab\AppData\Local\Temp\cczV4fzd.s:147    .text.Blue_LED_PutVal:00000000 $t
C:\Users\lab\AppData\Local\Temp\cczV4fzd.s:152    .text.Blue_LED_PutVal:00000000 Blue_LED_PutVal
C:\Users\lab\AppData\Local\Temp\cczV4fzd.s:195    .text.Blue_LED_PutVal:0000002c $d
C:\Users\lab\AppData\Local\Temp\cczV4fzd.s:200    .text.Blue_LED_ClrVal:00000000 $t
C:\Users\lab\AppData\Local\Temp\cczV4fzd.s:205    .text.Blue_LED_ClrVal:00000000 Blue_LED_ClrVal
C:\Users\lab\AppData\Local\Temp\cczV4fzd.s:233    .text.Blue_LED_ClrVal:00000014 $d
C:\Users\lab\AppData\Local\Temp\cczV4fzd.s:238    .text.Blue_LED_SetVal:00000000 $t
C:\Users\lab\AppData\Local\Temp\cczV4fzd.s:243    .text.Blue_LED_SetVal:00000000 Blue_LED_SetVal
C:\Users\lab\AppData\Local\Temp\cczV4fzd.s:271    .text.Blue_LED_SetVal:00000014 $d
C:\Users\lab\AppData\Local\Temp\cczV4fzd.s:276    .text.Blue_LED_NegVal:00000000 $t
C:\Users\lab\AppData\Local\Temp\cczV4fzd.s:281    .text.Blue_LED_NegVal:00000000 Blue_LED_NegVal
C:\Users\lab\AppData\Local\Temp\cczV4fzd.s:309    .text.Blue_LED_NegVal:00000014 $d
                     .debug_frame:00000010 $d

UNDEFINED SYMBOLS
PE_LDD_DeviceDataList
