   1              		.cpu cortex-m0
   2              		.fpu softvfp
   3              		.eabi_attribute 20, 1
   4              		.eabi_attribute 21, 1
   5              		.eabi_attribute 23, 3
   6              		.eabi_attribute 24, 1
   7              		.eabi_attribute 25, 1
   8              		.eabi_attribute 26, 1
   9              		.eabi_attribute 30, 6
  10              		.eabi_attribute 34, 0
  11              		.eabi_attribute 18, 4
  12              		.code	16
  13              		.file	"TU1.c"
  14              		.text
  15              	.Ltext0:
  16              		.cfi_sections	.debug_frame
  17              		.section	.bss.DeviceDataPrv__DEFAULT_RTOS_ALLOC,"aw",%nobits
  18              		.align	2
  21              	DeviceDataPrv__DEFAULT_RTOS_ALLOC:
  22 0000 00000000 		.space	12
  22      00000000 
  22      00000000 
  23              		.section	.bss.INT_TPM0__DEFAULT_RTOS_ISRPARAM,"aw",%nobits
  24              		.align	2
  27              	INT_TPM0__DEFAULT_RTOS_ISRPARAM:
  28 0000 00000000 		.space	4
  29              		.section	.text.TU1_Init,"ax",%progbits
  30              		.align	2
  31              		.global	TU1_Init
  32              		.code	16
  33              		.thumb_func
  35              	TU1_Init:
  36              	.LFB0:
  37              		.file 1 "../Generated_Code/TU1.c"
   1:../Generated_Code/TU1.c **** /* ###################################################################
   2:../Generated_Code/TU1.c **** **     THIS COMPONENT MODULE IS GENERATED BY THE TOOL. DO NOT MODIFY IT.
   3:../Generated_Code/TU1.c **** **     Filename    : TU1.c
   4:../Generated_Code/TU1.c **** **     Project     : ProcessorExpert
   5:../Generated_Code/TU1.c **** **     Processor   : MKL25Z128VLK4
   6:../Generated_Code/TU1.c **** **     Component   : TimerUnit_LDD
   7:../Generated_Code/TU1.c **** **     Version     : Component 01.158, Driver 01.11, CPU db: 3.00.000
   8:../Generated_Code/TU1.c **** **     Compiler    : GNU C Compiler
   9:../Generated_Code/TU1.c **** **     Date/Time   : 2015-09-29, 14:34, # CodeGen: 6
  10:../Generated_Code/TU1.c **** **     Abstract    :
  11:../Generated_Code/TU1.c **** **          This TimerUnit component provides a low level API for unified hardware access across
  12:../Generated_Code/TU1.c **** **          various timer devices using the Prescaler-Counter-Compare-Capture timer structure.
  13:../Generated_Code/TU1.c **** **     Settings    :
  14:../Generated_Code/TU1.c **** **          Component name                                 : TU1
  15:../Generated_Code/TU1.c **** **          Module name                                    : TPM0
  16:../Generated_Code/TU1.c **** **          Counter                                        : TPM0_CNT
  17:../Generated_Code/TU1.c **** **          Counter direction                              : Up
  18:../Generated_Code/TU1.c **** **          Counter width                                  : 16 bits
  19:../Generated_Code/TU1.c **** **          Value type                                     : uint16_t
  20:../Generated_Code/TU1.c **** **          Input clock source                             : Internal
  21:../Generated_Code/TU1.c **** **            Counter frequency                            : 375 kHz
  22:../Generated_Code/TU1.c **** **          Counter restart                                : On-match
  23:../Generated_Code/TU1.c **** **            Period device                                : TPM0_MOD
  24:../Generated_Code/TU1.c **** **            Period                                       : 100 ms
  25:../Generated_Code/TU1.c **** **            Interrupt                                    : Enabled
  26:../Generated_Code/TU1.c **** **              Interrupt                                  : INT_TPM0
  27:../Generated_Code/TU1.c **** **              Interrupt priority                         : medium priority
  28:../Generated_Code/TU1.c **** **          Channel list                                   : 0
  29:../Generated_Code/TU1.c **** **          Initialization                                 : 
  30:../Generated_Code/TU1.c **** **            Enabled in init. code                        : yes
  31:../Generated_Code/TU1.c **** **            Auto initialization                          : no
  32:../Generated_Code/TU1.c **** **            Event mask                                   : 
  33:../Generated_Code/TU1.c **** **              OnCounterRestart                           : Enabled
  34:../Generated_Code/TU1.c **** **              OnChannel0                                 : Disabled
  35:../Generated_Code/TU1.c **** **              OnChannel1                                 : Disabled
  36:../Generated_Code/TU1.c **** **              OnChannel2                                 : Disabled
  37:../Generated_Code/TU1.c **** **              OnChannel3                                 : Disabled
  38:../Generated_Code/TU1.c **** **              OnChannel4                                 : Disabled
  39:../Generated_Code/TU1.c **** **              OnChannel5                                 : Disabled
  40:../Generated_Code/TU1.c **** **              OnChannel6                                 : Disabled
  41:../Generated_Code/TU1.c **** **              OnChannel7                                 : Disabled
  42:../Generated_Code/TU1.c **** **          CPU clock/configuration selection              : 
  43:../Generated_Code/TU1.c **** **            Clock configuration 0                        : This component enabled
  44:../Generated_Code/TU1.c **** **            Clock configuration 1                        : This component disabled
  45:../Generated_Code/TU1.c **** **            Clock configuration 2                        : This component disabled
  46:../Generated_Code/TU1.c **** **            Clock configuration 3                        : This component disabled
  47:../Generated_Code/TU1.c **** **            Clock configuration 4                        : This component disabled
  48:../Generated_Code/TU1.c **** **            Clock configuration 5                        : This component disabled
  49:../Generated_Code/TU1.c **** **            Clock configuration 6                        : This component disabled
  50:../Generated_Code/TU1.c **** **            Clock configuration 7                        : This component disabled
  51:../Generated_Code/TU1.c **** **     Contents    :
  52:../Generated_Code/TU1.c **** **         Init           - LDD_TDeviceData* TU1_Init(LDD_TUserData *UserDataPtr);
  53:../Generated_Code/TU1.c **** **         SetPeriodTicks - LDD_TError TU1_SetPeriodTicks(LDD_TDeviceData *DeviceDataPtr, TU1_TValu
  54:../Generated_Code/TU1.c **** **
  55:../Generated_Code/TU1.c **** **     Copyright : 1997 - 2013 Freescale Semiconductor, Inc. All Rights Reserved.
  56:../Generated_Code/TU1.c **** **     SOURCE DISTRIBUTION PERMISSIBLE as directed in End User License Agreement.
  57:../Generated_Code/TU1.c **** **     
  58:../Generated_Code/TU1.c **** **     http      : www.freescale.com
  59:../Generated_Code/TU1.c **** **     mail      : support@freescale.com
  60:../Generated_Code/TU1.c **** ** ###################################################################*/
  61:../Generated_Code/TU1.c **** /*!
  62:../Generated_Code/TU1.c **** ** @file TU1.c
  63:../Generated_Code/TU1.c **** ** @version 01.11
  64:../Generated_Code/TU1.c **** ** @brief
  65:../Generated_Code/TU1.c **** **          This TimerUnit component provides a low level API for unified hardware access across
  66:../Generated_Code/TU1.c **** **          various timer devices using the Prescaler-Counter-Compare-Capture timer structure.
  67:../Generated_Code/TU1.c **** */         
  68:../Generated_Code/TU1.c **** /*!
  69:../Generated_Code/TU1.c **** **  @addtogroup TU1_module TU1 module documentation
  70:../Generated_Code/TU1.c **** **  @{
  71:../Generated_Code/TU1.c **** */         
  72:../Generated_Code/TU1.c **** 
  73:../Generated_Code/TU1.c **** /* MODULE TU1. */
  74:../Generated_Code/TU1.c **** 
  75:../Generated_Code/TU1.c **** #include "TimerIntLdd1.h"
  76:../Generated_Code/TU1.c **** #include "TU1.h"
  77:../Generated_Code/TU1.c **** /* {Default RTOS Adapter} No RTOS includes */
  78:../Generated_Code/TU1.c **** #include "IO_Map.h"
  79:../Generated_Code/TU1.c **** 
  80:../Generated_Code/TU1.c **** #ifdef __cplusplus
  81:../Generated_Code/TU1.c **** extern "C" {
  82:../Generated_Code/TU1.c **** #endif 
  83:../Generated_Code/TU1.c **** 
  84:../Generated_Code/TU1.c **** 
  85:../Generated_Code/TU1.c **** typedef struct {
  86:../Generated_Code/TU1.c ****   LDD_TEventMask EnEvents;             /* Enable/Disable events mask */
  87:../Generated_Code/TU1.c ****   uint8_t InitCntr;                    /* Number of initialization */
  88:../Generated_Code/TU1.c ****   LDD_TUserData *UserDataPtr;          /* RTOS device data structure */
  89:../Generated_Code/TU1.c **** } TU1_TDeviceData;
  90:../Generated_Code/TU1.c **** 
  91:../Generated_Code/TU1.c **** typedef TU1_TDeviceData *TU1_TDeviceDataPtr; /* Pointer to the device data structure. */
  92:../Generated_Code/TU1.c **** 
  93:../Generated_Code/TU1.c **** /* {Default RTOS Adapter} Static object used for simulation of dynamic driver memory allocation */
  94:../Generated_Code/TU1.c **** static TU1_TDeviceData DeviceDataPrv__DEFAULT_RTOS_ALLOC;
  95:../Generated_Code/TU1.c **** /* {Default RTOS Adapter} Global variable used for passing a parameter into ISR */
  96:../Generated_Code/TU1.c **** static TU1_TDeviceDataPtr INT_TPM0__DEFAULT_RTOS_ISRPARAM;
  97:../Generated_Code/TU1.c **** 
  98:../Generated_Code/TU1.c **** #define AVAILABLE_EVENTS_MASK (LDD_TEventMask)(LDD_TIMERUNIT_ON_COUNTER_RESTART)
  99:../Generated_Code/TU1.c **** 
 100:../Generated_Code/TU1.c **** /* Internal method prototypes */
 101:../Generated_Code/TU1.c **** /*
 102:../Generated_Code/TU1.c **** ** ===================================================================
 103:../Generated_Code/TU1.c **** **     Method      :  TU1_Init (component TimerUnit_LDD)
 104:../Generated_Code/TU1.c **** */
 105:../Generated_Code/TU1.c **** /*!
 106:../Generated_Code/TU1.c **** **     @brief
 107:../Generated_Code/TU1.c **** **         Initializes the device. Allocates memory for the device data
 108:../Generated_Code/TU1.c **** **         structure, allocates interrupt vectors and sets interrupt
 109:../Generated_Code/TU1.c **** **         priority, sets pin routing, sets timing, etc. If the
 110:../Generated_Code/TU1.c **** **         property ["Enable in init. code"] is set to "yes" value then
 111:../Generated_Code/TU1.c **** **         the device is also enabled (see the description of the
 112:../Generated_Code/TU1.c **** **         [Enable] method). In this case the [Enable] method is not
 113:../Generated_Code/TU1.c **** **         necessary and needn't to be generated. This method can be
 114:../Generated_Code/TU1.c **** **         called only once. Before the second call of Init the [Deinit]
 115:../Generated_Code/TU1.c **** **         must be called first.
 116:../Generated_Code/TU1.c **** **     @param
 117:../Generated_Code/TU1.c **** **         UserDataPtr     - Pointer to the user or
 118:../Generated_Code/TU1.c **** **                           RTOS specific data. This pointer will be
 119:../Generated_Code/TU1.c **** **                           passed as an event or callback parameter.
 120:../Generated_Code/TU1.c **** **     @return
 121:../Generated_Code/TU1.c **** **                         - Pointer to the dynamically allocated private
 122:../Generated_Code/TU1.c **** **                           structure or NULL if there was an error.
 123:../Generated_Code/TU1.c **** */
 124:../Generated_Code/TU1.c **** /* ===================================================================*/
 125:../Generated_Code/TU1.c **** LDD_TDeviceData* TU1_Init(LDD_TUserData *UserDataPtr)
 126:../Generated_Code/TU1.c **** {
  38              		.loc 1 126 0
  39              		.cfi_startproc
  40 0000 80B5     		push	{r7, lr}
  41              	.LCFI0:
  42              		.cfi_def_cfa_offset 8
  43              		.cfi_offset 7, -8
  44              		.cfi_offset 14, -4
  45 0002 84B0     		sub	sp, sp, #16
  46              	.LCFI1:
  47              		.cfi_def_cfa_offset 24
  48 0004 00AF     		add	r7, sp, #0
  49              	.LCFI2:
  50              		.cfi_def_cfa_register 7
  51 0006 7860     		str	r0, [r7, #4]
 127:../Generated_Code/TU1.c ****   TU1_TDeviceData *DeviceDataPrv;
 128:../Generated_Code/TU1.c **** 
 129:../Generated_Code/TU1.c ****   if (PE_LDD_DeviceDataList[PE_LDD_COMPONENT_TU1_ID] == NULL) {
  52              		.loc 1 129 0
  53 0008 314B     		ldr	r3, .L4
  54 000a 9B68     		ldr	r3, [r3, #8]
  55 000c 002B     		cmp	r3, #0
  56 000e 4ED1     		bne	.L2
 130:../Generated_Code/TU1.c ****     /* Allocate device structure */
 131:../Generated_Code/TU1.c ****     /* {Default RTOS Adapter} Driver memory allocation: Dynamic allocation is simulated by a pointe
 132:../Generated_Code/TU1.c ****     DeviceDataPrv = &DeviceDataPrv__DEFAULT_RTOS_ALLOC;
  57              		.loc 1 132 0
  58 0010 304B     		ldr	r3, .L4+4
  59 0012 FB60     		str	r3, [r7, #12]
 133:../Generated_Code/TU1.c ****     DeviceDataPrv->UserDataPtr = UserDataPtr; /* Store the RTOS device structure */
  60              		.loc 1 133 0
  61 0014 FB68     		ldr	r3, [r7, #12]
  62 0016 7A68     		ldr	r2, [r7, #4]
  63 0018 9A60     		str	r2, [r3, #8]
 134:../Generated_Code/TU1.c ****     DeviceDataPrv->InitCntr = 1U;      /* First initialization */
  64              		.loc 1 134 0
  65 001a FB68     		ldr	r3, [r7, #12]
  66 001c 0122     		mov	r2, #1
  67 001e 1A71     		strb	r2, [r3, #4]
 135:../Generated_Code/TU1.c ****   }
 136:../Generated_Code/TU1.c ****   else {
 137:../Generated_Code/TU1.c ****     /* Memory is already allocated */
 138:../Generated_Code/TU1.c ****     DeviceDataPrv = (TU1_TDeviceDataPtr) PE_LDD_DeviceDataList[PE_LDD_COMPONENT_TU1_ID];
 139:../Generated_Code/TU1.c ****     DeviceDataPrv->UserDataPtr = UserDataPtr; /* Store the RTOS device structure */
 140:../Generated_Code/TU1.c ****     DeviceDataPrv->InitCntr++;         /* Increment counter of initialization */
 141:../Generated_Code/TU1.c ****     return ((LDD_TDeviceData *)DeviceDataPrv); /* Return pointer to the device data structure */
 142:../Generated_Code/TU1.c ****   }
 143:../Generated_Code/TU1.c ****   /* Interrupt vector(s) allocation */
 144:../Generated_Code/TU1.c ****   /* {Default RTOS Adapter} Set interrupt vector: IVT is static, ISR parameter is passed by the glo
 145:../Generated_Code/TU1.c ****   INT_TPM0__DEFAULT_RTOS_ISRPARAM = DeviceDataPrv;
  68              		.loc 1 145 0
  69 0020 2D4B     		ldr	r3, .L4+8
  70 0022 FA68     		ldr	r2, [r7, #12]
  71 0024 1A60     		str	r2, [r3]
 146:../Generated_Code/TU1.c ****   /* SIM_SCGC6: TPM0=1 */
 147:../Generated_Code/TU1.c ****   SIM_SCGC6 |= SIM_SCGC6_TPM0_MASK;                                   
  72              		.loc 1 147 0
  73 0026 2D4A     		ldr	r2, .L4+12
  74 0028 2C49     		ldr	r1, .L4+12
  75 002a 2D4B     		ldr	r3, .L4+16
  76 002c CB58     		ldr	r3, [r1, r3]
  77 002e 8021     		mov	r1, #128
  78 0030 4904     		lsl	r1, r1, #17
  79 0032 1943     		orr	r1, r3
  80 0034 2A4B     		ldr	r3, .L4+16
  81 0036 D150     		str	r1, [r2, r3]
 148:../Generated_Code/TU1.c ****   /* TPM0_SC: ??=0,??=0,??=0,??=0,??=0,??=0,??=0,??=0,??=0,??=0,??=0,??=0,??=0,??=0,??=0,??=0,??=0,
 149:../Generated_Code/TU1.c ****   TPM0_SC = (TPM_SC_CMOD(0x00) | TPM_SC_PS(0x00)); /* Clear status and control register */
  82              		.loc 1 149 0
  83 0038 2A4B     		ldr	r3, .L4+20
  84 003a 0022     		mov	r2, #0
  85 003c 1A60     		str	r2, [r3]
 150:../Generated_Code/TU1.c ****   /* TPM0_CNT: ??=0,??=0,??=0,??=0,??=0,??=0,??=0,??=0,??=0,??=0,??=0,??=0,??=0,??=0,??=0,??=0,COUN
 151:../Generated_Code/TU1.c ****   TPM0_CNT = TPM_CNT_COUNT(0x00);      /* Reset counter register */
  86              		.loc 1 151 0
  87 003e 294B     		ldr	r3, .L4+20
  88 0040 0022     		mov	r2, #0
  89 0042 5A60     		str	r2, [r3, #4]
 152:../Generated_Code/TU1.c ****   /* TPM0_C0SC: ??=0,??=0,??=0,??=0,??=0,??=0,??=0,??=0,??=0,??=0,??=0,??=0,??=0,??=0,??=0,??=0,??=
 153:../Generated_Code/TU1.c ****   TPM0_C0SC = 0x00U;                   /* Clear channel status and control register */
  90              		.loc 1 153 0
  91 0044 274B     		ldr	r3, .L4+20
  92 0046 0022     		mov	r2, #0
  93 0048 DA60     		str	r2, [r3, #12]
 154:../Generated_Code/TU1.c ****   /* TPM0_C1SC: ??=0,??=0,??=0,??=0,??=0,??=0,??=0,??=0,??=0,??=0,??=0,??=0,??=0,??=0,??=0,??=0,??=
 155:../Generated_Code/TU1.c ****   TPM0_C1SC = 0x00U;                   /* Clear channel status and control register */
  94              		.loc 1 155 0
  95 004a 264B     		ldr	r3, .L4+20
  96 004c 0022     		mov	r2, #0
  97 004e 5A61     		str	r2, [r3, #20]
 156:../Generated_Code/TU1.c ****   /* TPM0_C2SC: ??=0,??=0,??=0,??=0,??=0,??=0,??=0,??=0,??=0,??=0,??=0,??=0,??=0,??=0,??=0,??=0,??=
 157:../Generated_Code/TU1.c ****   TPM0_C2SC = 0x00U;                   /* Clear channel status and control register */
  98              		.loc 1 157 0
  99 0050 244B     		ldr	r3, .L4+20
 100 0052 0022     		mov	r2, #0
 101 0054 DA61     		str	r2, [r3, #28]
 158:../Generated_Code/TU1.c ****   /* TPM0_C3SC: ??=0,??=0,??=0,??=0,??=0,??=0,??=0,??=0,??=0,??=0,??=0,??=0,??=0,??=0,??=0,??=0,??=
 159:../Generated_Code/TU1.c ****   TPM0_C3SC = 0x00U;                   /* Clear channel status and control register */
 102              		.loc 1 159 0
 103 0056 234B     		ldr	r3, .L4+20
 104 0058 0022     		mov	r2, #0
 105 005a 5A62     		str	r2, [r3, #36]
 160:../Generated_Code/TU1.c ****   /* TPM0_C4SC: ??=0,??=0,??=0,??=0,??=0,??=0,??=0,??=0,??=0,??=0,??=0,??=0,??=0,??=0,??=0,??=0,??=
 161:../Generated_Code/TU1.c ****   TPM0_C4SC = 0x00U;                   /* Clear channel status and control register */
 106              		.loc 1 161 0
 107 005c 214B     		ldr	r3, .L4+20
 108 005e 0022     		mov	r2, #0
 109 0060 DA62     		str	r2, [r3, #44]
 162:../Generated_Code/TU1.c ****   /* TPM0_C5SC: ??=0,??=0,??=0,??=0,??=0,??=0,??=0,??=0,??=0,??=0,??=0,??=0,??=0,??=0,??=0,??=0,??=
 163:../Generated_Code/TU1.c ****   TPM0_C5SC = 0x00U;                   /* Clear channel status and control register */
 110              		.loc 1 163 0
 111 0062 204B     		ldr	r3, .L4+20
 112 0064 0022     		mov	r2, #0
 113 0066 5A63     		str	r2, [r3, #52]
 164:../Generated_Code/TU1.c ****   /* TPM0_MOD: ??=0,??=0,??=0,??=0,??=0,??=0,??=0,??=0,??=0,??=0,??=0,??=0,??=0,??=0,??=0,??=0,MOD=
 165:../Generated_Code/TU1.c ****   TPM0_MOD = TPM_MOD_MOD(0x927B);      /* Set up modulo register */
 114              		.loc 1 165 0
 115 0068 1E4B     		ldr	r3, .L4+20
 116 006a 1F4A     		ldr	r2, .L4+24
 117 006c 9A60     		str	r2, [r3, #8]
 166:../Generated_Code/TU1.c ****   DeviceDataPrv->EnEvents = 0x0100U;   /* Enable selected events */
 118              		.loc 1 166 0
 119 006e FB68     		ldr	r3, [r7, #12]
 120 0070 8022     		mov	r2, #128
 121 0072 5200     		lsl	r2, r2, #1
 122 0074 1A60     		str	r2, [r3]
 167:../Generated_Code/TU1.c ****   /* NVIC_IPR4: PRI_17=0x80 */
 168:../Generated_Code/TU1.c ****   NVIC_IPR4 = (uint32_t)((NVIC_IPR4 & (uint32_t)~(uint32_t)(
 123              		.loc 1 168 0
 124 0076 1D4A     		ldr	r2, .L4+28
 125 0078 1C49     		ldr	r1, .L4+28
 126 007a C423     		mov	r3, #196
 127 007c 9B00     		lsl	r3, r3, #2
 128 007e C958     		ldr	r1, [r1, r3]
 129 0080 1B4B     		ldr	r3, .L4+32
 130 0082 0B40     		and	r3, r1
 131 0084 8021     		mov	r1, #128
 132 0086 0902     		lsl	r1, r1, #8
 133 0088 1943     		orr	r1, r3
 134 008a C423     		mov	r3, #196
 135 008c 9B00     		lsl	r3, r3, #2
 136 008e D150     		str	r1, [r2, r3]
 169:../Generated_Code/TU1.c ****                NVIC_IP_PRI_17(0x7F)
 170:../Generated_Code/TU1.c ****               )) | (uint32_t)(
 171:../Generated_Code/TU1.c ****                NVIC_IP_PRI_17(0x80)
 172:../Generated_Code/TU1.c ****               ));                                  
 173:../Generated_Code/TU1.c ****   /* NVIC_ISER: SETENA|=0x00020000 */
 174:../Generated_Code/TU1.c ****   NVIC_ISER |= NVIC_ISER_SETENA(0x00020000);                                   
 137              		.loc 1 174 0
 138 0090 164B     		ldr	r3, .L4+28
 139 0092 164A     		ldr	r2, .L4+28
 140 0094 1268     		ldr	r2, [r2]
 141 0096 8021     		mov	r1, #128
 142 0098 8902     		lsl	r1, r1, #10
 143 009a 0A43     		orr	r2, r1
 144 009c 1A60     		str	r2, [r3]
 175:../Generated_Code/TU1.c ****   /* TPM0_SC: ??=0,??=0,??=0,??=0,??=0,??=0,??=0,??=0,??=0,??=0,??=0,??=0,??=0,??=0,??=0,??=0,??=0,
 176:../Generated_Code/TU1.c ****   TPM0_SC = (TPM_SC_TOIE_MASK | TPM_SC_CMOD(0x01) | TPM_SC_PS(0x07)); /* Set up status and control 
 145              		.loc 1 176 0
 146 009e 114B     		ldr	r3, .L4+20
 147 00a0 4F22     		mov	r2, #79
 148 00a2 1A60     		str	r2, [r3]
 177:../Generated_Code/TU1.c ****   /* Registration of the device structure */
 178:../Generated_Code/TU1.c ****   PE_LDD_RegisterDeviceStructure(PE_LDD_COMPONENT_TU1_ID,DeviceDataPrv);
 149              		.loc 1 178 0
 150 00a4 0A4B     		ldr	r3, .L4
 151 00a6 FA68     		ldr	r2, [r7, #12]
 152 00a8 9A60     		str	r2, [r3, #8]
 179:../Generated_Code/TU1.c ****   return ((LDD_TDeviceData *)DeviceDataPrv); /* Return pointer to the device data structure */
 153              		.loc 1 179 0
 154 00aa FB68     		ldr	r3, [r7, #12]
 155 00ac 0CE0     		b	.L3
 156              	.L2:
 138:../Generated_Code/TU1.c ****     DeviceDataPrv = (TU1_TDeviceDataPtr) PE_LDD_DeviceDataList[PE_LDD_COMPONENT_TU1_ID];
 157              		.loc 1 138 0
 158 00ae 084B     		ldr	r3, .L4
 159 00b0 9B68     		ldr	r3, [r3, #8]
 160 00b2 FB60     		str	r3, [r7, #12]
 139:../Generated_Code/TU1.c ****     DeviceDataPrv->UserDataPtr = UserDataPtr; /* Store the RTOS device structure */
 161              		.loc 1 139 0
 162 00b4 FB68     		ldr	r3, [r7, #12]
 163 00b6 7A68     		ldr	r2, [r7, #4]
 164 00b8 9A60     		str	r2, [r3, #8]
 140:../Generated_Code/TU1.c ****     DeviceDataPrv->InitCntr++;         /* Increment counter of initialization */
 165              		.loc 1 140 0
 166 00ba FB68     		ldr	r3, [r7, #12]
 167 00bc 1B79     		ldrb	r3, [r3, #4]
 168 00be 0133     		add	r3, r3, #1
 169 00c0 DAB2     		uxtb	r2, r3
 170 00c2 FB68     		ldr	r3, [r7, #12]
 171 00c4 1A71     		strb	r2, [r3, #4]
 141:../Generated_Code/TU1.c ****     return ((LDD_TDeviceData *)DeviceDataPrv); /* Return pointer to the device data structure */
 172              		.loc 1 141 0
 173 00c6 FB68     		ldr	r3, [r7, #12]
 174              	.L3:
 180:../Generated_Code/TU1.c **** }
 175              		.loc 1 180 0
 176 00c8 181C     		mov	r0, r3
 177 00ca BD46     		mov	sp, r7
 178 00cc 04B0     		add	sp, sp, #16
 179              		@ sp needed for prologue
 180 00ce 80BD     		pop	{r7, pc}
 181              	.L5:
 182              		.align	2
 183              	.L4:
 184 00d0 00000000 		.word	PE_LDD_DeviceDataList
 185 00d4 00000000 		.word	DeviceDataPrv__DEFAULT_RTOS_ALLOC
 186 00d8 00000000 		.word	INT_TPM0__DEFAULT_RTOS_ISRPARAM
 187 00dc 00700440 		.word	1074032640
 188 00e0 3C100000 		.word	4156
 189 00e4 00800340 		.word	1073971200
 190 00e8 7B920000 		.word	37499
 191 00ec 00E100E0 		.word	-536813312
 192 00f0 FF00FFFF 		.word	-65281
 193              		.cfi_endproc
 194              	.LFE0:
 196              		.section	.text.TU1_SetPeriodTicks,"ax",%progbits
 197              		.align	2
 198              		.global	TU1_SetPeriodTicks
 199              		.code	16
 200              		.thumb_func
 202              	TU1_SetPeriodTicks:
 203              	.LFB1:
 181:../Generated_Code/TU1.c **** 
 182:../Generated_Code/TU1.c **** /*
 183:../Generated_Code/TU1.c **** ** ===================================================================
 184:../Generated_Code/TU1.c **** **     Method      :  TU1_SetPeriodTicks (component TimerUnit_LDD)
 185:../Generated_Code/TU1.c **** */
 186:../Generated_Code/TU1.c **** /*!
 187:../Generated_Code/TU1.c **** **     @brief
 188:../Generated_Code/TU1.c **** **         The method sets timer re-initialization period (in timer
 189:../Generated_Code/TU1.c **** **         ticks). This method is available only if the property
 190:../Generated_Code/TU1.c **** **         ["Counter restart"] is switched to 'on-match' value.
 191:../Generated_Code/TU1.c **** **     @param
 192:../Generated_Code/TU1.c **** **         DeviceDataPtr   - Device data structure
 193:../Generated_Code/TU1.c **** **                           pointer returned by [Init] method.
 194:../Generated_Code/TU1.c **** **     @param
 195:../Generated_Code/TU1.c **** **         Ticks           - Number of counter ticks before counter
 196:../Generated_Code/TU1.c **** **                           re-initialization. Value 0 means maximal
 197:../Generated_Code/TU1.c **** **                           period value the same as "free-running
 198:../Generated_Code/TU1.c **** **                           mode", e.g. counter overflow or underflow
 199:../Generated_Code/TU1.c **** **                           without any explicit re-initialization.
 200:../Generated_Code/TU1.c **** **     @return
 201:../Generated_Code/TU1.c **** **                         - Error code, possible codes:
 202:../Generated_Code/TU1.c **** **                           ERR_OK - OK 
 203:../Generated_Code/TU1.c **** **                           ERR_PARAM_TICKS - Ticks parameter is out of
 204:../Generated_Code/TU1.c **** **                           possible range.
 205:../Generated_Code/TU1.c **** **                           ERR_SPEED - The component does not work in
 206:../Generated_Code/TU1.c **** **                           the active clock configuration
 207:../Generated_Code/TU1.c **** */
 208:../Generated_Code/TU1.c **** /* ===================================================================*/
 209:../Generated_Code/TU1.c **** LDD_TError TU1_SetPeriodTicks(LDD_TDeviceData *DeviceDataPtr, TU1_TValueType Ticks)
 210:../Generated_Code/TU1.c **** {
 204              		.loc 1 210 0
 205              		.cfi_startproc
 206 0000 80B5     		push	{r7, lr}
 207              	.LCFI3:
 208              		.cfi_def_cfa_offset 8
 209              		.cfi_offset 7, -8
 210              		.cfi_offset 14, -4
 211 0002 82B0     		sub	sp, sp, #8
 212              	.LCFI4:
 213              		.cfi_def_cfa_offset 16
 214 0004 00AF     		add	r7, sp, #0
 215              	.LCFI5:
 216              		.cfi_def_cfa_register 7
 217 0006 7860     		str	r0, [r7, #4]
 218 0008 0A1C     		mov	r2, r1
 219 000a BB1C     		add	r3, r7, #2
 220 000c 1A80     		strh	r2, [r3]
 211:../Generated_Code/TU1.c ****   (void)DeviceDataPtr;                 /* Parameter is not used, suppress unused argument warning *
 212:../Generated_Code/TU1.c ****   TPM_PDD_WriteModuloReg(TPM0_BASE_PTR, (uint16_t)(--Ticks));
 221              		.loc 1 212 0
 222 000e 074B     		ldr	r3, .L8
 223 0010 BA1C     		add	r2, r7, #2
 224 0012 B91C     		add	r1, r7, #2
 225 0014 0988     		ldrh	r1, [r1]
 226 0016 0139     		sub	r1, r1, #1
 227 0018 1180     		strh	r1, [r2]
 228 001a BA1C     		add	r2, r7, #2
 229 001c 1288     		ldrh	r2, [r2]
 230 001e 9A60     		str	r2, [r3, #8]
 213:../Generated_Code/TU1.c ****   return ERR_OK;                       /* OK */
 231              		.loc 1 213 0
 232 0020 0023     		mov	r3, #0
 214:../Generated_Code/TU1.c **** }
 233              		.loc 1 214 0
 234 0022 181C     		mov	r0, r3
 235 0024 BD46     		mov	sp, r7
 236 0026 02B0     		add	sp, sp, #8
 237              		@ sp needed for prologue
 238 0028 80BD     		pop	{r7, pc}
 239              	.L9:
 240 002a C046     		.align	2
 241              	.L8:
 242 002c 00800340 		.word	1073971200
 243              		.cfi_endproc
 244              	.LFE1:
 246              		.section	.text.TU1_Interrupt,"ax",%progbits
 247              		.align	2
 248              		.global	TU1_Interrupt
 249              		.code	16
 250              		.thumb_func
 252              	TU1_Interrupt:
 253              	.LFB2:
 215:../Generated_Code/TU1.c **** 
 216:../Generated_Code/TU1.c **** /*
 217:../Generated_Code/TU1.c **** ** ===================================================================
 218:../Generated_Code/TU1.c **** **     Method      :  TU1_Interrupt (component TimerUnit_LDD)
 219:../Generated_Code/TU1.c **** **
 220:../Generated_Code/TU1.c **** **     Description :
 221:../Generated_Code/TU1.c **** **         The method services the interrupt of the selected peripheral(s)
 222:../Generated_Code/TU1.c **** **         and eventually invokes event(s) of the component.
 223:../Generated_Code/TU1.c **** **         This method is internal. It is used by Processor Expert only.
 224:../Generated_Code/TU1.c **** ** ===================================================================
 225:../Generated_Code/TU1.c **** */
 226:../Generated_Code/TU1.c **** PE_ISR(TU1_Interrupt)
 227:../Generated_Code/TU1.c **** {
 254              		.loc 1 227 0
 255              		.cfi_startproc
 256 0000 80B5     		push	{r7, lr}
 257              	.LCFI6:
 258              		.cfi_def_cfa_offset 8
 259              		.cfi_offset 7, -8
 260              		.cfi_offset 14, -4
 261 0002 82B0     		sub	sp, sp, #8
 262              	.LCFI7:
 263              		.cfi_def_cfa_offset 16
 264 0004 00AF     		add	r7, sp, #0
 265              	.LCFI8:
 266              		.cfi_def_cfa_register 7
 228:../Generated_Code/TU1.c ****   /* {Default RTOS Adapter} ISR parameter is passed through the global variable */
 229:../Generated_Code/TU1.c ****   TU1_TDeviceDataPtr DeviceDataPrv = INT_TPM0__DEFAULT_RTOS_ISRPARAM;
 267              		.loc 1 229 0
 268 0006 134B     		ldr	r3, .L13
 269 0008 1B68     		ldr	r3, [r3]
 270 000a 3B60     		str	r3, [r7]
 230:../Generated_Code/TU1.c **** 
 231:../Generated_Code/TU1.c ****   LDD_TEventMask State = 0U;
 271              		.loc 1 231 0
 272 000c 0023     		mov	r3, #0
 273 000e 7B60     		str	r3, [r7, #4]
 232:../Generated_Code/TU1.c **** 
 233:../Generated_Code/TU1.c ****   if ((TPM_PDD_GetOverflowInterruptFlag(TPM0_BASE_PTR)) != 0U) { /* Is the overflow interrupt flag 
 274              		.loc 1 233 0
 275 0010 114B     		ldr	r3, .L13+4
 276 0012 1A68     		ldr	r2, [r3]
 277 0014 8023     		mov	r3, #128
 278 0016 1340     		and	r3, r2
 279 0018 04D0     		beq	.L11
 234:../Generated_Code/TU1.c ****     State |= LDD_TIMERUNIT_ON_COUNTER_RESTART; /* and set mask */
 280              		.loc 1 234 0
 281 001a 7B68     		ldr	r3, [r7, #4]
 282 001c 8022     		mov	r2, #128
 283 001e 5200     		lsl	r2, r2, #1
 284 0020 1343     		orr	r3, r2
 285 0022 7B60     		str	r3, [r7, #4]
 286              	.L11:
 235:../Generated_Code/TU1.c ****   }
 236:../Generated_Code/TU1.c ****   State &= DeviceDataPrv->EnEvents;    /* Handle only enabled interrupts */
 287              		.loc 1 236 0
 288 0024 3B68     		ldr	r3, [r7]
 289 0026 1A68     		ldr	r2, [r3]
 290 0028 7B68     		ldr	r3, [r7, #4]
 291 002a 1340     		and	r3, r2
 292 002c 7B60     		str	r3, [r7, #4]
 237:../Generated_Code/TU1.c ****   if (State & LDD_TIMERUNIT_ON_COUNTER_RESTART) { /* Is the overflow interrupt flag pending? */
 293              		.loc 1 237 0
 294 002e 7A68     		ldr	r2, [r7, #4]
 295 0030 8023     		mov	r3, #128
 296 0032 5B00     		lsl	r3, r3, #1
 297 0034 1340     		and	r3, r2
 298 0036 0AD0     		beq	.L10
 238:../Generated_Code/TU1.c ****     TPM_PDD_ClearOverflowInterruptFlag(TPM0_BASE_PTR); /* Clear flag */
 299              		.loc 1 238 0
 300 0038 074B     		ldr	r3, .L13+4
 301 003a 074A     		ldr	r2, .L13+4
 302 003c 1268     		ldr	r2, [r2]
 303 003e 8021     		mov	r1, #128
 304 0040 0A43     		orr	r2, r1
 305 0042 1A60     		str	r2, [r3]
 239:../Generated_Code/TU1.c ****     TU1_OnCounterRestart(DeviceDataPrv->UserDataPtr); /* Invoke OnCounterRestart event */
 306              		.loc 1 239 0
 307 0044 3B68     		ldr	r3, [r7]
 308 0046 9B68     		ldr	r3, [r3, #8]
 309 0048 181C     		mov	r0, r3
 310 004a FFF7FEFF 		bl	TU1_OnCounterRestart
 311              	.L10:
 240:../Generated_Code/TU1.c ****   }
 241:../Generated_Code/TU1.c **** }
 312              		.loc 1 241 0
 313 004e BD46     		mov	sp, r7
 314 0050 02B0     		add	sp, sp, #8
 315              		@ sp needed for prologue
 316 0052 80BD     		pop	{r7, pc}
 317              	.L14:
 318              		.align	2
 319              	.L13:
 320 0054 00000000 		.word	INT_TPM0__DEFAULT_RTOS_ISRPARAM
 321 0058 00800340 		.word	1073971200
 322              		.cfi_endproc
 323              	.LFE2:
 325              		.text
 326              	.Letext0:
 327              		.file 2 "E:/Freescale/CW MCU v10.5/MCU/ARM_GCC_Support/ewl/EWL_C/include/cstdint"
 328              		.file 3 "../Generated_Code/PE_Types.h"
 329              		.file 4 "../Generated_Code/IO_Map.h"
 330              		.file 5 "../Generated_Code/TU1.h"
DEFINED SYMBOLS
                            *ABS*:00000000 TU1.c
C:\Users\lab\AppData\Local\Temp\ccCMnVme.s:18     .bss.DeviceDataPrv__DEFAULT_RTOS_ALLOC:00000000 $d
C:\Users\lab\AppData\Local\Temp\ccCMnVme.s:21     .bss.DeviceDataPrv__DEFAULT_RTOS_ALLOC:00000000 DeviceDataPrv__DEFAULT_RTOS_ALLOC
C:\Users\lab\AppData\Local\Temp\ccCMnVme.s:24     .bss.INT_TPM0__DEFAULT_RTOS_ISRPARAM:00000000 $d
C:\Users\lab\AppData\Local\Temp\ccCMnVme.s:27     .bss.INT_TPM0__DEFAULT_RTOS_ISRPARAM:00000000 INT_TPM0__DEFAULT_RTOS_ISRPARAM
C:\Users\lab\AppData\Local\Temp\ccCMnVme.s:30     .text.TU1_Init:00000000 $t
C:\Users\lab\AppData\Local\Temp\ccCMnVme.s:35     .text.TU1_Init:00000000 TU1_Init
C:\Users\lab\AppData\Local\Temp\ccCMnVme.s:184    .text.TU1_Init:000000d0 $d
C:\Users\lab\AppData\Local\Temp\ccCMnVme.s:197    .text.TU1_SetPeriodTicks:00000000 $t
C:\Users\lab\AppData\Local\Temp\ccCMnVme.s:202    .text.TU1_SetPeriodTicks:00000000 TU1_SetPeriodTicks
C:\Users\lab\AppData\Local\Temp\ccCMnVme.s:242    .text.TU1_SetPeriodTicks:0000002c $d
C:\Users\lab\AppData\Local\Temp\ccCMnVme.s:247    .text.TU1_Interrupt:00000000 $t
C:\Users\lab\AppData\Local\Temp\ccCMnVme.s:252    .text.TU1_Interrupt:00000000 TU1_Interrupt
C:\Users\lab\AppData\Local\Temp\ccCMnVme.s:320    .text.TU1_Interrupt:00000054 $d
                     .debug_frame:00000010 $d

UNDEFINED SYMBOLS
PE_LDD_DeviceDataList
TU1_OnCounterRestart
