   1              		.cpu cortex-m0
   2              		.fpu softvfp
   3              		.eabi_attribute 20, 1
   4              		.eabi_attribute 21, 1
   5              		.eabi_attribute 23, 3
   6              		.eabi_attribute 24, 1
   7              		.eabi_attribute 25, 1
   8              		.eabi_attribute 26, 1
   9              		.eabi_attribute 30, 2
  10              		.eabi_attribute 34, 0
  11              		.eabi_attribute 18, 4
  12              		.code	16
  13              		.file	"lptmr.c"
  14              		.text
  15              	.Ltext0:
  16              		.cfi_sections	.debug_frame
  17              		.section	.text.time_delay_ms,"ax",%progbits
  18              		.align	2
  19              		.global	time_delay_ms
  20              		.code	16
  21              		.thumb_func
  23              	time_delay_ms:
  24              	.LFB0:
  25              		.file 1 "D:/kuaipan/SEMG/MEMS_SEMG_KL25/KL25 Sample Code_I2c/KL25 Sample Code/kl25_sc_rev10/klxx-s
   1:D:/kuaipan/SEMG/MEMS_SEMG_KL25/KL25 Sample Code_I2c/KL25 Sample Code/kl25_sc_rev10/klxx-sc-baremetal/src/drivers/lptmr\lptmr.c **** /*
   2:D:/kuaipan/SEMG/MEMS_SEMG_KL25/KL25 Sample Code_I2c/KL25 Sample Code/kl25_sc_rev10/klxx-sc-baremetal/src/drivers/lptmr\lptmr.c ****  * File:        lptmr.c
   3:D:/kuaipan/SEMG/MEMS_SEMG_KL25/KL25 Sample Code_I2c/KL25 Sample Code/kl25_sc_rev10/klxx-sc-baremetal/src/drivers/lptmr\lptmr.c ****  * Purpose:     Provide common low power timer functions
   4:D:/kuaipan/SEMG/MEMS_SEMG_KL25/KL25 Sample Code_I2c/KL25 Sample Code/kl25_sc_rev10/klxx-sc-baremetal/src/drivers/lptmr\lptmr.c ****  *
   5:D:/kuaipan/SEMG/MEMS_SEMG_KL25/KL25 Sample Code_I2c/KL25 Sample Code/kl25_sc_rev10/klxx-sc-baremetal/src/drivers/lptmr\lptmr.c ****  * Notes:       Right now only function provided is used
   6:D:/kuaipan/SEMG/MEMS_SEMG_KL25/KL25 Sample Code_I2c/KL25 Sample Code/kl25_sc_rev10/klxx-sc-baremetal/src/drivers/lptmr\lptmr.c ****  *              to generate a delay in ms. This driver
   7:D:/kuaipan/SEMG/MEMS_SEMG_KL25/KL25 Sample Code_I2c/KL25 Sample Code/kl25_sc_rev10/klxx-sc-baremetal/src/drivers/lptmr\lptmr.c ****  *              could be expanded to include more functions
   8:D:/kuaipan/SEMG/MEMS_SEMG_KL25/KL25 Sample Code_I2c/KL25 Sample Code/kl25_sc_rev10/klxx-sc-baremetal/src/drivers/lptmr\lptmr.c ****  *              in the future.
   9:D:/kuaipan/SEMG/MEMS_SEMG_KL25/KL25 Sample Code_I2c/KL25 Sample Code/kl25_sc_rev10/klxx-sc-baremetal/src/drivers/lptmr\lptmr.c ****  *
  10:D:/kuaipan/SEMG/MEMS_SEMG_KL25/KL25 Sample Code_I2c/KL25 Sample Code/kl25_sc_rev10/klxx-sc-baremetal/src/drivers/lptmr\lptmr.c ****  */
  11:D:/kuaipan/SEMG/MEMS_SEMG_KL25/KL25 Sample Code_I2c/KL25 Sample Code/kl25_sc_rev10/klxx-sc-baremetal/src/drivers/lptmr\lptmr.c **** 
  12:D:/kuaipan/SEMG/MEMS_SEMG_KL25/KL25 Sample Code_I2c/KL25 Sample Code/kl25_sc_rev10/klxx-sc-baremetal/src/drivers/lptmr\lptmr.c **** 
  13:D:/kuaipan/SEMG/MEMS_SEMG_KL25/KL25 Sample Code_I2c/KL25 Sample Code/kl25_sc_rev10/klxx-sc-baremetal/src/drivers/lptmr\lptmr.c **** #include "common.h"
  14:D:/kuaipan/SEMG/MEMS_SEMG_KL25/KL25 Sample Code_I2c/KL25 Sample Code/kl25_sc_rev10/klxx-sc-baremetal/src/drivers/lptmr\lptmr.c **** #include "lptmr.h"
  15:D:/kuaipan/SEMG/MEMS_SEMG_KL25/KL25 Sample Code_I2c/KL25 Sample Code/kl25_sc_rev10/klxx-sc-baremetal/src/drivers/lptmr\lptmr.c **** 
  16:D:/kuaipan/SEMG/MEMS_SEMG_KL25/KL25 Sample Code_I2c/KL25 Sample Code/kl25_sc_rev10/klxx-sc-baremetal/src/drivers/lptmr\lptmr.c **** 
  17:D:/kuaipan/SEMG/MEMS_SEMG_KL25/KL25 Sample Code_I2c/KL25 Sample Code/kl25_sc_rev10/klxx-sc-baremetal/src/drivers/lptmr\lptmr.c **** extern int re_init_clk;
  18:D:/kuaipan/SEMG/MEMS_SEMG_KL25/KL25 Sample Code_I2c/KL25 Sample Code/kl25_sc_rev10/klxx-sc-baremetal/src/drivers/lptmr\lptmr.c **** extern int clock_freq_hz;
  19:D:/kuaipan/SEMG/MEMS_SEMG_KL25/KL25 Sample Code_I2c/KL25 Sample Code/kl25_sc_rev10/klxx-sc-baremetal/src/drivers/lptmr\lptmr.c **** 
  20:D:/kuaipan/SEMG/MEMS_SEMG_KL25/KL25 Sample Code_I2c/KL25 Sample Code/kl25_sc_rev10/klxx-sc-baremetal/src/drivers/lptmr\lptmr.c **** /********************************************************************/
  21:D:/kuaipan/SEMG/MEMS_SEMG_KL25/KL25 Sample Code_I2c/KL25 Sample Code/kl25_sc_rev10/klxx-sc-baremetal/src/drivers/lptmr\lptmr.c **** /*
  22:D:/kuaipan/SEMG/MEMS_SEMG_KL25/KL25 Sample Code_I2c/KL25 Sample Code/kl25_sc_rev10/klxx-sc-baremetal/src/drivers/lptmr\lptmr.c ****  * Initialize the low power time to provide a delay measured in ms.
  23:D:/kuaipan/SEMG/MEMS_SEMG_KL25/KL25 Sample Code_I2c/KL25 Sample Code/kl25_sc_rev10/klxx-sc-baremetal/src/drivers/lptmr\lptmr.c ****  *
  24:D:/kuaipan/SEMG/MEMS_SEMG_KL25/KL25 Sample Code_I2c/KL25 Sample Code/kl25_sc_rev10/klxx-sc-baremetal/src/drivers/lptmr\lptmr.c ****  *
  25:D:/kuaipan/SEMG/MEMS_SEMG_KL25/KL25 Sample Code_I2c/KL25 Sample Code/kl25_sc_rev10/klxx-sc-baremetal/src/drivers/lptmr\lptmr.c ****  * Parameters:
  26:D:/kuaipan/SEMG/MEMS_SEMG_KL25/KL25 Sample Code_I2c/KL25 Sample Code/kl25_sc_rev10/klxx-sc-baremetal/src/drivers/lptmr\lptmr.c ****  *  count_val   number of ms to delay
  27:D:/kuaipan/SEMG/MEMS_SEMG_KL25/KL25 Sample Code_I2c/KL25 Sample Code/kl25_sc_rev10/klxx-sc-baremetal/src/drivers/lptmr\lptmr.c ****  *
  28:D:/kuaipan/SEMG/MEMS_SEMG_KL25/KL25 Sample Code_I2c/KL25 Sample Code/kl25_sc_rev10/klxx-sc-baremetal/src/drivers/lptmr\lptmr.c ****  * Returns:
  29:D:/kuaipan/SEMG/MEMS_SEMG_KL25/KL25 Sample Code_I2c/KL25 Sample Code/kl25_sc_rev10/klxx-sc-baremetal/src/drivers/lptmr\lptmr.c ****  * None
  30:D:/kuaipan/SEMG/MEMS_SEMG_KL25/KL25 Sample Code_I2c/KL25 Sample Code/kl25_sc_rev10/klxx-sc-baremetal/src/drivers/lptmr\lptmr.c ****  */
  31:D:/kuaipan/SEMG/MEMS_SEMG_KL25/KL25 Sample Code_I2c/KL25 Sample Code/kl25_sc_rev10/klxx-sc-baremetal/src/drivers/lptmr\lptmr.c **** void time_delay_ms(unsigned int count_val)
  32:D:/kuaipan/SEMG/MEMS_SEMG_KL25/KL25 Sample Code_I2c/KL25 Sample Code/kl25_sc_rev10/klxx-sc-baremetal/src/drivers/lptmr\lptmr.c **** {
  26              		.loc 1 32 0
  27              		.cfi_startproc
  28              	.LVL0:
  33:D:/kuaipan/SEMG/MEMS_SEMG_KL25/KL25 Sample Code_I2c/KL25 Sample Code/kl25_sc_rev10/klxx-sc-baremetal/src/drivers/lptmr\lptmr.c ****   /* Make sure the clock to the LPTMR is enabled */
  34:D:/kuaipan/SEMG/MEMS_SEMG_KL25/KL25 Sample Code_I2c/KL25 Sample Code/kl25_sc_rev10/klxx-sc-baremetal/src/drivers/lptmr\lptmr.c ****   SIM_SCGC5|=SIM_SCGC5_LPTMR_MASK;
  29              		.loc 1 34 0
  30 0000 0D49     		ldr	r1, .L8
  31 0002 0E4B     		ldr	r3, .L8+4
  32:D:/kuaipan/SEMG/MEMS_SEMG_KL25/KL25 Sample Code_I2c/KL25 Sample Code/kl25_sc_rev10/klxx-sc-baremetal/src/drivers/lptmr\lptmr.c **** {
  32              		.loc 1 32 0
  33 0004 10B5     		push	{r4, lr}
  34              	.LCFI0:
  35              		.cfi_def_cfa_offset 8
  36              		.cfi_offset 4, -8
  37              		.cfi_offset 14, -4
  38              		.loc 1 34 0
  39 0006 CC58     		ldr	r4, [r1, r3]
  40 0008 0122     		mov	r2, #1
  41 000a 1443     		orr	r4, r2
  42 000c CC50     		str	r4, [r1, r3]
  35:D:/kuaipan/SEMG/MEMS_SEMG_KL25/KL25 Sample Code_I2c/KL25 Sample Code/kl25_sc_rev10/klxx-sc-baremetal/src/drivers/lptmr\lptmr.c **** 
  36:D:/kuaipan/SEMG/MEMS_SEMG_KL25/KL25 Sample Code_I2c/KL25 Sample Code/kl25_sc_rev10/klxx-sc-baremetal/src/drivers/lptmr\lptmr.c ****   /* Reset LPTMR settings */
  37:D:/kuaipan/SEMG/MEMS_SEMG_KL25/KL25 Sample Code_I2c/KL25 Sample Code/kl25_sc_rev10/klxx-sc-baremetal/src/drivers/lptmr\lptmr.c ****   LPTMR0_CSR=0;
  43              		.loc 1 37 0
  44 000e 0C4B     		ldr	r3, .L8+8
  45 0010 0021     		mov	r1, #0
  46 0012 1960     		str	r1, [r3]
  38:D:/kuaipan/SEMG/MEMS_SEMG_KL25/KL25 Sample Code_I2c/KL25 Sample Code/kl25_sc_rev10/klxx-sc-baremetal/src/drivers/lptmr\lptmr.c **** 
  39:D:/kuaipan/SEMG/MEMS_SEMG_KL25/KL25 Sample Code_I2c/KL25 Sample Code/kl25_sc_rev10/klxx-sc-baremetal/src/drivers/lptmr\lptmr.c ****   /* Set the compare value to the number of ms to delay */
  40:D:/kuaipan/SEMG/MEMS_SEMG_KL25/KL25 Sample Code_I2c/KL25 Sample Code/kl25_sc_rev10/klxx-sc-baremetal/src/drivers/lptmr\lptmr.c ****   LPTMR0_CMR = count_val;
  47              		.loc 1 40 0
  48 0014 9860     		str	r0, [r3, #8]
  41:D:/kuaipan/SEMG/MEMS_SEMG_KL25/KL25 Sample Code_I2c/KL25 Sample Code/kl25_sc_rev10/klxx-sc-baremetal/src/drivers/lptmr\lptmr.c **** 
  42:D:/kuaipan/SEMG/MEMS_SEMG_KL25/KL25 Sample Code_I2c/KL25 Sample Code/kl25_sc_rev10/klxx-sc-baremetal/src/drivers/lptmr\lptmr.c ****   /* Set up LPTMR to use 1kHz LPO with no prescaler as its clock source */
  43:D:/kuaipan/SEMG/MEMS_SEMG_KL25/KL25 Sample Code_I2c/KL25 Sample Code/kl25_sc_rev10/klxx-sc-baremetal/src/drivers/lptmr\lptmr.c ****   LPTMR0_PSR = LPTMR_PSR_PCS(1)|LPTMR_PSR_PBYP_MASK;
  49              		.loc 1 43 0
  50 0016 0520     		mov	r0, #5
  51              	.LVL1:
  52 0018 5860     		str	r0, [r3, #4]
  44:D:/kuaipan/SEMG/MEMS_SEMG_KL25/KL25 Sample Code_I2c/KL25 Sample Code/kl25_sc_rev10/klxx-sc-baremetal/src/drivers/lptmr\lptmr.c **** 
  45:D:/kuaipan/SEMG/MEMS_SEMG_KL25/KL25 Sample Code_I2c/KL25 Sample Code/kl25_sc_rev10/klxx-sc-baremetal/src/drivers/lptmr\lptmr.c ****   /* Start the timer */
  46:D:/kuaipan/SEMG/MEMS_SEMG_KL25/KL25 Sample Code_I2c/KL25 Sample Code/kl25_sc_rev10/klxx-sc-baremetal/src/drivers/lptmr\lptmr.c ****   LPTMR0_CSR |= LPTMR_CSR_TEN_MASK;
  53              		.loc 1 46 0
  54 001a 1C68     		ldr	r4, [r3]
  47:D:/kuaipan/SEMG/MEMS_SEMG_KL25/KL25 Sample Code_I2c/KL25 Sample Code/kl25_sc_rev10/klxx-sc-baremetal/src/drivers/lptmr\lptmr.c **** 
  48:D:/kuaipan/SEMG/MEMS_SEMG_KL25/KL25 Sample Code_I2c/KL25 Sample Code/kl25_sc_rev10/klxx-sc-baremetal/src/drivers/lptmr\lptmr.c ****   /* Wait for counter to reach compare value */
  49:D:/kuaipan/SEMG/MEMS_SEMG_KL25/KL25 Sample Code_I2c/KL25 Sample Code/kl25_sc_rev10/klxx-sc-baremetal/src/drivers/lptmr\lptmr.c ****   while (!(LPTMR0_CSR & LPTMR_CSR_TCF_MASK));
  55              		.loc 1 49 0
  56 001c 181C     		mov	r0, r3
  46:D:/kuaipan/SEMG/MEMS_SEMG_KL25/KL25 Sample Code_I2c/KL25 Sample Code/kl25_sc_rev10/klxx-sc-baremetal/src/drivers/lptmr\lptmr.c ****   LPTMR0_CSR |= LPTMR_CSR_TEN_MASK;
  57              		.loc 1 46 0
  58 001e 2243     		orr	r2, r4
  59 0020 1A60     		str	r2, [r3]
  60              		.loc 1 49 0
  61 0022 8021     		mov	r1, #128
  62              	.LVL2:
  63              	.L2:
  64              		.loc 1 49 0 is_stmt 0
  65 0024 0368     		ldr	r3, [r0]
  66 0026 064A     		ldr	r2, .L8+8
  67 0028 1942     		tst	r1, r3
  68 002a FBD0     		beq	.L2
  50:D:/kuaipan/SEMG/MEMS_SEMG_KL25/KL25 Sample Code_I2c/KL25 Sample Code/kl25_sc_rev10/klxx-sc-baremetal/src/drivers/lptmr\lptmr.c **** 
  51:D:/kuaipan/SEMG/MEMS_SEMG_KL25/KL25 Sample Code_I2c/KL25 Sample Code/kl25_sc_rev10/klxx-sc-baremetal/src/drivers/lptmr\lptmr.c ****   /* Disable counter and Clear Timer Compare Flag */
  52:D:/kuaipan/SEMG/MEMS_SEMG_KL25/KL25 Sample Code_I2c/KL25 Sample Code/kl25_sc_rev10/klxx-sc-baremetal/src/drivers/lptmr\lptmr.c ****   LPTMR0_CSR &= ~LPTMR_CSR_TEN_MASK;
  69              		.loc 1 52 0 is_stmt 1
  70 002c 1468     		ldr	r4, [r2]
  71 002e 0120     		mov	r0, #1
  72              	.LVL3:
  73 0030 8443     		bic	r4, r0
  74 0032 1460     		str	r4, [r2]
  53:D:/kuaipan/SEMG/MEMS_SEMG_KL25/KL25 Sample Code_I2c/KL25 Sample Code/kl25_sc_rev10/klxx-sc-baremetal/src/drivers/lptmr\lptmr.c **** 
  54:D:/kuaipan/SEMG/MEMS_SEMG_KL25/KL25 Sample Code_I2c/KL25 Sample Code/kl25_sc_rev10/klxx-sc-baremetal/src/drivers/lptmr\lptmr.c ****   return;
  55:D:/kuaipan/SEMG/MEMS_SEMG_KL25/KL25 Sample Code_I2c/KL25 Sample Code/kl25_sc_rev10/klxx-sc-baremetal/src/drivers/lptmr\lptmr.c **** }
  75              		.loc 1 55 0
  76              		@ sp needed for prologue
  77 0034 10BD     		pop	{r4, pc}
  78              	.L9:
  79 0036 C046     		.align	2
  80              	.L8:
  81 0038 00700440 		.word	1074032640
  82 003c 38100000 		.word	4152
  83 0040 00000440 		.word	1074003968
  84              		.cfi_endproc
  85              	.LFE0:
  87              		.section	.text.lptmr_isr,"ax",%progbits
  88              		.align	2
  89              		.global	lptmr_isr
  90              		.code	16
  91              		.thumb_func
  93              	lptmr_isr:
  94              	.LFB1:
  56:D:/kuaipan/SEMG/MEMS_SEMG_KL25/KL25 Sample Code_I2c/KL25 Sample Code/kl25_sc_rev10/klxx-sc-baremetal/src/drivers/lptmr\lptmr.c **** 
  57:D:/kuaipan/SEMG/MEMS_SEMG_KL25/KL25 Sample Code_I2c/KL25 Sample Code/kl25_sc_rev10/klxx-sc-baremetal/src/drivers/lptmr\lptmr.c **** void lptmr_isr(void)
  58:D:/kuaipan/SEMG/MEMS_SEMG_KL25/KL25 Sample Code_I2c/KL25 Sample Code/kl25_sc_rev10/klxx-sc-baremetal/src/drivers/lptmr\lptmr.c **** {
  95              		.loc 1 58 0
  96              		.cfi_startproc
  97 0000 08B5     		push	{r3, lr}
  98              	.LCFI1:
  99              		.cfi_def_cfa_offset 8
 100              		.cfi_offset 3, -8
 101              		.cfi_offset 14, -4
  59:D:/kuaipan/SEMG/MEMS_SEMG_KL25/KL25 Sample Code_I2c/KL25 Sample Code/kl25_sc_rev10/klxx-sc-baremetal/src/drivers/lptmr\lptmr.c ****   
  60:D:/kuaipan/SEMG/MEMS_SEMG_KL25/KL25 Sample Code_I2c/KL25 Sample Code/kl25_sc_rev10/klxx-sc-baremetal/src/drivers/lptmr\lptmr.c ****   printf("\n****LPT ISR entered*****\r\n");
 102              		.loc 1 60 0
 103 0002 0548     		ldr	r0, .L11
 104 0004 FFF7FEFF 		bl	puts
 105              	.LVL4:
  61:D:/kuaipan/SEMG/MEMS_SEMG_KL25/KL25 Sample Code_I2c/KL25 Sample Code/kl25_sc_rev10/klxx-sc-baremetal/src/drivers/lptmr\lptmr.c **** 
  62:D:/kuaipan/SEMG/MEMS_SEMG_KL25/KL25 Sample Code_I2c/KL25 Sample Code/kl25_sc_rev10/klxx-sc-baremetal/src/drivers/lptmr\lptmr.c ****   // enable timer
  63:D:/kuaipan/SEMG/MEMS_SEMG_KL25/KL25 Sample Code_I2c/KL25 Sample Code/kl25_sc_rev10/klxx-sc-baremetal/src/drivers/lptmr\lptmr.c ****   // enable interrupts
  64:D:/kuaipan/SEMG/MEMS_SEMG_KL25/KL25 Sample Code_I2c/KL25 Sample Code/kl25_sc_rev10/klxx-sc-baremetal/src/drivers/lptmr\lptmr.c ****   // clear the flag
  65:D:/kuaipan/SEMG/MEMS_SEMG_KL25/KL25 Sample Code_I2c/KL25 Sample Code/kl25_sc_rev10/klxx-sc-baremetal/src/drivers/lptmr\lptmr.c ****   LPTMR0_CSR |=  LPTMR_CSR_TCF_MASK;   // write 1 to TCF to clear the LPT timer compare flag
 106              		.loc 1 65 0
 107 0008 044B     		ldr	r3, .L11+4
 108 000a 8022     		mov	r2, #128
 109 000c 1968     		ldr	r1, [r3]
  66:D:/kuaipan/SEMG/MEMS_SEMG_KL25/KL25 Sample Code_I2c/KL25 Sample Code/kl25_sc_rev10/klxx-sc-baremetal/src/drivers/lptmr\lptmr.c ****   LPTMR0_CSR = ( LPTMR_CSR_TEN_MASK | LPTMR_CSR_TIE_MASK | LPTMR_CSR_TCF_MASK  );
 110              		.loc 1 66 0
 111 000e C120     		mov	r0, #193
  65:D:/kuaipan/SEMG/MEMS_SEMG_KL25/KL25 Sample Code_I2c/KL25 Sample Code/kl25_sc_rev10/klxx-sc-baremetal/src/drivers/lptmr\lptmr.c ****   LPTMR0_CSR |=  LPTMR_CSR_TCF_MASK;   // write 1 to TCF to clear the LPT timer compare flag
 112              		.loc 1 65 0
 113 0010 0A43     		orr	r2, r1
 114 0012 1A60     		str	r2, [r3]
  67:D:/kuaipan/SEMG/MEMS_SEMG_KL25/KL25 Sample Code_I2c/KL25 Sample Code/kl25_sc_rev10/klxx-sc-baremetal/src/drivers/lptmr\lptmr.c **** 
  68:D:/kuaipan/SEMG/MEMS_SEMG_KL25/KL25 Sample Code_I2c/KL25 Sample Code/kl25_sc_rev10/klxx-sc-baremetal/src/drivers/lptmr\lptmr.c **** }
 115              		.loc 1 68 0
 116              		@ sp needed for prologue
  66:D:/kuaipan/SEMG/MEMS_SEMG_KL25/KL25 Sample Code_I2c/KL25 Sample Code/kl25_sc_rev10/klxx-sc-baremetal/src/drivers/lptmr\lptmr.c ****   LPTMR0_CSR = ( LPTMR_CSR_TEN_MASK | LPTMR_CSR_TIE_MASK | LPTMR_CSR_TCF_MASK  );
 117              		.loc 1 66 0
 118 0014 1860     		str	r0, [r3]
 119              		.loc 1 68 0
 120 0016 08BD     		pop	{r3, pc}
 121              	.L12:
 122              		.align	2
 123              	.L11:
 124 0018 00000000 		.word	.LC0
 125 001c 00000440 		.word	1074003968
 126              		.cfi_endproc
 127              	.LFE1:
 129              		.section	.text.lptmr_init,"ax",%progbits
 130              		.align	2
 131              		.global	lptmr_init
 132              		.code	16
 133              		.thumb_func
 135              	lptmr_init:
 136              	.LFB2:
  69:D:/kuaipan/SEMG/MEMS_SEMG_KL25/KL25 Sample Code_I2c/KL25 Sample Code/kl25_sc_rev10/klxx-sc-baremetal/src/drivers/lptmr\lptmr.c **** /*******************************************************************************
  70:D:/kuaipan/SEMG/MEMS_SEMG_KL25/KL25 Sample Code_I2c/KL25 Sample Code/kl25_sc_rev10/klxx-sc-baremetal/src/drivers/lptmr\lptmr.c **** *
  71:D:/kuaipan/SEMG/MEMS_SEMG_KL25/KL25 Sample Code_I2c/KL25 Sample Code/kl25_sc_rev10/klxx-sc-baremetal/src/drivers/lptmr\lptmr.c **** *   PROCEDURE NAME:
  72:D:/kuaipan/SEMG/MEMS_SEMG_KL25/KL25 Sample Code_I2c/KL25 Sample Code/kl25_sc_rev10/klxx-sc-baremetal/src/drivers/lptmr\lptmr.c **** *       lptmr_init -
  73:D:/kuaipan/SEMG/MEMS_SEMG_KL25/KL25 Sample Code_I2c/KL25 Sample Code/kl25_sc_rev10/klxx-sc-baremetal/src/drivers/lptmr\lptmr.c **** *
  74:D:/kuaipan/SEMG/MEMS_SEMG_KL25/KL25 Sample Code_I2c/KL25 Sample Code/kl25_sc_rev10/klxx-sc-baremetal/src/drivers/lptmr\lptmr.c **** *******************************************************************************/
  75:D:/kuaipan/SEMG/MEMS_SEMG_KL25/KL25 Sample Code_I2c/KL25 Sample Code/kl25_sc_rev10/klxx-sc-baremetal/src/drivers/lptmr\lptmr.c **** void lptmr_init(int count, int clock_source)
  76:D:/kuaipan/SEMG/MEMS_SEMG_KL25/KL25 Sample Code_I2c/KL25 Sample Code/kl25_sc_rev10/klxx-sc-baremetal/src/drivers/lptmr\lptmr.c **** {
 137              		.loc 1 76 0
 138              		.cfi_startproc
 139              	.LVL5:
 140 0000 38B5     		push	{r3, r4, r5, lr}
 141              	.LCFI2:
 142              		.cfi_def_cfa_offset 16
 143              		.cfi_offset 3, -16
 144              		.cfi_offset 4, -12
 145              		.cfi_offset 5, -8
 146              		.cfi_offset 14, -4
  77:D:/kuaipan/SEMG/MEMS_SEMG_KL25/KL25 Sample Code_I2c/KL25 Sample Code/kl25_sc_rev10/klxx-sc-baremetal/src/drivers/lptmr\lptmr.c ****     SIM_SCGC5 |= SIM_SCGC5_LPTMR_MASK;
 147              		.loc 1 77 0
 148 0002 174A     		ldr	r2, .L21
 149 0004 174B     		ldr	r3, .L21+4
  76:D:/kuaipan/SEMG/MEMS_SEMG_KL25/KL25 Sample Code_I2c/KL25 Sample Code/kl25_sc_rev10/klxx-sc-baremetal/src/drivers/lptmr\lptmr.c **** {
 150              		.loc 1 76 0
 151 0006 041C     		mov	r4, r0
 152              		.loc 1 77 0
 153 0008 D558     		ldr	r5, [r2, r3]
 154 000a 0120     		mov	r0, #1
 155              	.LVL6:
 156 000c 2843     		orr	r0, r5
 157 000e D050     		str	r0, [r2, r3]
  78:D:/kuaipan/SEMG/MEMS_SEMG_KL25/KL25 Sample Code_I2c/KL25 Sample Code/kl25_sc_rev10/klxx-sc-baremetal/src/drivers/lptmr\lptmr.c **** 
  79:D:/kuaipan/SEMG/MEMS_SEMG_KL25/KL25 Sample Code_I2c/KL25 Sample Code/kl25_sc_rev10/klxx-sc-baremetal/src/drivers/lptmr\lptmr.c ****     LPTMR0_PSR = ( LPTMR_PSR_PRESCALE(0) // 0000 is div 2
  80:D:/kuaipan/SEMG/MEMS_SEMG_KL25/KL25 Sample Code_I2c/KL25 Sample Code/kl25_sc_rev10/klxx-sc-baremetal/src/drivers/lptmr\lptmr.c ****                  | LPTMR_PSR_PBYP_MASK  // LPO feeds directly to LPT
  81:D:/kuaipan/SEMG/MEMS_SEMG_KL25/KL25 Sample Code_I2c/KL25 Sample Code/kl25_sc_rev10/klxx-sc-baremetal/src/drivers/lptmr\lptmr.c ****                  | LPTMR_PSR_PCS(clock_source)) ; // use the choice of clock
 158              		.loc 1 81 0
 159 0010 0322     		mov	r2, #3
 160 0012 0A40     		and	r2, r1
 161 0014 0423     		mov	r3, #4
  79:D:/kuaipan/SEMG/MEMS_SEMG_KL25/KL25 Sample Code_I2c/KL25 Sample Code/kl25_sc_rev10/klxx-sc-baremetal/src/drivers/lptmr\lptmr.c ****     LPTMR0_PSR = ( LPTMR_PSR_PRESCALE(0) // 0000 is div 2
 162              		.loc 1 79 0
 163 0016 144D     		ldr	r5, .L21+8
 164              		.loc 1 81 0
 165 0018 1A43     		orr	r2, r3
  79:D:/kuaipan/SEMG/MEMS_SEMG_KL25/KL25 Sample Code_I2c/KL25 Sample Code/kl25_sc_rev10/klxx-sc-baremetal/src/drivers/lptmr\lptmr.c ****     LPTMR0_PSR = ( LPTMR_PSR_PRESCALE(0) // 0000 is div 2
 166              		.loc 1 79 0
 167 001a 6A60     		str	r2, [r5, #4]
  82:D:/kuaipan/SEMG/MEMS_SEMG_KL25/KL25 Sample Code_I2c/KL25 Sample Code/kl25_sc_rev10/klxx-sc-baremetal/src/drivers/lptmr\lptmr.c ****     if (clock_source== 0)
 168              		.loc 1 82 0
 169 001c 0029     		cmp	r1, #0
 170 001e 13D0     		beq	.L18
  83:D:/kuaipan/SEMG/MEMS_SEMG_KL25/KL25 Sample Code_I2c/KL25 Sample Code/kl25_sc_rev10/klxx-sc-baremetal/src/drivers/lptmr\lptmr.c ****       printf("\n LPTMR Clock source is the MCGIRCLK \n\r");
  84:D:/kuaipan/SEMG/MEMS_SEMG_KL25/KL25 Sample Code_I2c/KL25 Sample Code/kl25_sc_rev10/klxx-sc-baremetal/src/drivers/lptmr\lptmr.c ****     if (clock_source== 1)
 171              		.loc 1 84 0
 172 0020 0129     		cmp	r1, #1
 173 0022 19D0     		beq	.L19
  85:D:/kuaipan/SEMG/MEMS_SEMG_KL25/KL25 Sample Code_I2c/KL25 Sample Code/kl25_sc_rev10/klxx-sc-baremetal/src/drivers/lptmr\lptmr.c ****       printf("\n LPTMR Clock source is the LPOCLK \n\r");
  86:D:/kuaipan/SEMG/MEMS_SEMG_KL25/KL25 Sample Code_I2c/KL25 Sample Code/kl25_sc_rev10/klxx-sc-baremetal/src/drivers/lptmr\lptmr.c ****     if (clock_source== 2)
 174              		.loc 1 86 0
 175 0024 0229     		cmp	r1, #2
 176 0026 13D0     		beq	.L20
  87:D:/kuaipan/SEMG/MEMS_SEMG_KL25/KL25 Sample Code_I2c/KL25 Sample Code/kl25_sc_rev10/klxx-sc-baremetal/src/drivers/lptmr\lptmr.c ****       printf("\n LPTMR Clock source is the ERCLK32 \n\r");
  88:D:/kuaipan/SEMG/MEMS_SEMG_KL25/KL25 Sample Code_I2c/KL25 Sample Code/kl25_sc_rev10/klxx-sc-baremetal/src/drivers/lptmr\lptmr.c ****     if (clock_source== 3)
 177              		.loc 1 88 0
 178 0028 0329     		cmp	r1, #3
 179 002a 02D1     		bne	.L15
  89:D:/kuaipan/SEMG/MEMS_SEMG_KL25/KL25 Sample Code_I2c/KL25 Sample Code/kl25_sc_rev10/klxx-sc-baremetal/src/drivers/lptmr\lptmr.c ****       printf("\n LPTMR Clock source is the OSCERCLK \n\r");
 180              		.loc 1 89 0
 181 002c 0F48     		ldr	r0, .L21+12
 182 002e FFF7FEFF 		bl	printf
 183              	.LVL7:
 184              	.L15:
  90:D:/kuaipan/SEMG/MEMS_SEMG_KL25/KL25 Sample Code_I2c/KL25 Sample Code/kl25_sc_rev10/klxx-sc-baremetal/src/drivers/lptmr\lptmr.c ****              
  91:D:/kuaipan/SEMG/MEMS_SEMG_KL25/KL25 Sample Code_I2c/KL25 Sample Code/kl25_sc_rev10/klxx-sc-baremetal/src/drivers/lptmr\lptmr.c ****     LPTMR0_CMR = LPTMR_CMR_COMPARE(count);  //Set compare value
 185              		.loc 1 91 0
 186 0032 0D48     		ldr	r0, .L21+8
 187 0034 2104     		lsl	r1, r4, #16
 188 0036 0C0C     		lsr	r4, r1, #16
 189              	.LVL8:
  92:D:/kuaipan/SEMG/MEMS_SEMG_KL25/KL25 Sample Code_I2c/KL25 Sample Code/kl25_sc_rev10/klxx-sc-baremetal/src/drivers/lptmr\lptmr.c **** 
  93:D:/kuaipan/SEMG/MEMS_SEMG_KL25/KL25 Sample Code_I2c/KL25 Sample Code/kl25_sc_rev10/klxx-sc-baremetal/src/drivers/lptmr\lptmr.c ****     LPTMR0_CSR =(  LPTMR_CSR_TCF_MASK   // Clear any pending interrupt
 190              		.loc 1 93 0
 191 0038 C022     		mov	r2, #192
  91:D:/kuaipan/SEMG/MEMS_SEMG_KL25/KL25 Sample Code_I2c/KL25 Sample Code/kl25_sc_rev10/klxx-sc-baremetal/src/drivers/lptmr\lptmr.c ****     LPTMR0_CMR = LPTMR_CMR_COMPARE(count);  //Set compare value
 192              		.loc 1 91 0
 193 003a 8460     		str	r4, [r0, #8]
 194              		.loc 1 93 0
 195 003c 0260     		str	r2, [r0]
  94:D:/kuaipan/SEMG/MEMS_SEMG_KL25/KL25 Sample Code_I2c/KL25 Sample Code/kl25_sc_rev10/klxx-sc-baremetal/src/drivers/lptmr\lptmr.c ****                  | LPTMR_CSR_TIE_MASK   // LPT interrupt enabled
  95:D:/kuaipan/SEMG/MEMS_SEMG_KL25/KL25 Sample Code_I2c/KL25 Sample Code/kl25_sc_rev10/klxx-sc-baremetal/src/drivers/lptmr\lptmr.c ****                  | LPTMR_CSR_TPS(0)     //TMR pin select
  96:D:/kuaipan/SEMG/MEMS_SEMG_KL25/KL25 Sample Code_I2c/KL25 Sample Code/kl25_sc_rev10/klxx-sc-baremetal/src/drivers/lptmr\lptmr.c ****                  |!LPTMR_CSR_TPP_MASK   //TMR Pin polarity
  97:D:/kuaipan/SEMG/MEMS_SEMG_KL25/KL25 Sample Code_I2c/KL25 Sample Code/kl25_sc_rev10/klxx-sc-baremetal/src/drivers/lptmr\lptmr.c ****                  |!LPTMR_CSR_TFC_MASK   // Timer Free running counter is reset whenever TMR counter
  98:D:/kuaipan/SEMG/MEMS_SEMG_KL25/KL25 Sample Code_I2c/KL25 Sample Code/kl25_sc_rev10/klxx-sc-baremetal/src/drivers/lptmr\lptmr.c ****                  |!LPTMR_CSR_TMS_MASK   //LPTMR0 as Timer
  99:D:/kuaipan/SEMG/MEMS_SEMG_KL25/KL25 Sample Code_I2c/KL25 Sample Code/kl25_sc_rev10/klxx-sc-baremetal/src/drivers/lptmr\lptmr.c ****                 );
 100:D:/kuaipan/SEMG/MEMS_SEMG_KL25/KL25 Sample Code_I2c/KL25 Sample Code/kl25_sc_rev10/klxx-sc-baremetal/src/drivers/lptmr\lptmr.c ****     LPTMR0_CSR |= LPTMR_CSR_TEN_MASK;   //Turn on LPT and start counting
 196              		.loc 1 100 0
 197 003e 0368     		ldr	r3, [r0]
 198 0040 0125     		mov	r5, #1
 199 0042 1D43     		orr	r5, r3
 200 0044 0560     		str	r5, [r0]
 101:D:/kuaipan/SEMG/MEMS_SEMG_KL25/KL25 Sample Code_I2c/KL25 Sample Code/kl25_sc_rev10/klxx-sc-baremetal/src/drivers/lptmr\lptmr.c **** }
 201              		.loc 1 101 0
 202              		@ sp needed for prologue
 203 0046 38BD     		pop	{r3, r4, r5, pc}
 204              	.LVL9:
 205              	.L18:
  83:D:/kuaipan/SEMG/MEMS_SEMG_KL25/KL25 Sample Code_I2c/KL25 Sample Code/kl25_sc_rev10/klxx-sc-baremetal/src/drivers/lptmr\lptmr.c ****       printf("\n LPTMR Clock source is the MCGIRCLK \n\r");
 206              		.loc 1 83 0
 207 0048 0948     		ldr	r0, .L21+16
 208 004a FFF7FEFF 		bl	printf
 209              	.LVL10:
 210 004e F0E7     		b	.L15
 211              	.LVL11:
 212              	.L20:
  87:D:/kuaipan/SEMG/MEMS_SEMG_KL25/KL25 Sample Code_I2c/KL25 Sample Code/kl25_sc_rev10/klxx-sc-baremetal/src/drivers/lptmr\lptmr.c ****       printf("\n LPTMR Clock source is the ERCLK32 \n\r");
 213              		.loc 1 87 0
 214 0050 0848     		ldr	r0, .L21+20
 215 0052 FFF7FEFF 		bl	printf
 216              	.LVL12:
 217 0056 ECE7     		b	.L15
 218              	.LVL13:
 219              	.L19:
  85:D:/kuaipan/SEMG/MEMS_SEMG_KL25/KL25 Sample Code_I2c/KL25 Sample Code/kl25_sc_rev10/klxx-sc-baremetal/src/drivers/lptmr\lptmr.c ****       printf("\n LPTMR Clock source is the LPOCLK \n\r");
 220              		.loc 1 85 0
 221 0058 0748     		ldr	r0, .L21+24
 222 005a FFF7FEFF 		bl	printf
 223              	.LVL14:
 224 005e E8E7     		b	.L15
 225              	.L22:
 226              		.align	2
 227              	.L21:
 228 0060 00700440 		.word	1074032640
 229 0064 38100000 		.word	4152
 230 0068 00000440 		.word	1074003968
 231 006c 94000000 		.word	.LC8
 232 0070 1C000000 		.word	.LC2
 233 0074 6C000000 		.word	.LC6
 234 0078 44000000 		.word	.LC4
 235              		.cfi_endproc
 236              	.LFE2:
 238              		.section	.rodata.str1.4,"aMS",%progbits,1
 239              		.align	2
 240              	.LC0:
 241 0000 0A2A2A2A 		.ascii	"\012****LPT ISR entered*****\015\000"
 241      2A4C5054 
 241      20495352 
 241      20656E74 
 241      65726564 
 242 001b 00       		.space	1
 243              	.LC2:
 244 001c 0A204C50 		.ascii	"\012 LPTMR Clock source is the MCGIRCLK \012\015\000"
 244      544D5220 
 244      436C6F63 
 244      6B20736F 
 244      75726365 
 245              	.LC4:
 246 0044 0A204C50 		.ascii	"\012 LPTMR Clock source is the LPOCLK \012\015\000"
 246      544D5220 
 246      436C6F63 
 246      6B20736F 
 246      75726365 
 247 006a 0000     		.space	2
 248              	.LC6:
 249 006c 0A204C50 		.ascii	"\012 LPTMR Clock source is the ERCLK32 \012\015\000"
 249      544D5220 
 249      436C6F63 
 249      6B20736F 
 249      75726365 
 250 0093 00       		.space	1
 251              	.LC8:
 252 0094 0A204C50 		.ascii	"\012 LPTMR Clock source is the OSCERCLK \012\015\000"
 252      544D5220 
 252      436C6F63 
 252      6B20736F 
 252      75726365 
 253              		.text
 254              	.Letext0:
 255              		.file 2 "E:/Freescale/CW MCU v10.5/MCU/ARM_GCC_Support/ewl/EWL_C/include/cstdint"
 256              		.file 3 "D:/kuaipan/SEMG/MEMS_SEMG_KL25/KL25 Sample Code_I2c/KL25 Sample Code/kl25_sc_rev10/klxx-s
DEFINED SYMBOLS
                            *ABS*:00000000 lptmr.c
C:\Users\lab\AppData\Local\Temp\ccahVj9a.s:18     .text.time_delay_ms:00000000 $t
C:\Users\lab\AppData\Local\Temp\ccahVj9a.s:23     .text.time_delay_ms:00000000 time_delay_ms
C:\Users\lab\AppData\Local\Temp\ccahVj9a.s:81     .text.time_delay_ms:00000038 $d
C:\Users\lab\AppData\Local\Temp\ccahVj9a.s:88     .text.lptmr_isr:00000000 $t
C:\Users\lab\AppData\Local\Temp\ccahVj9a.s:93     .text.lptmr_isr:00000000 lptmr_isr
C:\Users\lab\AppData\Local\Temp\ccahVj9a.s:124    .text.lptmr_isr:00000018 $d
C:\Users\lab\AppData\Local\Temp\ccahVj9a.s:130    .text.lptmr_init:00000000 $t
C:\Users\lab\AppData\Local\Temp\ccahVj9a.s:135    .text.lptmr_init:00000000 lptmr_init
C:\Users\lab\AppData\Local\Temp\ccahVj9a.s:228    .text.lptmr_init:00000060 $d
C:\Users\lab\AppData\Local\Temp\ccahVj9a.s:239    .rodata.str1.4:00000000 $d
                     .debug_frame:00000010 $d

UNDEFINED SYMBOLS
puts
printf
