D:\kuaipan\SEMG\libusb\USB_DriverBulk\Release\cl.command.1.tlog
D:\kuaipan\SEMG\libusb\USB_DriverBulk\Release\CL.read.1.tlog
D:\kuaipan\SEMG\libusb\USB_DriverBulk\Release\CL.write.1.tlog
D:\KUAIPAN\SEMG\LIBUSB\USB_DRIVERBULK\RELEASE\DLLMAIN.OBJ
D:\kuaipan\SEMG\libusb\USB_DriverBulk\Release\link.command.1.tlog
D:\kuaipan\SEMG\libusb\USB_DriverBulk\Release\link.read.1.tlog
D:\kuaipan\SEMG\libusb\USB_DriverBulk\Release\link.write.1.tlog
D:\kuaipan\SEMG\libusb\USB_DriverBulk\Release\mt.command.1.tlog
D:\kuaipan\SEMG\libusb\USB_DriverBulk\Release\mt.read.1.tlog
D:\kuaipan\SEMG\libusb\USB_DriverBulk\Release\mt.write.1.tlog
D:\KUAIPAN\SEMG\LIBUSB\USB_DRIVERBULK\RELEASE\STDAFX.OBJ
D:\KUAIPAN\SEMG\LIBUSB\USB_DRIVERBULK\RELEASE\USB_DRIVER.DLL
D:\KUAIPAN\SEMG\LIBUSB\USB_DRIVERBULK\RELEASE\USB_DRIVER.DLL.INTERMEDIATE.MANIFEST
D:\kuaipan\SEMG\libusb\USB_DriverBulk\Release\USB_Driver.exp
D:\kuaipan\SEMG\libusb\USB_DriverBulk\Release\USB_Driver.lib
D:\KUAIPAN\SEMG\LIBUSB\USB_DRIVERBULK\RELEASE\USB_DRIVER.OBJ
D:\KUAIPAN\SEMG\LIBUSB\USB_DRIVERBULK\RELEASE\USB_DRIVER.PCH
D:\KUAIPAN\SEMG\LIBUSB\USB_DRIVERBULK\RELEASE\USB_DRIVER.PDB
D:\kuaipan\SEMG\libusb\USB_DriverBulk\Release\USB_Driver.write.1.tlog
D:\KUAIPAN\SEMG\LIBUSB\USB_DRIVERBULK\RELEASE\VC100.PDB
